ARM GAS  C:\Users\manko\AppData\Local\Temp\cc52FHRR.s 			page 1


   1              		.syntax unified
   2              		.cpu cortex-m0
   3              		.fpu softvfp
   4              		.eabi_attribute 20, 1
   5              		.eabi_attribute 21, 1
   6              		.eabi_attribute 23, 3
   7              		.eabi_attribute 24, 1
   8              		.eabi_attribute 25, 1
   9              		.eabi_attribute 26, 1
  10              		.eabi_attribute 30, 1
  11              		.eabi_attribute 34, 0
  12              		.eabi_attribute 18, 4
  13              		.thumb
  14              		.syntax unified
  15              		.file	"algorithm.c"
  16              		.text
  17              	.Ltext0:
  18              		.cfi_sections	.debug_frame
  19              		.section	.text.Timer_Handler,"ax",%progbits
  20              		.align	2
  21              		.global	Timer_Handler
  22              		.code	16
  23              		.thumb_func
  24              		.type	Timer_Handler, %function
  25              	Timer_Handler:
  26              	.LFB34:
  27              		.file 1 "algorithm.c"
   1:algorithm.c   **** #include "lab.h"
   2:algorithm.c   **** 
   3:algorithm.c   **** volatile uint8 time = 0;
   4:algorithm.c   **** volatile uint8 direction = 0;
   5:algorithm.c   **** volatile uint8 speed = 0;
   6:algorithm.c   **** 
   7:algorithm.c   **** uint8 value_PWM = 0;
   8:algorithm.c   **** 
   9:algorithm.c   **** uint8 set_pwm(void);
  10:algorithm.c   **** 
  11:algorithm.c   **** extern void(*stage_list[])();
  12:algorithm.c   **** 
  13:algorithm.c   **** const int ROTOR_STAGES_NUMBER = 8;
  14:algorithm.c   **** const int BACK_BUTTON = 2;
  15:algorithm.c   **** const int STOP_FORWARD_BUTTON = 1;
  16:algorithm.c   **** const int ADD_VALUE = 10;
  17:algorithm.c   **** const int SUBSTRACT_VALUE = 10;
  18:algorithm.c   **** const int MAX_SPEED_VALUE = 190;
  19:algorithm.c   **** const int MIN_SPEED_VALUE = 10;
  20:algorithm.c   **** const float MAX_ENCODER_VALUE = 10;
  21:algorithm.c   **** const float MIN_ENCODER_VALUE = 1;
  22:algorithm.c   **** const int MAX_SPEED = 2000;
  23:algorithm.c   **** char stage_rotor[8]={0b0011,0b0010,0b0110,0b0100,0b1100,0b1000,0b1001,0b0001};
  24:algorithm.c   **** 
  25:algorithm.c   **** CY_ISR(Timer_Handler){
  28              		.loc 1 25 0
  29              		.cfi_startproc
  30              		@ args = 0, pretend = 0, frame = 0
  31              		@ frame_needed = 0, uses_anonymous_args = 0
  32 0000 10B5     		push	{r4, lr}
ARM GAS  C:\Users\manko\AppData\Local\Temp\cc52FHRR.s 			page 2


  33              		.cfi_def_cfa_offset 8
  34              		.cfi_offset 4, -8
  35              		.cfi_offset 14, -4
  26:algorithm.c   ****     time++;
  36              		.loc 1 26 0
  37 0002 074A     		ldr	r2, .L3
  38 0004 1378     		ldrb	r3, [r2]
  39 0006 0133     		adds	r3, r3, #1
  40 0008 DBB2     		uxtb	r3, r3
  41 000a 1370     		strb	r3, [r2]
  27:algorithm.c   ****     if(ROTOR_STAGES_NUMBER == time){
  42              		.loc 1 27 0
  43 000c 1378     		ldrb	r3, [r2]
  44 000e 082B     		cmp	r3, #8
  45 0010 02D1     		bne	.L2
  28:algorithm.c   ****             time = 0;
  46              		.loc 1 28 0
  47 0012 0022     		movs	r2, #0
  48 0014 024B     		ldr	r3, .L3
  49 0016 1A70     		strb	r2, [r3]
  50              	.L2:
  29:algorithm.c   ****     }
  30:algorithm.c   ****     Timer_ClearInterrupt(Timer_INTR_MASK_TC);
  51              		.loc 1 30 0
  52 0018 0120     		movs	r0, #1
  53 001a FFF7FEFF 		bl	Timer_ClearInterrupt
  54              	.LVL0:
  31:algorithm.c   **** }
  55              		.loc 1 31 0
  56              		@ sp needed
  57 001e 10BD     		pop	{r4, pc}
  58              	.L4:
  59              		.align	2
  60              	.L3:
  61 0020 00000000 		.word	.LANCHOR0
  62              		.cfi_endproc
  63              	.LFE34:
  64              		.size	Timer_Handler, .-Timer_Handler
  65              		.section	.text.SW_1_Handler,"ax",%progbits
  66              		.align	2
  67              		.global	SW_1_Handler
  68              		.code	16
  69              		.thumb_func
  70              		.type	SW_1_Handler, %function
  71              	SW_1_Handler:
  72              	.LFB35:
  32:algorithm.c   **** 
  33:algorithm.c   **** CY_ISR(SW_1_Handler){
  73              		.loc 1 33 0
  74              		.cfi_startproc
  75              		@ args = 0, pretend = 0, frame = 0
  76              		@ frame_needed = 0, uses_anonymous_args = 0
  77 0000 10B5     		push	{r4, lr}
  78              		.cfi_def_cfa_offset 8
  79              		.cfi_offset 4, -8
  80              		.cfi_offset 14, -4
  34:algorithm.c   ****     direction = !direction;
ARM GAS  C:\Users\manko\AppData\Local\Temp\cc52FHRR.s 			page 3


  81              		.loc 1 34 0
  82 0002 044A     		ldr	r2, .L6
  83 0004 5378     		ldrb	r3, [r2, #1]
  84 0006 5942     		rsbs	r1, r3, #0
  85 0008 4B41     		adcs	r3, r3, r1
  86 000a DBB2     		uxtb	r3, r3
  87 000c 5370     		strb	r3, [r2, #1]
  35:algorithm.c   ****     SW_1_ClearInterrupt();
  88              		.loc 1 35 0
  89 000e FFF7FEFF 		bl	SW_1_ClearInterrupt
  90              	.LVL1:
  36:algorithm.c   **** }
  91              		.loc 1 36 0
  92              		@ sp needed
  93 0012 10BD     		pop	{r4, pc}
  94              	.L7:
  95              		.align	2
  96              	.L6:
  97 0014 00000000 		.word	.LANCHOR0
  98              		.cfi_endproc
  99              	.LFE35:
 100              		.size	SW_1_Handler, .-SW_1_Handler
 101              		.section	.text.SW_2_Handler,"ax",%progbits
 102              		.align	2
 103              		.global	SW_2_Handler
 104              		.code	16
 105              		.thumb_func
 106              		.type	SW_2_Handler, %function
 107              	SW_2_Handler:
 108              	.LFB36:
  37:algorithm.c   **** 
  38:algorithm.c   **** CY_ISR(SW_2_Handler){
 109              		.loc 1 38 0
 110              		.cfi_startproc
 111              		@ args = 0, pretend = 0, frame = 0
 112              		@ frame_needed = 0, uses_anonymous_args = 0
 113 0000 10B5     		push	{r4, lr}
 114              		.cfi_def_cfa_offset 8
 115              		.cfi_offset 4, -8
 116              		.cfi_offset 14, -4
  39:algorithm.c   ****     direction = BACK_BUTTON;
 117              		.loc 1 39 0
 118 0002 0222     		movs	r2, #2
 119 0004 024B     		ldr	r3, .L9
 120 0006 5A70     		strb	r2, [r3, #1]
  40:algorithm.c   ****     SW_2_ClearInterrupt();
 121              		.loc 1 40 0
 122 0008 FFF7FEFF 		bl	SW_2_ClearInterrupt
 123              	.LVL2:
  41:algorithm.c   **** }
 124              		.loc 1 41 0
 125              		@ sp needed
 126 000c 10BD     		pop	{r4, pc}
 127              	.L10:
 128 000e C046     		.align	2
 129              	.L9:
 130 0010 00000000 		.word	.LANCHOR0
ARM GAS  C:\Users\manko\AppData\Local\Temp\cc52FHRR.s 			page 4


 131              		.cfi_endproc
 132              	.LFE36:
 133              		.size	SW_2_Handler, .-SW_2_Handler
 134              		.section	.text.SW_3_Handler,"ax",%progbits
 135              		.align	2
 136              		.global	SW_3_Handler
 137              		.code	16
 138              		.thumb_func
 139              		.type	SW_3_Handler, %function
 140              	SW_3_Handler:
 141              	.LFB37:
  42:algorithm.c   **** 
  43:algorithm.c   **** CY_ISR(SW_3_Handler){
 142              		.loc 1 43 0
 143              		.cfi_startproc
 144              		@ args = 0, pretend = 0, frame = 0
 145              		@ frame_needed = 0, uses_anonymous_args = 0
 146 0000 10B5     		push	{r4, lr}
 147              		.cfi_def_cfa_offset 8
 148              		.cfi_offset 4, -8
 149              		.cfi_offset 14, -4
  44:algorithm.c   ****     if (speed >= MIN_SPEED_VALUE){
 150              		.loc 1 44 0
 151 0002 064B     		ldr	r3, .L13
 152 0004 9B78     		ldrb	r3, [r3, #2]
 153 0006 DBB2     		uxtb	r3, r3
 154 0008 092B     		cmp	r3, #9
 155 000a 04DD     		ble	.L12
  45:algorithm.c   ****         speed -= SUBSTRACT_VALUE;
 156              		.loc 1 45 0
 157 000c 034A     		ldr	r2, .L13
 158 000e 9378     		ldrb	r3, [r2, #2]
 159 0010 0A3B     		subs	r3, r3, #10
 160 0012 DBB2     		uxtb	r3, r3
 161 0014 9370     		strb	r3, [r2, #2]
 162              	.L12:
  46:algorithm.c   ****     } 
  47:algorithm.c   ****     SW_3_ClearInterrupt();
 163              		.loc 1 47 0
 164 0016 FFF7FEFF 		bl	SW_3_ClearInterrupt
 165              	.LVL3:
  48:algorithm.c   **** }
 166              		.loc 1 48 0
 167              		@ sp needed
 168 001a 10BD     		pop	{r4, pc}
 169              	.L14:
 170              		.align	2
 171              	.L13:
 172 001c 00000000 		.word	.LANCHOR0
 173              		.cfi_endproc
 174              	.LFE37:
 175              		.size	SW_3_Handler, .-SW_3_Handler
 176              		.section	.text.SW_4_Handler,"ax",%progbits
 177              		.align	2
 178              		.global	SW_4_Handler
 179              		.code	16
 180              		.thumb_func
ARM GAS  C:\Users\manko\AppData\Local\Temp\cc52FHRR.s 			page 5


 181              		.type	SW_4_Handler, %function
 182              	SW_4_Handler:
 183              	.LFB38:
  49:algorithm.c   **** 
  50:algorithm.c   **** CY_ISR(SW_4_Handler){
 184              		.loc 1 50 0
 185              		.cfi_startproc
 186              		@ args = 0, pretend = 0, frame = 0
 187              		@ frame_needed = 0, uses_anonymous_args = 0
 188 0000 10B5     		push	{r4, lr}
 189              		.cfi_def_cfa_offset 8
 190              		.cfi_offset 4, -8
 191              		.cfi_offset 14, -4
  51:algorithm.c   ****     if (speed <= MAX_SPEED_VALUE){
 192              		.loc 1 51 0
 193 0002 064B     		ldr	r3, .L17
 194 0004 9B78     		ldrb	r3, [r3, #2]
 195 0006 DBB2     		uxtb	r3, r3
 196 0008 BE2B     		cmp	r3, #190
 197 000a 04DC     		bgt	.L16
  52:algorithm.c   ****         speed += ADD_VALUE;
 198              		.loc 1 52 0
 199 000c 034A     		ldr	r2, .L17
 200 000e 9378     		ldrb	r3, [r2, #2]
 201 0010 0A33     		adds	r3, r3, #10
 202 0012 DBB2     		uxtb	r3, r3
 203 0014 9370     		strb	r3, [r2, #2]
 204              	.L16:
  53:algorithm.c   ****     } 
  54:algorithm.c   ****     SW_4_ClearInterrupt();
 205              		.loc 1 54 0
 206 0016 FFF7FEFF 		bl	SW_4_ClearInterrupt
 207              	.LVL4:
  55:algorithm.c   **** }
 208              		.loc 1 55 0
 209              		@ sp needed
 210 001a 10BD     		pop	{r4, pc}
 211              	.L18:
 212              		.align	2
 213              	.L17:
 214 001c 00000000 		.word	.LANCHOR0
 215              		.cfi_endproc
 216              	.LFE38:
 217              		.size	SW_4_Handler, .-SW_4_Handler
 218              		.section	.text.algorithm_init,"ax",%progbits
 219              		.align	2
 220              		.global	algorithm_init
 221              		.code	16
 222              		.thumb_func
 223              		.type	algorithm_init, %function
 224              	algorithm_init:
 225              	.LFB39:
  56:algorithm.c   **** 
  57:algorithm.c   **** void algorithm_init(void){
 226              		.loc 1 57 0
 227              		.cfi_startproc
 228              		@ args = 0, pretend = 0, frame = 0
ARM GAS  C:\Users\manko\AppData\Local\Temp\cc52FHRR.s 			page 6


 229              		@ frame_needed = 0, uses_anonymous_args = 0
 230 0000 10B5     		push	{r4, lr}
 231              		.cfi_def_cfa_offset 8
 232              		.cfi_offset 4, -8
 233              		.cfi_offset 14, -4
  58:algorithm.c   ****     Timer_Start();
 234              		.loc 1 58 0
 235 0002 FFF7FEFF 		bl	Timer_Start
 236              	.LVL5:
  59:algorithm.c   ****     PWM_Start();
 237              		.loc 1 59 0
 238 0006 FFF7FEFF 		bl	PWM_Start
 239              	.LVL6:
  60:algorithm.c   ****     Timer_Int_StartEx(Timer_Handler);
 240              		.loc 1 60 0
 241 000a 0848     		ldr	r0, .L20
 242 000c FFF7FEFF 		bl	Timer_Int_StartEx
 243              	.LVL7:
  61:algorithm.c   ****     SW_Int_1_StartEx(SW_1_Handler);
 244              		.loc 1 61 0
 245 0010 0748     		ldr	r0, .L20+4
 246 0012 FFF7FEFF 		bl	SW_Int_1_StartEx
 247              	.LVL8:
  62:algorithm.c   ****     SW_Int_2_StartEx(SW_2_Handler);
 248              		.loc 1 62 0
 249 0016 0748     		ldr	r0, .L20+8
 250 0018 FFF7FEFF 		bl	SW_Int_2_StartEx
 251              	.LVL9:
  63:algorithm.c   ****     SW_Int_3_StartEx(SW_3_Handler);
 252              		.loc 1 63 0
 253 001c 0648     		ldr	r0, .L20+12
 254 001e FFF7FEFF 		bl	SW_Int_3_StartEx
 255              	.LVL10:
  64:algorithm.c   ****     SW_Int_4_StartEx(SW_4_Handler);
 256              		.loc 1 64 0
 257 0022 0648     		ldr	r0, .L20+16
 258 0024 FFF7FEFF 		bl	SW_Int_4_StartEx
 259              	.LVL11:
  65:algorithm.c   **** }
 260              		.loc 1 65 0
 261              		@ sp needed
 262 0028 10BD     		pop	{r4, pc}
 263              	.L21:
 264 002a C046     		.align	2
 265              	.L20:
 266 002c 00000000 		.word	Timer_Handler
 267 0030 00000000 		.word	SW_1_Handler
 268 0034 00000000 		.word	SW_2_Handler
 269 0038 00000000 		.word	SW_3_Handler
 270 003c 00000000 		.word	SW_4_Handler
 271              		.cfi_endproc
 272              	.LFE39:
 273              		.size	algorithm_init, .-algorithm_init
 274              		.section	.text.encoder_start,"ax",%progbits
 275              		.align	2
 276              		.global	encoder_start
 277              		.code	16
ARM GAS  C:\Users\manko\AppData\Local\Temp\cc52FHRR.s 			page 7


 278              		.thumb_func
 279              		.type	encoder_start, %function
 280              	encoder_start:
 281              	.LFB40:
  66:algorithm.c   **** 
  67:algorithm.c   **** void encoder_start(void){
 282              		.loc 1 67 0
 283              		.cfi_startproc
 284              		@ args = 0, pretend = 0, frame = 0
 285              		@ frame_needed = 0, uses_anonymous_args = 0
 286 0000 10B5     		push	{r4, lr}
 287              		.cfi_def_cfa_offset 8
 288              		.cfi_offset 4, -8
 289              		.cfi_offset 14, -4
  68:algorithm.c   ****     QuadDec_Start();
 290              		.loc 1 68 0
 291 0002 FFF7FEFF 		bl	QuadDec_Start
 292              	.LVL12:
  69:algorithm.c   ****     QuadDec_WriteCounter(0);
 293              		.loc 1 69 0
 294 0006 0020     		movs	r0, #0
 295 0008 FFF7FEFF 		bl	QuadDec_WriteCounter
 296              	.LVL13:
  70:algorithm.c   **** }
 297              		.loc 1 70 0
 298              		@ sp needed
 299 000c 10BD     		pop	{r4, pc}
 300              		.cfi_endproc
 301              	.LFE40:
 302              		.size	encoder_start, .-encoder_start
 303              		.global	__aeabi_i2f
 304              		.global	__aeabi_fcmpgt
 305              		.global	__aeabi_fcmplt
 306 000e C046     		.section	.text.set_pwm,"ax",%progbits
 307              		.align	2
 308              		.global	set_pwm
 309              		.code	16
 310              		.thumb_func
 311              		.type	set_pwm, %function
 312              	set_pwm:
 313              	.LFB41:
  71:algorithm.c   **** 
  72:algorithm.c   **** uint8 set_pwm(void){
 314              		.loc 1 72 0
 315              		.cfi_startproc
 316              		@ args = 0, pretend = 0, frame = 0
 317              		@ frame_needed = 0, uses_anonymous_args = 0
 318 0000 70B5     		push	{r4, r5, r6, lr}
 319              		.cfi_def_cfa_offset 16
 320              		.cfi_offset 4, -16
 321              		.cfi_offset 5, -12
 322              		.cfi_offset 6, -8
 323              		.cfi_offset 14, -4
 324              	.LVL14:
  73:algorithm.c   ****     uint8 value_encoder = 0;
  74:algorithm.c   ****     value_encoder = QuadDec_ReadCounter();
 325              		.loc 1 74 0
ARM GAS  C:\Users\manko\AppData\Local\Temp\cc52FHRR.s 			page 8


 326 0002 FFF7FEFF 		bl	QuadDec_ReadCounter
 327              	.LVL15:
 328 0006 C4B2     		uxtb	r4, r0
 329              	.LVL16:
  75:algorithm.c   ****     if (value_encoder > MAX_ENCODER_VALUE){
 330              		.loc 1 75 0
 331 0008 FF23     		movs	r3, #255
 332 000a 1840     		ands	r0, r3
 333 000c FFF7FEFF 		bl	__aeabi_i2f
 334              	.LVL17:
 335 0010 051C     		adds	r5, r0, #0
 336 0012 0A49     		ldr	r1, .L27
 337 0014 FFF7FEFF 		bl	__aeabi_fcmpgt
 338              	.LVL18:
 339 0018 0028     		cmp	r0, #0
 340 001a 07D1     		bne	.L25
  76:algorithm.c   ****         value_encoder = MAX_ENCODER_VALUE;
  77:algorithm.c   ****     } else 
  78:algorithm.c   ****     if (value_encoder <MIN_ENCODER_VALUE){
 341              		.loc 1 78 0
 342 001c FE21     		movs	r1, #254
 343 001e 8905     		lsls	r1, r1, #22
 344 0020 281C     		adds	r0, r5, #0
 345 0022 FFF7FEFF 		bl	__aeabi_fcmplt
 346              	.LVL19:
 347 0026 0028     		cmp	r0, #0
 348 0028 03D0     		beq	.L24
 349 002a 01E0     		b	.L26
 350              	.L25:
  76:algorithm.c   ****         value_encoder = MAX_ENCODER_VALUE;
 351              		.loc 1 76 0
 352 002c 0A24     		movs	r4, #10
 353              	.LVL20:
 354 002e 00E0     		b	.L24
 355              	.LVL21:
 356              	.L26:
  79:algorithm.c   ****         value_encoder = MIN_ENCODER_VALUE;   
 357              		.loc 1 79 0
 358 0030 0124     		movs	r4, #1
 359              	.LVL22:
 360              	.L24:
  80:algorithm.c   ****     }  
  81:algorithm.c   ****     QuadDec_WriteCounter(value_encoder);
 361              		.loc 1 81 0
 362 0032 2000     		movs	r0, r4
 363 0034 FFF7FEFF 		bl	QuadDec_WriteCounter
 364              	.LVL23:
  82:algorithm.c   ****     return value_encoder;
  83:algorithm.c   **** }
 365              		.loc 1 83 0
 366 0038 2000     		movs	r0, r4
 367              		@ sp needed
 368              	.LVL24:
 369 003a 70BD     		pop	{r4, r5, r6, pc}
 370              	.L28:
 371              		.align	2
 372              	.L27:
ARM GAS  C:\Users\manko\AppData\Local\Temp\cc52FHRR.s 			page 9


 373 003c 00002041 		.word	1092616192
 374              		.cfi_endproc
 375              	.LFE41:
 376              		.size	set_pwm, .-set_pwm
 377              		.section	.text.back_forward_movement,"ax",%progbits
 378              		.align	2
 379              		.global	back_forward_movement
 380              		.code	16
 381              		.thumb_func
 382              		.type	back_forward_movement, %function
 383              	back_forward_movement:
 384              	.LFB42:
  84:algorithm.c   **** 
  85:algorithm.c   **** void back_forward_movement(){
 385              		.loc 1 85 0
 386              		.cfi_startproc
 387              		@ args = 0, pretend = 0, frame = 0
 388              		@ frame_needed = 0, uses_anonymous_args = 0
 389 0000 10B5     		push	{r4, lr}
 390              		.cfi_def_cfa_offset 8
 391              		.cfi_offset 4, -8
 392              		.cfi_offset 14, -4
  86:algorithm.c   ****     if(speed || direction){
 393              		.loc 1 86 0
 394 0002 154B     		ldr	r3, .L34
 395 0004 9B78     		ldrb	r3, [r3, #2]
 396 0006 002B     		cmp	r3, #0
 397 0008 03D1     		bne	.L30
 398              		.loc 1 86 0 is_stmt 0 discriminator 1
 399 000a 134B     		ldr	r3, .L34
 400 000c 5B78     		ldrb	r3, [r3, #1]
 401 000e 002B     		cmp	r3, #0
 402 0010 21D0     		beq	.L29
 403              	.L30:
  87:algorithm.c   ****         Timer_WritePeriod(MAX_SPEED - (speed*10));
 404              		.loc 1 87 0 is_stmt 1
 405 0012 114C     		ldr	r4, .L34
 406 0014 A378     		ldrb	r3, [r4, #2]
 407 0016 0A20     		movs	r0, #10
 408 0018 4042     		rsbs	r0, r0, #0
 409 001a 5843     		muls	r0, r3
 410 001c FA23     		movs	r3, #250
 411 001e DB00     		lsls	r3, r3, #3
 412 0020 9C46     		mov	ip, r3
 413 0022 6044     		add	r0, r0, ip
 414 0024 FFF7FEFF 		bl	Timer_WritePeriod
 415              	.LVL25:
  88:algorithm.c   ****         switch(direction){            case 1:
 416              		.loc 1 88 0
 417 0028 6378     		ldrb	r3, [r4, #1]
 418 002a DBB2     		uxtb	r3, r3
 419 002c 012B     		cmp	r3, #1
 420 002e 02D0     		beq	.L32
 421 0030 022B     		cmp	r3, #2
 422 0032 09D0     		beq	.L33
 423 0034 0FE0     		b	.L29
 424              	.L32:
ARM GAS  C:\Users\manko\AppData\Local\Temp\cc52FHRR.s 			page 10


  89:algorithm.c   ****                 Rotor_Write(stage_rotor[ROTOR_STAGES_NUMBER-time]);
 425              		.loc 1 89 0
 426 0036 084B     		ldr	r3, .L34
 427 0038 1A78     		ldrb	r2, [r3]
 428 003a 0823     		movs	r3, #8
 429 003c 9B1A     		subs	r3, r3, r2
 430 003e 074A     		ldr	r2, .L34+4
 431 0040 D05C     		ldrb	r0, [r2, r3]
 432 0042 FFF7FEFF 		bl	Rotor_Write
 433              	.LVL26:
  90:algorithm.c   ****                 break;
 434              		.loc 1 90 0
 435 0046 06E0     		b	.L29
 436              	.L33:
  91:algorithm.c   ****             case 2:
  92:algorithm.c   ****                 Rotor_Write(stage_rotor[time]);
 437              		.loc 1 92 0
 438 0048 034B     		ldr	r3, .L34
 439 004a 1B78     		ldrb	r3, [r3]
 440 004c DBB2     		uxtb	r3, r3
 441 004e 034A     		ldr	r2, .L34+4
 442 0050 D05C     		ldrb	r0, [r2, r3]
 443 0052 FFF7FEFF 		bl	Rotor_Write
 444              	.LVL27:
 445              	.L29:
  93:algorithm.c   ****                 break;
  94:algorithm.c   ****         }
  95:algorithm.c   ****     }
  96:algorithm.c   **** }
 446              		.loc 1 96 0
 447              		@ sp needed
 448 0056 10BD     		pop	{r4, pc}
 449              	.L35:
 450              		.align	2
 451              	.L34:
 452 0058 00000000 		.word	.LANCHOR0
 453 005c 00000000 		.word	.LANCHOR1
 454              		.cfi_endproc
 455              	.LFE42:
 456              		.size	back_forward_movement, .-back_forward_movement
 457              		.section	.text.algorithm_work_rotor,"ax",%progbits
 458              		.align	2
 459              		.global	algorithm_work_rotor
 460              		.code	16
 461              		.thumb_func
 462              		.type	algorithm_work_rotor, %function
 463              	algorithm_work_rotor:
 464              	.LFB43:
  97:algorithm.c   **** 
  98:algorithm.c   **** void algorithm_work_rotor(void){ 
 465              		.loc 1 98 0
 466              		.cfi_startproc
 467              		@ args = 0, pretend = 0, frame = 0
 468              		@ frame_needed = 0, uses_anonymous_args = 0
 469 0000 10B5     		push	{r4, lr}
 470              		.cfi_def_cfa_offset 8
 471              		.cfi_offset 4, -8
ARM GAS  C:\Users\manko\AppData\Local\Temp\cc52FHRR.s 			page 11


 472              		.cfi_offset 14, -4
  99:algorithm.c   ****     value_PWM = set_pwm()*10;
 473              		.loc 1 99 0
 474 0002 FFF7FEFF 		bl	set_pwm
 475              	.LVL28:
 476 0006 8300     		lsls	r3, r0, #2
 477 0008 C018     		adds	r0, r0, r3
 478 000a 4300     		lsls	r3, r0, #1
 479 000c D8B2     		uxtb	r0, r3
 480 000e 034B     		ldr	r3, .L37
 481 0010 D870     		strb	r0, [r3, #3]
 100:algorithm.c   ****     PWM_WriteCompare(value_PWM);
 482              		.loc 1 100 0
 483 0012 FFF7FEFF 		bl	PWM_WriteCompare
 484              	.LVL29:
 101:algorithm.c   ****     back_forward_movement();
 485              		.loc 1 101 0
 486 0016 FFF7FEFF 		bl	back_forward_movement
 487              	.LVL30:
 102:algorithm.c   **** }...
 488              		.loc 1 102 0
 489              		@ sp needed
 490 001a 10BD     		pop	{r4, pc}
 491              	.L38:
 492              		.align	2
 493              	.L37:
 494 001c 00000000 		.word	.LANCHOR0
 495              		.cfi_endproc
 496              	.LFE43:
 497              		.size	algorithm_work_rotor, .-algorithm_work_rotor
 498              		.global	stage_rotor
 499              		.global	MAX_SPEED
 500              		.global	MIN_ENCODER_VALUE
 501              		.global	MAX_ENCODER_VALUE
 502              		.global	MIN_SPEED_VALUE
 503              		.global	MAX_SPEED_VALUE
 504              		.global	SUBSTRACT_VALUE
 505              		.global	ADD_VALUE
 506              		.global	STOP_FORWARD_BUTTON
 507              		.global	BACK_BUTTON
 508              		.global	ROTOR_STAGES_NUMBER
 509              		.global	value_PWM
 510              		.global	speed
 511              		.global	direction
 512              		.global	time
 513              		.section	.rodata
 514              		.align	2
 515              		.type	MAX_SPEED, %object
 516              		.size	MAX_SPEED, 4
 517              	MAX_SPEED:
 518 0000 D0070000 		.word	2000
 519              		.type	MIN_ENCODER_VALUE, %object
 520              		.size	MIN_ENCODER_VALUE, 4
 521              	MIN_ENCODER_VALUE:
 522 0004 0000803F 		.word	1065353216
 523              		.type	MAX_ENCODER_VALUE, %object
 524              		.size	MAX_ENCODER_VALUE, 4
ARM GAS  C:\Users\manko\AppData\Local\Temp\cc52FHRR.s 			page 12


 525              	MAX_ENCODER_VALUE:
 526 0008 00002041 		.word	1092616192
 527              		.type	MIN_SPEED_VALUE, %object
 528              		.size	MIN_SPEED_VALUE, 4
 529              	MIN_SPEED_VALUE:
 530 000c 0A000000 		.word	10
 531              		.type	MAX_SPEED_VALUE, %object
 532              		.size	MAX_SPEED_VALUE, 4
 533              	MAX_SPEED_VALUE:
 534 0010 BE000000 		.word	190
 535              		.type	SUBSTRACT_VALUE, %object
 536              		.size	SUBSTRACT_VALUE, 4
 537              	SUBSTRACT_VALUE:
 538 0014 0A000000 		.word	10
 539              		.type	ADD_VALUE, %object
 540              		.size	ADD_VALUE, 4
 541              	ADD_VALUE:
 542 0018 0A000000 		.word	10
 543              		.type	STOP_FORWARD_BUTTON, %object
 544              		.size	STOP_FORWARD_BUTTON, 4
 545              	STOP_FORWARD_BUTTON:
 546 001c 01000000 		.word	1
 547              		.type	BACK_BUTTON, %object
 548              		.size	BACK_BUTTON, 4
 549              	BACK_BUTTON:
 550 0020 02000000 		.word	2
 551              		.type	ROTOR_STAGES_NUMBER, %object
 552              		.size	ROTOR_STAGES_NUMBER, 4
 553              	ROTOR_STAGES_NUMBER:
 554 0024 08000000 		.word	8
 555              		.data
 556              		.align	2
 557              		.set	.LANCHOR1,. + 0
 558              		.type	stage_rotor, %object
 559              		.size	stage_rotor, 8
 560              	stage_rotor:
 561 0000 03       		.byte	3
 562 0001 02       		.byte	2
 563 0002 06       		.byte	6
 564 0003 04       		.byte	4
 565 0004 0C       		.byte	12
 566 0005 08       		.byte	8
 567 0006 09       		.byte	9
 568 0007 01       		.byte	1
 569              		.bss
 570              		.set	.LANCHOR0,. + 0
 571              		.type	time, %object
 572              		.size	time, 1
 573              	time:
 574 0000 00       		.space	1
 575              		.type	direction, %object
 576              		.size	direction, 1
 577              	direction:
 578 0001 00       		.space	1
 579              		.type	speed, %object
 580              		.size	speed, 1
 581              	speed:
ARM GAS  C:\Users\manko\AppData\Local\Temp\cc52FHRR.s 			page 13


 582 0002 00       		.space	1
 583              		.type	value_PWM, %object
 584              		.size	value_PWM, 1
 585              	value_PWM:
 586 0003 00       		.space	1
 587              		.text
 588              	.Letext0:
 589              		.file 2 "Generated_Source\\PSoC4/cytypes.h"
 590              		.file 3 "Generated_Source\\PSoC4/Timer.h"
 591              		.file 4 "Generated_Source\\PSoC4/SW_1.h"
 592              		.file 5 "Generated_Source\\PSoC4/SW_2.h"
 593              		.file 6 "Generated_Source\\PSoC4/SW_3.h"
 594              		.file 7 "Generated_Source\\PSoC4/SW_4.h"
 595              		.file 8 "Generated_Source\\PSoC4/PWM.h"
 596              		.file 9 "Generated_Source\\PSoC4/Timer_Int.h"
 597              		.file 10 "Generated_Source\\PSoC4/SW_Int_1.h"
 598              		.file 11 "Generated_Source\\PSoC4/SW_Int_2.h"
 599              		.file 12 "Generated_Source\\PSoC4/SW_Int_3.h"
 600              		.file 13 "Generated_Source\\PSoC4/SW_Int_4.h"
 601              		.file 14 "Generated_Source\\PSoC4/QuadDec.h"
 602              		.file 15 "Generated_Source\\PSoC4/Rotor.h"
 603              		.section	.debug_info,"",%progbits
 604              	.Ldebug_info0:
 605 0000 99040000 		.4byte	0x499
 606 0004 0400     		.2byte	0x4
 607 0006 00000000 		.4byte	.Ldebug_abbrev0
 608 000a 04       		.byte	0x4
 609 000b 01       		.uleb128 0x1
 610 000c DB000000 		.4byte	.LASF57
 611 0010 0C       		.byte	0xc
 612 0011 87010000 		.4byte	.LASF58
 613 0015 2C030000 		.4byte	.LASF59
 614 0019 00000000 		.4byte	.Ldebug_ranges0+0
 615 001d 00000000 		.4byte	0
 616 0021 00000000 		.4byte	.Ldebug_line0
 617 0025 02       		.uleb128 0x2
 618 0026 01       		.byte	0x1
 619 0027 06       		.byte	0x6
 620 0028 81020000 		.4byte	.LASF0
 621 002c 02       		.uleb128 0x2
 622 002d 01       		.byte	0x1
 623 002e 08       		.byte	0x8
 624 002f 61020000 		.4byte	.LASF1
 625 0033 02       		.uleb128 0x2
 626 0034 02       		.byte	0x2
 627 0035 05       		.byte	0x5
 628 0036 45000000 		.4byte	.LASF2
 629 003a 02       		.uleb128 0x2
 630 003b 02       		.byte	0x2
 631 003c 07       		.byte	0x7
 632 003d 06030000 		.4byte	.LASF3
 633 0041 02       		.uleb128 0x2
 634 0042 04       		.byte	0x4
 635 0043 05       		.byte	0x5
 636 0044 C1010000 		.4byte	.LASF4
 637 0048 02       		.uleb128 0x2
 638 0049 04       		.byte	0x4
ARM GAS  C:\Users\manko\AppData\Local\Temp\cc52FHRR.s 			page 14


 639 004a 07       		.byte	0x7
 640 004b 60030000 		.4byte	.LASF5
 641 004f 02       		.uleb128 0x2
 642 0050 08       		.byte	0x8
 643 0051 05       		.byte	0x5
 644 0052 93010000 		.4byte	.LASF6
 645 0056 02       		.uleb128 0x2
 646 0057 08       		.byte	0x8
 647 0058 07       		.byte	0x7
 648 0059 8D020000 		.4byte	.LASF7
 649 005d 03       		.uleb128 0x3
 650 005e 04       		.byte	0x4
 651 005f 05       		.byte	0x5
 652 0060 696E7400 		.ascii	"int\000"
 653 0064 02       		.uleb128 0x2
 654 0065 04       		.byte	0x4
 655 0066 07       		.byte	0x7
 656 0067 B4020000 		.4byte	.LASF8
 657 006b 04       		.uleb128 0x4
 658 006c 73010000 		.4byte	.LASF9
 659 0070 02       		.byte	0x2
 660 0071 E401     		.2byte	0x1e4
 661 0073 2C000000 		.4byte	0x2c
 662 0077 04       		.uleb128 0x4
 663 0078 72030000 		.4byte	.LASF10
 664 007c 02       		.byte	0x2
 665 007d E601     		.2byte	0x1e6
 666 007f 48000000 		.4byte	0x48
 667 0083 02       		.uleb128 0x2
 668 0084 04       		.byte	0x4
 669 0085 04       		.byte	0x4
 670 0086 81010000 		.4byte	.LASF11
 671 008a 02       		.uleb128 0x2
 672 008b 08       		.byte	0x8
 673 008c 04       		.byte	0x4
 674 008d D8030000 		.4byte	.LASF12
 675 0091 02       		.uleb128 0x2
 676 0092 01       		.byte	0x1
 677 0093 08       		.byte	0x8
 678 0094 19030000 		.4byte	.LASF13
 679 0098 05       		.uleb128 0x5
 680 0099 6B000000 		.4byte	0x6b
 681 009d 02       		.uleb128 0x2
 682 009e 08       		.byte	0x8
 683 009f 04       		.byte	0x4
 684 00a0 46020000 		.4byte	.LASF14
 685 00a4 02       		.uleb128 0x2
 686 00a5 04       		.byte	0x4
 687 00a6 07       		.byte	0x7
 688 00a7 B9030000 		.4byte	.LASF15
 689 00ab 06       		.uleb128 0x6
 690 00ac 91000000 		.4byte	0x91
 691 00b0 BB000000 		.4byte	0xbb
 692 00b4 07       		.uleb128 0x7
 693 00b5 A4000000 		.4byte	0xa4
 694 00b9 07       		.byte	0x7
 695 00ba 00       		.byte	0
ARM GAS  C:\Users\manko\AppData\Local\Temp\cc52FHRR.s 			page 15


 696 00bb 08       		.uleb128 0x8
 697 00bc F0030000 		.4byte	.LASF16
 698 00c0 01       		.byte	0x1
 699 00c1 19       		.byte	0x19
 700 00c2 00000000 		.4byte	.LFB34
 701 00c6 24000000 		.4byte	.LFE34-.LFB34
 702 00ca 01       		.uleb128 0x1
 703 00cb 9C       		.byte	0x9c
 704 00cc E0000000 		.4byte	0xe0
 705 00d0 09       		.uleb128 0x9
 706 00d1 1E000000 		.4byte	.LVL0
 707 00d5 CE030000 		.4byte	0x3ce
 708 00d9 0A       		.uleb128 0xa
 709 00da 01       		.uleb128 0x1
 710 00db 50       		.byte	0x50
 711 00dc 01       		.uleb128 0x1
 712 00dd 31       		.byte	0x31
 713 00de 00       		.byte	0
 714 00df 00       		.byte	0
 715 00e0 08       		.uleb128 0x8
 716 00e1 4F000000 		.4byte	.LASF17
 717 00e5 01       		.byte	0x1
 718 00e6 21       		.byte	0x21
 719 00e7 00000000 		.4byte	.LFB35
 720 00eb 18000000 		.4byte	.LFE35-.LFB35
 721 00ef 01       		.uleb128 0x1
 722 00f0 9C       		.byte	0x9c
 723 00f1 FF000000 		.4byte	0xff
 724 00f5 0B       		.uleb128 0xb
 725 00f6 12000000 		.4byte	.LVL1
 726 00fa DA030000 		.4byte	0x3da
 727 00fe 00       		.byte	0
 728 00ff 08       		.uleb128 0x8
 729 0100 86000000 		.4byte	.LASF18
 730 0104 01       		.byte	0x1
 731 0105 26       		.byte	0x26
 732 0106 00000000 		.4byte	.LFB36
 733 010a 14000000 		.4byte	.LFE36-.LFB36
 734 010e 01       		.uleb128 0x1
 735 010f 9C       		.byte	0x9c
 736 0110 1E010000 		.4byte	0x11e
 737 0114 0B       		.uleb128 0xb
 738 0115 0C000000 		.4byte	.LVL2
 739 0119 E5030000 		.4byte	0x3e5
 740 011d 00       		.byte	0
 741 011e 08       		.uleb128 0x8
 742 011f C1000000 		.4byte	.LASF19
 743 0123 01       		.byte	0x1
 744 0124 2B       		.byte	0x2b
 745 0125 00000000 		.4byte	.LFB37
 746 0129 20000000 		.4byte	.LFE37-.LFB37
 747 012d 01       		.uleb128 0x1
 748 012e 9C       		.byte	0x9c
 749 012f 3D010000 		.4byte	0x13d
 750 0133 0B       		.uleb128 0xb
 751 0134 1A000000 		.4byte	.LVL3
 752 0138 F0030000 		.4byte	0x3f0
ARM GAS  C:\Users\manko\AppData\Local\Temp\cc52FHRR.s 			page 16


 753 013c 00       		.byte	0
 754 013d 08       		.uleb128 0x8
 755 013e CE000000 		.4byte	.LASF20
 756 0142 01       		.byte	0x1
 757 0143 32       		.byte	0x32
 758 0144 00000000 		.4byte	.LFB38
 759 0148 20000000 		.4byte	.LFE38-.LFB38
 760 014c 01       		.uleb128 0x1
 761 014d 9C       		.byte	0x9c
 762 014e 5C010000 		.4byte	0x15c
 763 0152 0B       		.uleb128 0xb
 764 0153 1A000000 		.4byte	.LVL4
 765 0157 FB030000 		.4byte	0x3fb
 766 015b 00       		.byte	0
 767 015c 08       		.uleb128 0x8
 768 015d 52020000 		.4byte	.LASF21
 769 0161 01       		.byte	0x1
 770 0162 39       		.byte	0x39
 771 0163 00000000 		.4byte	.LFB39
 772 0167 40000000 		.4byte	.LFE39-.LFB39
 773 016b 01       		.uleb128 0x1
 774 016c 9C       		.byte	0x9c
 775 016d F3010000 		.4byte	0x1f3
 776 0171 0B       		.uleb128 0xb
 777 0172 06000000 		.4byte	.LVL5
 778 0176 06040000 		.4byte	0x406
 779 017a 0B       		.uleb128 0xb
 780 017b 0A000000 		.4byte	.LVL6
 781 017f 12040000 		.4byte	0x412
 782 0183 0C       		.uleb128 0xc
 783 0184 10000000 		.4byte	.LVL7
 784 0188 1E040000 		.4byte	0x41e
 785 018c 9A010000 		.4byte	0x19a
 786 0190 0A       		.uleb128 0xa
 787 0191 01       		.uleb128 0x1
 788 0192 50       		.byte	0x50
 789 0193 05       		.uleb128 0x5
 790 0194 03       		.byte	0x3
 791 0195 00000000 		.4byte	Timer_Handler
 792 0199 00       		.byte	0
 793 019a 0C       		.uleb128 0xc
 794 019b 16000000 		.4byte	.LVL8
 795 019f 29040000 		.4byte	0x429
 796 01a3 B1010000 		.4byte	0x1b1
 797 01a7 0A       		.uleb128 0xa
 798 01a8 01       		.uleb128 0x1
 799 01a9 50       		.byte	0x50
 800 01aa 05       		.uleb128 0x5
 801 01ab 03       		.byte	0x3
 802 01ac 00000000 		.4byte	SW_1_Handler
 803 01b0 00       		.byte	0
 804 01b1 0C       		.uleb128 0xc
 805 01b2 1C000000 		.4byte	.LVL9
 806 01b6 34040000 		.4byte	0x434
 807 01ba C8010000 		.4byte	0x1c8
 808 01be 0A       		.uleb128 0xa
 809 01bf 01       		.uleb128 0x1
ARM GAS  C:\Users\manko\AppData\Local\Temp\cc52FHRR.s 			page 17


 810 01c0 50       		.byte	0x50
 811 01c1 05       		.uleb128 0x5
 812 01c2 03       		.byte	0x3
 813 01c3 00000000 		.4byte	SW_2_Handler
 814 01c7 00       		.byte	0
 815 01c8 0C       		.uleb128 0xc
 816 01c9 22000000 		.4byte	.LVL10
 817 01cd 3F040000 		.4byte	0x43f
 818 01d1 DF010000 		.4byte	0x1df
 819 01d5 0A       		.uleb128 0xa
 820 01d6 01       		.uleb128 0x1
 821 01d7 50       		.byte	0x50
 822 01d8 05       		.uleb128 0x5
 823 01d9 03       		.byte	0x3
 824 01da 00000000 		.4byte	SW_3_Handler
 825 01de 00       		.byte	0
 826 01df 09       		.uleb128 0x9
 827 01e0 28000000 		.4byte	.LVL11
 828 01e4 4A040000 		.4byte	0x44a
 829 01e8 0A       		.uleb128 0xa
 830 01e9 01       		.uleb128 0x1
 831 01ea 50       		.byte	0x50
 832 01eb 05       		.uleb128 0x5
 833 01ec 03       		.byte	0x3
 834 01ed 00000000 		.4byte	SW_4_Handler
 835 01f1 00       		.byte	0
 836 01f2 00       		.byte	0
 837 01f3 08       		.uleb128 0x8
 838 01f4 10020000 		.4byte	.LASF22
 839 01f8 01       		.byte	0x1
 840 01f9 43       		.byte	0x43
 841 01fa 00000000 		.4byte	.LFB40
 842 01fe 0E000000 		.4byte	.LFE40-.LFB40
 843 0202 01       		.uleb128 0x1
 844 0203 9C       		.byte	0x9c
 845 0204 21020000 		.4byte	0x221
 846 0208 0B       		.uleb128 0xb
 847 0209 06000000 		.4byte	.LVL12
 848 020d 55040000 		.4byte	0x455
 849 0211 09       		.uleb128 0x9
 850 0212 0C000000 		.4byte	.LVL13
 851 0216 61040000 		.4byte	0x461
 852 021a 0A       		.uleb128 0xa
 853 021b 01       		.uleb128 0x1
 854 021c 50       		.byte	0x50
 855 021d 01       		.uleb128 0x1
 856 021e 30       		.byte	0x30
 857 021f 00       		.byte	0
 858 0220 00       		.byte	0
 859 0221 0D       		.uleb128 0xd
 860 0222 79010000 		.4byte	.LASF60
 861 0226 01       		.byte	0x1
 862 0227 48       		.byte	0x48
 863 0228 6B000000 		.4byte	0x6b
 864 022c 00000000 		.4byte	.LFB41
 865 0230 40000000 		.4byte	.LFE41-.LFB41
 866 0234 01       		.uleb128 0x1
ARM GAS  C:\Users\manko\AppData\Local\Temp\cc52FHRR.s 			page 18


 867 0235 9C       		.byte	0x9c
 868 0236 63020000 		.4byte	0x263
 869 023a 0E       		.uleb128 0xe
 870 023b 1E030000 		.4byte	.LASF61
 871 023f 01       		.byte	0x1
 872 0240 49       		.byte	0x49
 873 0241 6B000000 		.4byte	0x6b
 874 0245 00000000 		.4byte	.LLST0
 875 0249 0B       		.uleb128 0xb
 876 024a 06000000 		.4byte	.LVL15
 877 024e 6D040000 		.4byte	0x46d
 878 0252 09       		.uleb128 0x9
 879 0253 38000000 		.4byte	.LVL23
 880 0257 61040000 		.4byte	0x461
 881 025b 0A       		.uleb128 0xa
 882 025c 01       		.uleb128 0x1
 883 025d 50       		.byte	0x50
 884 025e 02       		.uleb128 0x2
 885 025f 74       		.byte	0x74
 886 0260 00       		.sleb128 0
 887 0261 00       		.byte	0
 888 0262 00       		.byte	0
 889 0263 0F       		.uleb128 0xf
 890 0264 5C000000 		.4byte	.LASF62
 891 0268 01       		.byte	0x1
 892 0269 55       		.byte	0x55
 893 026a 00000000 		.4byte	.LFB42
 894 026e 60000000 		.4byte	.LFE42-.LFB42
 895 0272 01       		.uleb128 0x1
 896 0273 9C       		.byte	0x9c
 897 0274 94020000 		.4byte	0x294
 898 0278 0B       		.uleb128 0xb
 899 0279 28000000 		.4byte	.LVL25
 900 027d 79040000 		.4byte	0x479
 901 0281 0B       		.uleb128 0xb
 902 0282 46000000 		.4byte	.LVL26
 903 0286 85040000 		.4byte	0x485
 904 028a 0B       		.uleb128 0xb
 905 028b 56000000 		.4byte	.LVL27
 906 028f 85040000 		.4byte	0x485
 907 0293 00       		.byte	0
 908 0294 08       		.uleb128 0x8
 909 0295 CA010000 		.4byte	.LASF23
 910 0299 01       		.byte	0x1
 911 029a 62       		.byte	0x62
 912 029b 00000000 		.4byte	.LFB43
 913 029f 20000000 		.4byte	.LFE43-.LFB43
 914 02a3 01       		.uleb128 0x1
 915 02a4 9C       		.byte	0x9c
 916 02a5 C5020000 		.4byte	0x2c5
 917 02a9 0B       		.uleb128 0xb
 918 02aa 06000000 		.4byte	.LVL28
 919 02ae 21020000 		.4byte	0x221
 920 02b2 0B       		.uleb128 0xb
 921 02b3 16000000 		.4byte	.LVL29
 922 02b7 90040000 		.4byte	0x490
 923 02bb 0B       		.uleb128 0xb
ARM GAS  C:\Users\manko\AppData\Local\Temp\cc52FHRR.s 			page 19


 924 02bc 1A000000 		.4byte	.LVL30
 925 02c0 63020000 		.4byte	0x263
 926 02c4 00       		.byte	0
 927 02c5 10       		.uleb128 0x10
 928 02c6 D3030000 		.4byte	.LASF24
 929 02ca 01       		.byte	0x1
 930 02cb 03       		.byte	0x3
 931 02cc 98000000 		.4byte	0x98
 932 02d0 05       		.uleb128 0x5
 933 02d1 03       		.byte	0x3
 934 02d2 00000000 		.4byte	time
 935 02d6 10       		.uleb128 0x10
 936 02d7 A5000000 		.4byte	.LASF25
 937 02db 01       		.byte	0x1
 938 02dc 04       		.byte	0x4
 939 02dd 98000000 		.4byte	0x98
 940 02e1 05       		.uleb128 0x5
 941 02e2 03       		.byte	0x3
 942 02e3 00000000 		.4byte	direction
 943 02e7 10       		.uleb128 0x10
 944 02e8 E1020000 		.4byte	.LASF26
 945 02ec 01       		.byte	0x1
 946 02ed 05       		.byte	0x5
 947 02ee 98000000 		.4byte	0x98
 948 02f2 05       		.uleb128 0x5
 949 02f3 03       		.byte	0x3
 950 02f4 00000000 		.4byte	speed
 951 02f8 10       		.uleb128 0x10
 952 02f9 79030000 		.4byte	.LASF27
 953 02fd 01       		.byte	0x1
 954 02fe 07       		.byte	0x7
 955 02ff 6B000000 		.4byte	0x6b
 956 0303 05       		.uleb128 0x5
 957 0304 03       		.byte	0x3
 958 0305 00000000 		.4byte	value_PWM
 959 0309 10       		.uleb128 0x10
 960 030a 1E020000 		.4byte	.LASF28
 961 030e 01       		.byte	0x1
 962 030f 0D       		.byte	0xd
 963 0310 1A030000 		.4byte	0x31a
 964 0314 05       		.uleb128 0x5
 965 0315 03       		.byte	0x3
 966 0316 00000000 		.4byte	ROTOR_STAGES_NUMBER
 967 031a 11       		.uleb128 0x11
 968 031b 5D000000 		.4byte	0x5d
 969 031f 10       		.uleb128 0x10
 970 0320 04020000 		.4byte	.LASF29
 971 0324 01       		.byte	0x1
 972 0325 0E       		.byte	0xe
 973 0326 1A030000 		.4byte	0x31a
 974 032a 05       		.uleb128 0x5
 975 032b 03       		.byte	0x3
 976 032c 00000000 		.4byte	BACK_BUTTON
 977 0330 10       		.uleb128 0x10
 978 0331 3A030000 		.4byte	.LASF30
 979 0335 01       		.byte	0x1
 980 0336 0F       		.byte	0xf
ARM GAS  C:\Users\manko\AppData\Local\Temp\cc52FHRR.s 			page 20


 981 0337 1A030000 		.4byte	0x31a
 982 033b 05       		.uleb128 0x5
 983 033c 03       		.byte	0x3
 984 033d 00000000 		.4byte	STOP_FORWARD_BUTTON
 985 0341 10       		.uleb128 0x10
 986 0342 69010000 		.4byte	.LASF31
 987 0346 01       		.byte	0x1
 988 0347 10       		.byte	0x10
 989 0348 1A030000 		.4byte	0x31a
 990 034c 05       		.uleb128 0x5
 991 034d 03       		.byte	0x3
 992 034e 00000000 		.4byte	ADD_VALUE
 993 0352 10       		.uleb128 0x10
 994 0353 A4020000 		.4byte	.LASF32
 995 0357 01       		.byte	0x1
 996 0358 11       		.byte	0x11
 997 0359 1A030000 		.4byte	0x31a
 998 035d 05       		.uleb128 0x5
 999 035e 03       		.byte	0x3
 1000 035f 00000000 		.4byte	SUBSTRACT_VALUE
 1001 0363 10       		.uleb128 0x10
 1002 0364 DF010000 		.4byte	.LASF33
 1003 0368 01       		.byte	0x1
 1004 0369 12       		.byte	0x12
 1005 036a 1A030000 		.4byte	0x31a
 1006 036e 05       		.uleb128 0x5
 1007 036f 03       		.byte	0x3
 1008 0370 00000000 		.4byte	MAX_SPEED_VALUE
 1009 0374 10       		.uleb128 0x10
 1010 0375 29000000 		.4byte	.LASF34
 1011 0379 01       		.byte	0x1
 1012 037a 13       		.byte	0x13
 1013 037b 1A030000 		.4byte	0x31a
 1014 037f 05       		.uleb128 0x5
 1015 0380 03       		.byte	0x3
 1016 0381 00000000 		.4byte	MIN_SPEED_VALUE
 1017 0385 10       		.uleb128 0x10
 1018 0386 6F020000 		.4byte	.LASF35
 1019 038a 01       		.byte	0x1
 1020 038b 14       		.byte	0x14
 1021 038c 96030000 		.4byte	0x396
 1022 0390 05       		.uleb128 0x5
 1023 0391 03       		.byte	0x3
 1024 0392 00000000 		.4byte	MAX_ENCODER_VALUE
 1025 0396 11       		.uleb128 0x11
 1026 0397 83000000 		.4byte	0x83
 1027 039b 10       		.uleb128 0x10
 1028 039c AF000000 		.4byte	.LASF36
 1029 03a0 01       		.byte	0x1
 1030 03a1 15       		.byte	0x15
 1031 03a2 96030000 		.4byte	0x396
 1032 03a6 05       		.uleb128 0x5
 1033 03a7 03       		.byte	0x3
 1034 03a8 00000000 		.4byte	MIN_ENCODER_VALUE
 1035 03ac 10       		.uleb128 0x10
 1036 03ad AF030000 		.4byte	.LASF37
 1037 03b1 01       		.byte	0x1
ARM GAS  C:\Users\manko\AppData\Local\Temp\cc52FHRR.s 			page 21


 1038 03b2 16       		.byte	0x16
 1039 03b3 1A030000 		.4byte	0x31a
 1040 03b7 05       		.uleb128 0x5
 1041 03b8 03       		.byte	0x3
 1042 03b9 00000000 		.4byte	MAX_SPEED
 1043 03bd 10       		.uleb128 0x10
 1044 03be C1020000 		.4byte	.LASF38
 1045 03c2 01       		.byte	0x1
 1046 03c3 17       		.byte	0x17
 1047 03c4 AB000000 		.4byte	0xab
 1048 03c8 05       		.uleb128 0x5
 1049 03c9 03       		.byte	0x3
 1050 03ca 00000000 		.4byte	stage_rotor
 1051 03ce 12       		.uleb128 0x12
 1052 03cf EF010000 		.4byte	.LASF39
 1053 03d3 EF010000 		.4byte	.LASF39
 1054 03d7 03       		.byte	0x3
 1055 03d8 4701     		.2byte	0x147
 1056 03da 13       		.uleb128 0x13
 1057 03db A1010000 		.4byte	.LASF40
 1058 03df A1010000 		.4byte	.LASF40
 1059 03e3 04       		.byte	0x4
 1060 03e4 39       		.byte	0x39
 1061 03e5 13       		.uleb128 0x13
 1062 03e6 32020000 		.4byte	.LASF41
 1063 03ea 32020000 		.4byte	.LASF41
 1064 03ee 05       		.byte	0x5
 1065 03ef 39       		.byte	0x39
 1066 03f0 13       		.uleb128 0x13
 1067 03f1 15000000 		.4byte	.LASF42
 1068 03f5 15000000 		.4byte	.LASF42
 1069 03f9 06       		.byte	0x6
 1070 03fa 39       		.byte	0x39
 1071 03fb 13       		.uleb128 0x13
 1072 03fc 72000000 		.4byte	.LASF43
 1073 0400 72000000 		.4byte	.LASF43
 1074 0404 07       		.byte	0x7
 1075 0405 39       		.byte	0x39
 1076 0406 12       		.uleb128 0x12
 1077 0407 B5010000 		.4byte	.LASF44
 1078 040b B5010000 		.4byte	.LASF44
 1079 040f 03       		.byte	0x3
 1080 0410 3201     		.2byte	0x132
 1081 0412 12       		.uleb128 0x12
 1082 0413 A5030000 		.4byte	.LASF45
 1083 0417 A5030000 		.4byte	.LASF45
 1084 041b 08       		.byte	0x8
 1085 041c 3201     		.2byte	0x132
 1086 041e 13       		.uleb128 0x13
 1087 041f 4E030000 		.4byte	.LASF46
 1088 0423 4E030000 		.4byte	.LASF46
 1089 0427 09       		.byte	0x9
 1090 0428 18       		.byte	0x18
 1091 0429 13       		.uleb128 0x13
 1092 042a 83030000 		.4byte	.LASF47
 1093 042e 83030000 		.4byte	.LASF47
 1094 0432 0A       		.byte	0xa
ARM GAS  C:\Users\manko\AppData\Local\Temp\cc52FHRR.s 			page 22


 1095 0433 18       		.byte	0x18
 1096 0434 13       		.uleb128 0x13
 1097 0435 94030000 		.4byte	.LASF48
 1098 0439 94030000 		.4byte	.LASF48
 1099 043d 0B       		.byte	0xb
 1100 043e 18       		.byte	0x18
 1101 043f 13       		.uleb128 0x13
 1102 0440 C2030000 		.4byte	.LASF49
 1103 0444 C2030000 		.4byte	.LASF49
 1104 0448 0C       		.byte	0xc
 1105 0449 18       		.byte	0x18
 1106 044a 13       		.uleb128 0x13
 1107 044b DF030000 		.4byte	.LASF50
 1108 044f DF030000 		.4byte	.LASF50
 1109 0453 0D       		.byte	0xd
 1110 0454 18       		.byte	0x18
 1111 0455 12       		.uleb128 0x12
 1112 0456 F8020000 		.4byte	.LASF51
 1113 045a F8020000 		.4byte	.LASF51
 1114 045e 0E       		.byte	0xe
 1115 045f 3201     		.2byte	0x132
 1116 0461 12       		.uleb128 0x12
 1117 0462 00000000 		.4byte	.LASF52
 1118 0466 00000000 		.4byte	.LASF52
 1119 046a 0E       		.byte	0xe
 1120 046b 4A01     		.2byte	0x14a
 1121 046d 12       		.uleb128 0x12
 1122 046e CD020000 		.4byte	.LASF53
 1123 0472 CD020000 		.4byte	.LASF53
 1124 0476 0E       		.byte	0xe
 1125 0477 4B01     		.2byte	0x14b
 1126 0479 12       		.uleb128 0x12
 1127 047a 93000000 		.4byte	.LASF54
 1128 047e 93000000 		.4byte	.LASF54
 1129 0482 03       		.byte	0x3
 1130 0483 5001     		.2byte	0x150
 1131 0485 13       		.uleb128 0x13
 1132 0486 39000000 		.4byte	.LASF55
 1133 048a 39000000 		.4byte	.LASF55
 1134 048e 0F       		.byte	0xf
 1135 048f 2F       		.byte	0x2f
 1136 0490 12       		.uleb128 0x12
 1137 0491 E7020000 		.4byte	.LASF56
 1138 0495 E7020000 		.4byte	.LASF56
 1139 0499 08       		.byte	0x8
 1140 049a 5501     		.2byte	0x155
 1141 049c 00       		.byte	0
 1142              		.section	.debug_abbrev,"",%progbits
 1143              	.Ldebug_abbrev0:
 1144 0000 01       		.uleb128 0x1
 1145 0001 11       		.uleb128 0x11
 1146 0002 01       		.byte	0x1
 1147 0003 25       		.uleb128 0x25
 1148 0004 0E       		.uleb128 0xe
 1149 0005 13       		.uleb128 0x13
 1150 0006 0B       		.uleb128 0xb
 1151 0007 03       		.uleb128 0x3
ARM GAS  C:\Users\manko\AppData\Local\Temp\cc52FHRR.s 			page 23


 1152 0008 0E       		.uleb128 0xe
 1153 0009 1B       		.uleb128 0x1b
 1154 000a 0E       		.uleb128 0xe
 1155 000b 55       		.uleb128 0x55
 1156 000c 17       		.uleb128 0x17
 1157 000d 11       		.uleb128 0x11
 1158 000e 01       		.uleb128 0x1
 1159 000f 10       		.uleb128 0x10
 1160 0010 17       		.uleb128 0x17
 1161 0011 00       		.byte	0
 1162 0012 00       		.byte	0
 1163 0013 02       		.uleb128 0x2
 1164 0014 24       		.uleb128 0x24
 1165 0015 00       		.byte	0
 1166 0016 0B       		.uleb128 0xb
 1167 0017 0B       		.uleb128 0xb
 1168 0018 3E       		.uleb128 0x3e
 1169 0019 0B       		.uleb128 0xb
 1170 001a 03       		.uleb128 0x3
 1171 001b 0E       		.uleb128 0xe
 1172 001c 00       		.byte	0
 1173 001d 00       		.byte	0
 1174 001e 03       		.uleb128 0x3
 1175 001f 24       		.uleb128 0x24
 1176 0020 00       		.byte	0
 1177 0021 0B       		.uleb128 0xb
 1178 0022 0B       		.uleb128 0xb
 1179 0023 3E       		.uleb128 0x3e
 1180 0024 0B       		.uleb128 0xb
 1181 0025 03       		.uleb128 0x3
 1182 0026 08       		.uleb128 0x8
 1183 0027 00       		.byte	0
 1184 0028 00       		.byte	0
 1185 0029 04       		.uleb128 0x4
 1186 002a 16       		.uleb128 0x16
 1187 002b 00       		.byte	0
 1188 002c 03       		.uleb128 0x3
 1189 002d 0E       		.uleb128 0xe
 1190 002e 3A       		.uleb128 0x3a
 1191 002f 0B       		.uleb128 0xb
 1192 0030 3B       		.uleb128 0x3b
 1193 0031 05       		.uleb128 0x5
 1194 0032 49       		.uleb128 0x49
 1195 0033 13       		.uleb128 0x13
 1196 0034 00       		.byte	0
 1197 0035 00       		.byte	0
 1198 0036 05       		.uleb128 0x5
 1199 0037 35       		.uleb128 0x35
 1200 0038 00       		.byte	0
 1201 0039 49       		.uleb128 0x49
 1202 003a 13       		.uleb128 0x13
 1203 003b 00       		.byte	0
 1204 003c 00       		.byte	0
 1205 003d 06       		.uleb128 0x6
 1206 003e 01       		.uleb128 0x1
 1207 003f 01       		.byte	0x1
 1208 0040 49       		.uleb128 0x49
ARM GAS  C:\Users\manko\AppData\Local\Temp\cc52FHRR.s 			page 24


 1209 0041 13       		.uleb128 0x13
 1210 0042 01       		.uleb128 0x1
 1211 0043 13       		.uleb128 0x13
 1212 0044 00       		.byte	0
 1213 0045 00       		.byte	0
 1214 0046 07       		.uleb128 0x7
 1215 0047 21       		.uleb128 0x21
 1216 0048 00       		.byte	0
 1217 0049 49       		.uleb128 0x49
 1218 004a 13       		.uleb128 0x13
 1219 004b 2F       		.uleb128 0x2f
 1220 004c 0B       		.uleb128 0xb
 1221 004d 00       		.byte	0
 1222 004e 00       		.byte	0
 1223 004f 08       		.uleb128 0x8
 1224 0050 2E       		.uleb128 0x2e
 1225 0051 01       		.byte	0x1
 1226 0052 3F       		.uleb128 0x3f
 1227 0053 19       		.uleb128 0x19
 1228 0054 03       		.uleb128 0x3
 1229 0055 0E       		.uleb128 0xe
 1230 0056 3A       		.uleb128 0x3a
 1231 0057 0B       		.uleb128 0xb
 1232 0058 3B       		.uleb128 0x3b
 1233 0059 0B       		.uleb128 0xb
 1234 005a 27       		.uleb128 0x27
 1235 005b 19       		.uleb128 0x19
 1236 005c 11       		.uleb128 0x11
 1237 005d 01       		.uleb128 0x1
 1238 005e 12       		.uleb128 0x12
 1239 005f 06       		.uleb128 0x6
 1240 0060 40       		.uleb128 0x40
 1241 0061 18       		.uleb128 0x18
 1242 0062 9742     		.uleb128 0x2117
 1243 0064 19       		.uleb128 0x19
 1244 0065 01       		.uleb128 0x1
 1245 0066 13       		.uleb128 0x13
 1246 0067 00       		.byte	0
 1247 0068 00       		.byte	0
 1248 0069 09       		.uleb128 0x9
 1249 006a 898201   		.uleb128 0x4109
 1250 006d 01       		.byte	0x1
 1251 006e 11       		.uleb128 0x11
 1252 006f 01       		.uleb128 0x1
 1253 0070 31       		.uleb128 0x31
 1254 0071 13       		.uleb128 0x13
 1255 0072 00       		.byte	0
 1256 0073 00       		.byte	0
 1257 0074 0A       		.uleb128 0xa
 1258 0075 8A8201   		.uleb128 0x410a
 1259 0078 00       		.byte	0
 1260 0079 02       		.uleb128 0x2
 1261 007a 18       		.uleb128 0x18
 1262 007b 9142     		.uleb128 0x2111
 1263 007d 18       		.uleb128 0x18
 1264 007e 00       		.byte	0
 1265 007f 00       		.byte	0
ARM GAS  C:\Users\manko\AppData\Local\Temp\cc52FHRR.s 			page 25


 1266 0080 0B       		.uleb128 0xb
 1267 0081 898201   		.uleb128 0x4109
 1268 0084 00       		.byte	0
 1269 0085 11       		.uleb128 0x11
 1270 0086 01       		.uleb128 0x1
 1271 0087 31       		.uleb128 0x31
 1272 0088 13       		.uleb128 0x13
 1273 0089 00       		.byte	0
 1274 008a 00       		.byte	0
 1275 008b 0C       		.uleb128 0xc
 1276 008c 898201   		.uleb128 0x4109
 1277 008f 01       		.byte	0x1
 1278 0090 11       		.uleb128 0x11
 1279 0091 01       		.uleb128 0x1
 1280 0092 31       		.uleb128 0x31
 1281 0093 13       		.uleb128 0x13
 1282 0094 01       		.uleb128 0x1
 1283 0095 13       		.uleb128 0x13
 1284 0096 00       		.byte	0
 1285 0097 00       		.byte	0
 1286 0098 0D       		.uleb128 0xd
 1287 0099 2E       		.uleb128 0x2e
 1288 009a 01       		.byte	0x1
 1289 009b 3F       		.uleb128 0x3f
 1290 009c 19       		.uleb128 0x19
 1291 009d 03       		.uleb128 0x3
 1292 009e 0E       		.uleb128 0xe
 1293 009f 3A       		.uleb128 0x3a
 1294 00a0 0B       		.uleb128 0xb
 1295 00a1 3B       		.uleb128 0x3b
 1296 00a2 0B       		.uleb128 0xb
 1297 00a3 27       		.uleb128 0x27
 1298 00a4 19       		.uleb128 0x19
 1299 00a5 49       		.uleb128 0x49
 1300 00a6 13       		.uleb128 0x13
 1301 00a7 11       		.uleb128 0x11
 1302 00a8 01       		.uleb128 0x1
 1303 00a9 12       		.uleb128 0x12
 1304 00aa 06       		.uleb128 0x6
 1305 00ab 40       		.uleb128 0x40
 1306 00ac 18       		.uleb128 0x18
 1307 00ad 9642     		.uleb128 0x2116
 1308 00af 19       		.uleb128 0x19
 1309 00b0 01       		.uleb128 0x1
 1310 00b1 13       		.uleb128 0x13
 1311 00b2 00       		.byte	0
 1312 00b3 00       		.byte	0
 1313 00b4 0E       		.uleb128 0xe
 1314 00b5 34       		.uleb128 0x34
 1315 00b6 00       		.byte	0
 1316 00b7 03       		.uleb128 0x3
 1317 00b8 0E       		.uleb128 0xe
 1318 00b9 3A       		.uleb128 0x3a
 1319 00ba 0B       		.uleb128 0xb
 1320 00bb 3B       		.uleb128 0x3b
 1321 00bc 0B       		.uleb128 0xb
 1322 00bd 49       		.uleb128 0x49
ARM GAS  C:\Users\manko\AppData\Local\Temp\cc52FHRR.s 			page 26


 1323 00be 13       		.uleb128 0x13
 1324 00bf 02       		.uleb128 0x2
 1325 00c0 17       		.uleb128 0x17
 1326 00c1 00       		.byte	0
 1327 00c2 00       		.byte	0
 1328 00c3 0F       		.uleb128 0xf
 1329 00c4 2E       		.uleb128 0x2e
 1330 00c5 01       		.byte	0x1
 1331 00c6 3F       		.uleb128 0x3f
 1332 00c7 19       		.uleb128 0x19
 1333 00c8 03       		.uleb128 0x3
 1334 00c9 0E       		.uleb128 0xe
 1335 00ca 3A       		.uleb128 0x3a
 1336 00cb 0B       		.uleb128 0xb
 1337 00cc 3B       		.uleb128 0x3b
 1338 00cd 0B       		.uleb128 0xb
 1339 00ce 11       		.uleb128 0x11
 1340 00cf 01       		.uleb128 0x1
 1341 00d0 12       		.uleb128 0x12
 1342 00d1 06       		.uleb128 0x6
 1343 00d2 40       		.uleb128 0x40
 1344 00d3 18       		.uleb128 0x18
 1345 00d4 9742     		.uleb128 0x2117
 1346 00d6 19       		.uleb128 0x19
 1347 00d7 01       		.uleb128 0x1
 1348 00d8 13       		.uleb128 0x13
 1349 00d9 00       		.byte	0
 1350 00da 00       		.byte	0
 1351 00db 10       		.uleb128 0x10
 1352 00dc 34       		.uleb128 0x34
 1353 00dd 00       		.byte	0
 1354 00de 03       		.uleb128 0x3
 1355 00df 0E       		.uleb128 0xe
 1356 00e0 3A       		.uleb128 0x3a
 1357 00e1 0B       		.uleb128 0xb
 1358 00e2 3B       		.uleb128 0x3b
 1359 00e3 0B       		.uleb128 0xb
 1360 00e4 49       		.uleb128 0x49
 1361 00e5 13       		.uleb128 0x13
 1362 00e6 3F       		.uleb128 0x3f
 1363 00e7 19       		.uleb128 0x19
 1364 00e8 02       		.uleb128 0x2
 1365 00e9 18       		.uleb128 0x18
 1366 00ea 00       		.byte	0
 1367 00eb 00       		.byte	0
 1368 00ec 11       		.uleb128 0x11
 1369 00ed 26       		.uleb128 0x26
 1370 00ee 00       		.byte	0
 1371 00ef 49       		.uleb128 0x49
 1372 00f0 13       		.uleb128 0x13
 1373 00f1 00       		.byte	0
 1374 00f2 00       		.byte	0
 1375 00f3 12       		.uleb128 0x12
 1376 00f4 2E       		.uleb128 0x2e
 1377 00f5 00       		.byte	0
 1378 00f6 3F       		.uleb128 0x3f
 1379 00f7 19       		.uleb128 0x19
ARM GAS  C:\Users\manko\AppData\Local\Temp\cc52FHRR.s 			page 27


 1380 00f8 3C       		.uleb128 0x3c
 1381 00f9 19       		.uleb128 0x19
 1382 00fa 6E       		.uleb128 0x6e
 1383 00fb 0E       		.uleb128 0xe
 1384 00fc 03       		.uleb128 0x3
 1385 00fd 0E       		.uleb128 0xe
 1386 00fe 3A       		.uleb128 0x3a
 1387 00ff 0B       		.uleb128 0xb
 1388 0100 3B       		.uleb128 0x3b
 1389 0101 05       		.uleb128 0x5
 1390 0102 00       		.byte	0
 1391 0103 00       		.byte	0
 1392 0104 13       		.uleb128 0x13
 1393 0105 2E       		.uleb128 0x2e
 1394 0106 00       		.byte	0
 1395 0107 3F       		.uleb128 0x3f
 1396 0108 19       		.uleb128 0x19
 1397 0109 3C       		.uleb128 0x3c
 1398 010a 19       		.uleb128 0x19
 1399 010b 6E       		.uleb128 0x6e
 1400 010c 0E       		.uleb128 0xe
 1401 010d 03       		.uleb128 0x3
 1402 010e 0E       		.uleb128 0xe
 1403 010f 3A       		.uleb128 0x3a
 1404 0110 0B       		.uleb128 0xb
 1405 0111 3B       		.uleb128 0x3b
 1406 0112 0B       		.uleb128 0xb
 1407 0113 00       		.byte	0
 1408 0114 00       		.byte	0
 1409 0115 00       		.byte	0
 1410              		.section	.debug_loc,"",%progbits
 1411              	.Ldebug_loc0:
 1412              	.LLST0:
 1413 0000 02000000 		.4byte	.LVL14
 1414 0004 08000000 		.4byte	.LVL16
 1415 0008 0200     		.2byte	0x2
 1416 000a 30       		.byte	0x30
 1417 000b 9F       		.byte	0x9f
 1418 000c 08000000 		.4byte	.LVL16
 1419 0010 2E000000 		.4byte	.LVL20
 1420 0014 0100     		.2byte	0x1
 1421 0016 54       		.byte	0x54
 1422 0017 30000000 		.4byte	.LVL21
 1423 001b 3A000000 		.4byte	.LVL24
 1424 001f 0100     		.2byte	0x1
 1425 0021 54       		.byte	0x54
 1426 0022 00000000 		.4byte	0
 1427 0026 00000000 		.4byte	0
 1428              		.section	.debug_aranges,"",%progbits
 1429 0000 64000000 		.4byte	0x64
 1430 0004 0200     		.2byte	0x2
 1431 0006 00000000 		.4byte	.Ldebug_info0
 1432 000a 04       		.byte	0x4
 1433 000b 00       		.byte	0
 1434 000c 0000     		.2byte	0
 1435 000e 0000     		.2byte	0
 1436 0010 00000000 		.4byte	.LFB34
ARM GAS  C:\Users\manko\AppData\Local\Temp\cc52FHRR.s 			page 28


 1437 0014 24000000 		.4byte	.LFE34-.LFB34
 1438 0018 00000000 		.4byte	.LFB35
 1439 001c 18000000 		.4byte	.LFE35-.LFB35
 1440 0020 00000000 		.4byte	.LFB36
 1441 0024 14000000 		.4byte	.LFE36-.LFB36
 1442 0028 00000000 		.4byte	.LFB37
 1443 002c 20000000 		.4byte	.LFE37-.LFB37
 1444 0030 00000000 		.4byte	.LFB38
 1445 0034 20000000 		.4byte	.LFE38-.LFB38
 1446 0038 00000000 		.4byte	.LFB39
 1447 003c 40000000 		.4byte	.LFE39-.LFB39
 1448 0040 00000000 		.4byte	.LFB40
 1449 0044 0E000000 		.4byte	.LFE40-.LFB40
 1450 0048 00000000 		.4byte	.LFB41
 1451 004c 40000000 		.4byte	.LFE41-.LFB41
 1452 0050 00000000 		.4byte	.LFB42
 1453 0054 60000000 		.4byte	.LFE42-.LFB42
 1454 0058 00000000 		.4byte	.LFB43
 1455 005c 20000000 		.4byte	.LFE43-.LFB43
 1456 0060 00000000 		.4byte	0
 1457 0064 00000000 		.4byte	0
 1458              		.section	.debug_ranges,"",%progbits
 1459              	.Ldebug_ranges0:
 1460 0000 00000000 		.4byte	.LFB34
 1461 0004 24000000 		.4byte	.LFE34
 1462 0008 00000000 		.4byte	.LFB35
 1463 000c 18000000 		.4byte	.LFE35
 1464 0010 00000000 		.4byte	.LFB36
 1465 0014 14000000 		.4byte	.LFE36
 1466 0018 00000000 		.4byte	.LFB37
 1467 001c 20000000 		.4byte	.LFE37
 1468 0020 00000000 		.4byte	.LFB38
 1469 0024 20000000 		.4byte	.LFE38
 1470 0028 00000000 		.4byte	.LFB39
 1471 002c 40000000 		.4byte	.LFE39
 1472 0030 00000000 		.4byte	.LFB40
 1473 0034 0E000000 		.4byte	.LFE40
 1474 0038 00000000 		.4byte	.LFB41
 1475 003c 40000000 		.4byte	.LFE41
 1476 0040 00000000 		.4byte	.LFB42
 1477 0044 60000000 		.4byte	.LFE42
 1478 0048 00000000 		.4byte	.LFB43
 1479 004c 20000000 		.4byte	.LFE43
 1480 0050 00000000 		.4byte	0
 1481 0054 00000000 		.4byte	0
 1482              		.section	.debug_line,"",%progbits
 1483              	.Ldebug_line0:
 1484 0000 B8010000 		.section	.debug_str,"MS",%progbits,1
 1484      0200E100 
 1484      00000201 
 1484      FB0E0D00 
 1484      01010101 
 1485              	.LASF52:
 1486 0000 51756164 		.ascii	"QuadDec_WriteCounter\000"
 1486      4465635F 
 1486      57726974 
 1486      65436F75 
ARM GAS  C:\Users\manko\AppData\Local\Temp\cc52FHRR.s 			page 29


 1486      6E746572 
 1487              	.LASF42:
 1488 0015 53575F33 		.ascii	"SW_3_ClearInterrupt\000"
 1488      5F436C65 
 1488      6172496E 
 1488      74657272 
 1488      75707400 
 1489              	.LASF34:
 1490 0029 4D494E5F 		.ascii	"MIN_SPEED_VALUE\000"
 1490      53504545 
 1490      445F5641 
 1490      4C554500 
 1491              	.LASF55:
 1492 0039 526F746F 		.ascii	"Rotor_Write\000"
 1492      725F5772 
 1492      69746500 
 1493              	.LASF2:
 1494 0045 73686F72 		.ascii	"short int\000"
 1494      7420696E 
 1494      7400
 1495              	.LASF17:
 1496 004f 53575F31 		.ascii	"SW_1_Handler\000"
 1496      5F48616E 
 1496      646C6572 
 1496      00
 1497              	.LASF62:
 1498 005c 6261636B 		.ascii	"back_forward_movement\000"
 1498      5F666F72 
 1498      77617264 
 1498      5F6D6F76 
 1498      656D656E 
 1499              	.LASF43:
 1500 0072 53575F34 		.ascii	"SW_4_ClearInterrupt\000"
 1500      5F436C65 
 1500      6172496E 
 1500      74657272 
 1500      75707400 
 1501              	.LASF18:
 1502 0086 53575F32 		.ascii	"SW_2_Handler\000"
 1502      5F48616E 
 1502      646C6572 
 1502      00
 1503              	.LASF54:
 1504 0093 54696D65 		.ascii	"Timer_WritePeriod\000"
 1504      725F5772 
 1504      69746550 
 1504      6572696F 
 1504      6400
 1505              	.LASF25:
 1506 00a5 64697265 		.ascii	"direction\000"
 1506      6374696F 
 1506      6E00
 1507              	.LASF36:
 1508 00af 4D494E5F 		.ascii	"MIN_ENCODER_VALUE\000"
 1508      454E434F 
 1508      4445525F 
 1508      56414C55 
ARM GAS  C:\Users\manko\AppData\Local\Temp\cc52FHRR.s 			page 30


 1508      4500
 1509              	.LASF19:
 1510 00c1 53575F33 		.ascii	"SW_3_Handler\000"
 1510      5F48616E 
 1510      646C6572 
 1510      00
 1511              	.LASF20:
 1512 00ce 53575F34 		.ascii	"SW_4_Handler\000"
 1512      5F48616E 
 1512      646C6572 
 1512      00
 1513              	.LASF57:
 1514 00db 474E5520 		.ascii	"GNU C11 5.4.1 20160609 (release) [ARM/embedded-5-br"
 1514      43313120 
 1514      352E342E 
 1514      31203230 
 1514      31363036 
 1515 010e 616E6368 		.ascii	"anch revision 237715] -mcpu=cortex-m0 -mthumb -g -O"
 1515      20726576 
 1515      6973696F 
 1515      6E203233 
 1515      37373135 
 1516 0141 67202D66 		.ascii	"g -ffunction-sections -ffat-lto-objects\000"
 1516      66756E63 
 1516      74696F6E 
 1516      2D736563 
 1516      74696F6E 
 1517              	.LASF31:
 1518 0169 4144445F 		.ascii	"ADD_VALUE\000"
 1518      56414C55 
 1518      4500
 1519              	.LASF9:
 1520 0173 75696E74 		.ascii	"uint8\000"
 1520      3800
 1521              	.LASF60:
 1522 0179 7365745F 		.ascii	"set_pwm\000"
 1522      70776D00 
 1523              	.LASF11:
 1524 0181 666C6F61 		.ascii	"float\000"
 1524      7400
 1525              	.LASF58:
 1526 0187 616C676F 		.ascii	"algorithm.c\000"
 1526      72697468 
 1526      6D2E6300 
 1527              	.LASF6:
 1528 0193 6C6F6E67 		.ascii	"long long int\000"
 1528      206C6F6E 
 1528      6720696E 
 1528      7400
 1529              	.LASF40:
 1530 01a1 53575F31 		.ascii	"SW_1_ClearInterrupt\000"
 1530      5F436C65 
 1530      6172496E 
 1530      74657272 
 1530      75707400 
 1531              	.LASF44:
 1532 01b5 54696D65 		.ascii	"Timer_Start\000"
ARM GAS  C:\Users\manko\AppData\Local\Temp\cc52FHRR.s 			page 31


 1532      725F5374 
 1532      61727400 
 1533              	.LASF4:
 1534 01c1 6C6F6E67 		.ascii	"long int\000"
 1534      20696E74 
 1534      00
 1535              	.LASF23:
 1536 01ca 616C676F 		.ascii	"algorithm_work_rotor\000"
 1536      72697468 
 1536      6D5F776F 
 1536      726B5F72 
 1536      6F746F72 
 1537              	.LASF33:
 1538 01df 4D41585F 		.ascii	"MAX_SPEED_VALUE\000"
 1538      53504545 
 1538      445F5641 
 1538      4C554500 
 1539              	.LASF39:
 1540 01ef 54696D65 		.ascii	"Timer_ClearInterrupt\000"
 1540      725F436C 
 1540      65617249 
 1540      6E746572 
 1540      72757074 
 1541              	.LASF29:
 1542 0204 4241434B 		.ascii	"BACK_BUTTON\000"
 1542      5F425554 
 1542      544F4E00 
 1543              	.LASF22:
 1544 0210 656E636F 		.ascii	"encoder_start\000"
 1544      6465725F 
 1544      73746172 
 1544      7400
 1545              	.LASF28:
 1546 021e 524F544F 		.ascii	"ROTOR_STAGES_NUMBER\000"
 1546      525F5354 
 1546      41474553 
 1546      5F4E554D 
 1546      42455200 
 1547              	.LASF41:
 1548 0232 53575F32 		.ascii	"SW_2_ClearInterrupt\000"
 1548      5F436C65 
 1548      6172496E 
 1548      74657272 
 1548      75707400 
 1549              	.LASF14:
 1550 0246 6C6F6E67 		.ascii	"long double\000"
 1550      20646F75 
 1550      626C6500 
 1551              	.LASF21:
 1552 0252 616C676F 		.ascii	"algorithm_init\000"
 1552      72697468 
 1552      6D5F696E 
 1552      697400
 1553              	.LASF1:
 1554 0261 756E7369 		.ascii	"unsigned char\000"
 1554      676E6564 
 1554      20636861 
ARM GAS  C:\Users\manko\AppData\Local\Temp\cc52FHRR.s 			page 32


 1554      7200
 1555              	.LASF35:
 1556 026f 4D41585F 		.ascii	"MAX_ENCODER_VALUE\000"
 1556      454E434F 
 1556      4445525F 
 1556      56414C55 
 1556      4500
 1557              	.LASF0:
 1558 0281 7369676E 		.ascii	"signed char\000"
 1558      65642063 
 1558      68617200 
 1559              	.LASF7:
 1560 028d 6C6F6E67 		.ascii	"long long unsigned int\000"
 1560      206C6F6E 
 1560      6720756E 
 1560      7369676E 
 1560      65642069 
 1561              	.LASF32:
 1562 02a4 53554253 		.ascii	"SUBSTRACT_VALUE\000"
 1562      54524143 
 1562      545F5641 
 1562      4C554500 
 1563              	.LASF8:
 1564 02b4 756E7369 		.ascii	"unsigned int\000"
 1564      676E6564 
 1564      20696E74 
 1564      00
 1565              	.LASF38:
 1566 02c1 73746167 		.ascii	"stage_rotor\000"
 1566      655F726F 
 1566      746F7200 
 1567              	.LASF53:
 1568 02cd 51756164 		.ascii	"QuadDec_ReadCounter\000"
 1568      4465635F 
 1568      52656164 
 1568      436F756E 
 1568      74657200 
 1569              	.LASF26:
 1570 02e1 73706565 		.ascii	"speed\000"
 1570      6400
 1571              	.LASF56:
 1572 02e7 50574D5F 		.ascii	"PWM_WriteCompare\000"
 1572      57726974 
 1572      65436F6D 
 1572      70617265 
 1572      00
 1573              	.LASF51:
 1574 02f8 51756164 		.ascii	"QuadDec_Start\000"
 1574      4465635F 
 1574      53746172 
 1574      7400
 1575              	.LASF3:
 1576 0306 73686F72 		.ascii	"short unsigned int\000"
 1576      7420756E 
 1576      7369676E 
 1576      65642069 
 1576      6E7400
ARM GAS  C:\Users\manko\AppData\Local\Temp\cc52FHRR.s 			page 33


 1577              	.LASF13:
 1578 0319 63686172 		.ascii	"char\000"
 1578      00
 1579              	.LASF61:
 1580 031e 76616C75 		.ascii	"value_encoder\000"
 1580      655F656E 
 1580      636F6465 
 1580      7200
 1581              	.LASF59:
 1582 032c 443A5C4C 		.ascii	"D:\\Lab5.cydsn\000"
 1582      6162352E 
 1582      63796473 
 1582      6E00
 1583              	.LASF30:
 1584 033a 53544F50 		.ascii	"STOP_FORWARD_BUTTON\000"
 1584      5F464F52 
 1584      57415244 
 1584      5F425554 
 1584      544F4E00 
 1585              	.LASF46:
 1586 034e 54696D65 		.ascii	"Timer_Int_StartEx\000"
 1586      725F496E 
 1586      745F5374 
 1586      61727445 
 1586      7800
 1587              	.LASF5:
 1588 0360 6C6F6E67 		.ascii	"long unsigned int\000"
 1588      20756E73 
 1588      69676E65 
 1588      6420696E 
 1588      7400
 1589              	.LASF10:
 1590 0372 75696E74 		.ascii	"uint32\000"
 1590      333200
 1591              	.LASF27:
 1592 0379 76616C75 		.ascii	"value_PWM\000"
 1592      655F5057 
 1592      4D00
 1593              	.LASF47:
 1594 0383 53575F49 		.ascii	"SW_Int_1_StartEx\000"
 1594      6E745F31 
 1594      5F537461 
 1594      72744578 
 1594      00
 1595              	.LASF48:
 1596 0394 53575F49 		.ascii	"SW_Int_2_StartEx\000"
 1596      6E745F32 
 1596      5F537461 
 1596      72744578 
 1596      00
 1597              	.LASF45:
 1598 03a5 50574D5F 		.ascii	"PWM_Start\000"
 1598      53746172 
 1598      7400
 1599              	.LASF37:
 1600 03af 4D41585F 		.ascii	"MAX_SPEED\000"
 1600      53504545 
ARM GAS  C:\Users\manko\AppData\Local\Temp\cc52FHRR.s 			page 34


 1600      4400
 1601              	.LASF15:
 1602 03b9 73697A65 		.ascii	"sizetype\000"
 1602      74797065 
 1602      00
 1603              	.LASF49:
 1604 03c2 53575F49 		.ascii	"SW_Int_3_StartEx\000"
 1604      6E745F33 
 1604      5F537461 
 1604      72744578 
 1604      00
 1605              	.LASF24:
 1606 03d3 74696D65 		.ascii	"time\000"
 1606      00
 1607              	.LASF12:
 1608 03d8 646F7562 		.ascii	"double\000"
 1608      6C6500
 1609              	.LASF50:
 1610 03df 53575F49 		.ascii	"SW_Int_4_StartEx\000"
 1610      6E745F34 
 1610      5F537461 
 1610      72744578 
 1610      00
 1611              	.LASF16:
 1612 03f0 54696D65 		.ascii	"Timer_Handler\000"
 1612      725F4861 
 1612      6E646C65 
 1612      7200
 1613              		.ident	"GCC: (GNU Tools for ARM Embedded Processors) 5.4.1 20160609 (release) [ARM/embedded-5-bran
