ARM GAS  C:\Users\manko\AppData\Local\Temp\ccj8J9Iu.s 			page 1


   1              		.syntax unified
   2              		.cpu cortex-m0
   3              		.fpu softvfp
   4              		.eabi_attribute 20, 1
   5              		.eabi_attribute 21, 1
   6              		.eabi_attribute 23, 3
   7              		.eabi_attribute 24, 1
   8              		.eabi_attribute 25, 1
   9              		.eabi_attribute 26, 1
  10              		.eabi_attribute 30, 1
  11              		.eabi_attribute 34, 0
  12              		.eabi_attribute 18, 4
  13              		.thumb
  14              		.syntax unified
  15              		.file	"lcd_status_rotor.c"
  16              		.text
  17              	.Ltext0:
  18              		.cfi_sections	.debug_frame
  19              		.section	.text.lcd_show_rotor_direction,"ax",%progbits
  20              		.align	2
  21              		.global	lcd_show_rotor_direction
  22              		.code	16
  23              		.thumb_func
  24              		.type	lcd_show_rotor_direction, %function
  25              	lcd_show_rotor_direction:
  26              	.LFB35:
  27              		.file 1 "lcd_status_rotor.c"
   1:lcd_status_rotor.c **** #include "lab.h"
   2:lcd_status_rotor.c **** #include "stdio.h"
   3:lcd_status_rotor.c **** 
   4:lcd_status_rotor.c **** static char buf1[17];
   5:lcd_status_rotor.c **** static char buf2[17];
   6:lcd_status_rotor.c **** 
   7:lcd_status_rotor.c **** extern uint8 direction;
   8:lcd_status_rotor.c **** extern uint8 speed;
   9:lcd_status_rotor.c **** extern uint8 value_PWM;
  10:lcd_status_rotor.c **** 
  11:lcd_status_rotor.c **** char str_stop[] = "Stop";
  12:lcd_status_rotor.c **** char str_forward[] = "Forward";
  13:lcd_status_rotor.c **** char str_back[] = "Back";
  14:lcd_status_rotor.c **** 
  15:lcd_status_rotor.c **** void lcd_show_rotor_direction(char str[]){
  28              		.loc 1 15 0
  29              		.cfi_startproc
  30              		@ args = 0, pretend = 0, frame = 0
  31              		@ frame_needed = 0, uses_anonymous_args = 0
  32              	.LVL0:
  33 0000 70B5     		push	{r4, r5, r6, lr}
  34              		.cfi_def_cfa_offset 16
  35              		.cfi_offset 4, -16
  36              		.cfi_offset 5, -12
  37              		.cfi_offset 6, -8
  38              		.cfi_offset 14, -4
  39 0002 0500     		movs	r5, r0
  16:lcd_status_rotor.c ****     LCD_ClearDisplay();
  40              		.loc 1 16 0
  41 0004 0120     		movs	r0, #1
ARM GAS  C:\Users\manko\AppData\Local\Temp\ccj8J9Iu.s 			page 2


  42              	.LVL1:
  43 0006 FFF7FEFF 		bl	LCD_WriteControl
  44              	.LVL2:
  17:lcd_status_rotor.c ****     sprintf(buf1,"%s PWM=%d v",str,value_PWM);
  45              		.loc 1 17 0
  46 000a 0F4B     		ldr	r3, .L2
  47 000c 1B78     		ldrb	r3, [r3]
  48 000e 0F4C     		ldr	r4, .L2+4
  49 0010 2A00     		movs	r2, r5
  50 0012 0F49     		ldr	r1, .L2+8
  51 0014 2000     		movs	r0, r4
  52 0016 FFF7FEFF 		bl	sprintf
  53              	.LVL3:
  18:lcd_status_rotor.c ****     LCD_Position(0, 0);
  54              		.loc 1 18 0
  55 001a 0021     		movs	r1, #0
  56 001c 0020     		movs	r0, #0
  57 001e FFF7FEFF 		bl	LCD_Position
  58              	.LVL4:
  19:lcd_status_rotor.c ****     LCD_PrintString(buf1);
  59              		.loc 1 19 0
  60 0022 2000     		movs	r0, r4
  61 0024 FFF7FEFF 		bl	LCD_PrintString
  62              	.LVL5:
  20:lcd_status_rotor.c ****     sprintf(buf2,"Speed=%d",speed);
  63              		.loc 1 20 0
  64 0028 0A4B     		ldr	r3, .L2+12
  65 002a 1A78     		ldrb	r2, [r3]
  66 002c 1434     		adds	r4, r4, #20
  67 002e 0A49     		ldr	r1, .L2+16
  68 0030 2000     		movs	r0, r4
  69 0032 FFF7FEFF 		bl	sprintf
  70              	.LVL6:
  21:lcd_status_rotor.c ****     LCD_Position(1, 0);
  71              		.loc 1 21 0
  72 0036 0021     		movs	r1, #0
  73 0038 0120     		movs	r0, #1
  74 003a FFF7FEFF 		bl	LCD_Position
  75              	.LVL7:
  22:lcd_status_rotor.c ****     LCD_PrintString(buf2); 
  76              		.loc 1 22 0
  77 003e 2000     		movs	r0, r4
  78 0040 FFF7FEFF 		bl	LCD_PrintString
  79              	.LVL8:
  23:lcd_status_rotor.c **** }
  80              		.loc 1 23 0
  81              		@ sp needed
  82              	.LVL9:
  83 0044 70BD     		pop	{r4, r5, r6, pc}
  84              	.L3:
  85 0046 C046     		.align	2
  86              	.L2:
  87 0048 00000000 		.word	value_PWM
  88 004c 00000000 		.word	.LANCHOR0
  89 0050 00000000 		.word	.LC1
  90 0054 00000000 		.word	speed
  91 0058 0C000000 		.word	.LC5
ARM GAS  C:\Users\manko\AppData\Local\Temp\ccj8J9Iu.s 			page 3


  92              		.cfi_endproc
  93              	.LFE35:
  94              		.size	lcd_show_rotor_direction, .-lcd_show_rotor_direction
  95              		.section	.text.switch_direction,"ax",%progbits
  96              		.align	2
  97              		.global	switch_direction
  98              		.code	16
  99              		.thumb_func
 100              		.type	switch_direction, %function
 101              	switch_direction:
 102              	.LFB36:
  24:lcd_status_rotor.c **** 
  25:lcd_status_rotor.c **** void switch_direction(void){
 103              		.loc 1 25 0
 104              		.cfi_startproc
 105              		@ args = 0, pretend = 0, frame = 0
 106              		@ frame_needed = 0, uses_anonymous_args = 0
 107 0000 10B5     		push	{r4, lr}
 108              		.cfi_def_cfa_offset 8
 109              		.cfi_offset 4, -8
 110              		.cfi_offset 14, -4
  26:lcd_status_rotor.c ****     switch(direction){
 111              		.loc 1 26 0
 112 0002 0B4B     		ldr	r3, .L9
 113 0004 1B78     		ldrb	r3, [r3]
 114 0006 012B     		cmp	r3, #1
 115 0008 08D0     		beq	.L6
 116 000a 002B     		cmp	r3, #0
 117 000c 02D0     		beq	.L7
 118 000e 022B     		cmp	r3, #2
 119 0010 09D0     		beq	.L8
 120 0012 0CE0     		b	.L4
 121              	.L7:
  27:lcd_status_rotor.c ****         case 0:
  28:lcd_status_rotor.c ****             lcd_show_rotor_direction(str_stop);
 122              		.loc 1 28 0
 123 0014 0748     		ldr	r0, .L9+4
 124 0016 FFF7FEFF 		bl	lcd_show_rotor_direction
 125              	.LVL10:
  29:lcd_status_rotor.c ****             break;
 126              		.loc 1 29 0
 127 001a 08E0     		b	.L4
 128              	.L6:
  30:lcd_status_rotor.c ****         case 1: 
  31:lcd_status_rotor.c ****             lcd_show_rotor_direction(str_forward);
 129              		.loc 1 31 0
 130 001c 0548     		ldr	r0, .L9+4
 131 001e 0830     		adds	r0, r0, #8
 132 0020 FFF7FEFF 		bl	lcd_show_rotor_direction
 133              	.LVL11:
  32:lcd_status_rotor.c ****             break;
 134              		.loc 1 32 0
 135 0024 03E0     		b	.L4
 136              	.L8:
  33:lcd_status_rotor.c ****         case 2:
  34:lcd_status_rotor.c ****             lcd_show_rotor_direction(str_back);
 137              		.loc 1 34 0
ARM GAS  C:\Users\manko\AppData\Local\Temp\ccj8J9Iu.s 			page 4


 138 0026 0348     		ldr	r0, .L9+4
 139 0028 1030     		adds	r0, r0, #16
 140 002a FFF7FEFF 		bl	lcd_show_rotor_direction
 141              	.LVL12:
 142              	.L4:
  35:lcd_status_rotor.c ****             break;
  36:lcd_status_rotor.c ****     }
  37:lcd_status_rotor.c **** }...
 143              		.loc 1 37 0
 144              		@ sp needed
 145 002e 10BD     		pop	{r4, pc}
 146              	.L10:
 147              		.align	2
 148              	.L9:
 149 0030 00000000 		.word	direction
 150 0034 00000000 		.word	.LANCHOR1
 151              		.cfi_endproc
 152              	.LFE36:
 153              		.size	switch_direction, .-switch_direction
 154              		.global	str_back
 155              		.global	str_forward
 156              		.global	str_stop
 157              		.data
 158              		.align	2
 159              		.set	.LANCHOR1,. + 0
 160              		.type	str_stop, %object
 161              		.size	str_stop, 5
 162              	str_stop:
 163 0000 53746F70 		.ascii	"Stop\000"
 163      00
 164 0005 000000   		.space	3
 165              		.type	str_forward, %object
 166              		.size	str_forward, 8
 167              	str_forward:
 168 0008 466F7277 		.ascii	"Forward\000"
 168      61726400 
 169              		.type	str_back, %object
 170              		.size	str_back, 5
 171              	str_back:
 172 0010 4261636B 		.ascii	"Back\000"
 172      00
 173              		.section	.rodata.str1.4,"aMS",%progbits,1
 174              		.align	2
 175              	.LC1:
 176 0000 25732050 		.ascii	"%s PWM=%d v\000"
 176      574D3D25 
 176      64207600 
 177              	.LC5:
 178 000c 53706565 		.ascii	"Speed=%d\000"
 178      643D2564 
 178      00
 179              		.bss
 180              		.align	2
 181              		.set	.LANCHOR0,. + 0
 182              		.type	buf1, %object
 183              		.size	buf1, 17
 184              	buf1:
ARM GAS  C:\Users\manko\AppData\Local\Temp\ccj8J9Iu.s 			page 5


 185 0000 00000000 		.space	17
 185      00000000 
 185      00000000 
 185      00000000 
 185      00
 186 0011 000000   		.space	3
 187              		.type	buf2, %object
 188              		.size	buf2, 17
 189              	buf2:
 190 0014 00000000 		.space	17
 190      00000000 
 190      00000000 
 190      00000000 
 190      00
 191              		.text
 192              	.Letext0:
 193              		.file 2 "Generated_Source\\PSoC4/LCD.h"
 194              		.file 3 "c:\\program files (x86)\\cypress\\psoc creator\\4.2\\psoc creator\\import\\gnu\\arm\\5.4.
 195              		.file 4 "Generated_Source\\PSoC4/cytypes.h"
 196              		.section	.debug_info,"",%progbits
 197              	.Ldebug_info0:
 198 0000 92020000 		.4byte	0x292
 199 0004 0400     		.2byte	0x4
 200 0006 00000000 		.4byte	.Ldebug_abbrev0
 201 000a 04       		.byte	0x4
 202 000b 01       		.uleb128 0x1
 203 000c EC000000 		.4byte	.LASF28
 204 0010 0C       		.byte	0xc
 205 0011 25000000 		.4byte	.LASF29
 206 0015 CB010000 		.4byte	.LASF30
 207 0019 00000000 		.4byte	.Ldebug_ranges0+0
 208 001d 00000000 		.4byte	0
 209 0021 00000000 		.4byte	.Ldebug_line0
 210 0025 02       		.uleb128 0x2
 211 0026 01       		.byte	0x1
 212 0027 06       		.byte	0x6
 213 0028 EE010000 		.4byte	.LASF0
 214 002c 02       		.uleb128 0x2
 215 002d 01       		.byte	0x1
 216 002e 08       		.byte	0x8
 217 002f 47000000 		.4byte	.LASF1
 218 0033 02       		.uleb128 0x2
 219 0034 02       		.byte	0x2
 220 0035 05       		.byte	0x5
 221 0036 BB010000 		.4byte	.LASF2
 222 003a 02       		.uleb128 0x2
 223 003b 02       		.byte	0x2
 224 003c 07       		.byte	0x7
 225 003d 67000000 		.4byte	.LASF3
 226 0041 02       		.uleb128 0x2
 227 0042 04       		.byte	0x4
 228 0043 05       		.byte	0x5
 229 0044 D9010000 		.4byte	.LASF4
 230 0048 02       		.uleb128 0x2
 231 0049 04       		.byte	0x4
 232 004a 07       		.byte	0x7
 233 004b 55000000 		.4byte	.LASF5
ARM GAS  C:\Users\manko\AppData\Local\Temp\ccj8J9Iu.s 			page 6


 234 004f 02       		.uleb128 0x2
 235 0050 08       		.byte	0x8
 236 0051 05       		.byte	0x5
 237 0052 9F010000 		.4byte	.LASF6
 238 0056 02       		.uleb128 0x2
 239 0057 08       		.byte	0x8
 240 0058 07       		.byte	0x7
 241 0059 C8000000 		.4byte	.LASF7
 242 005d 03       		.uleb128 0x3
 243 005e 04       		.byte	0x4
 244 005f 05       		.byte	0x5
 245 0060 696E7400 		.ascii	"int\000"
 246 0064 02       		.uleb128 0x2
 247 0065 04       		.byte	0x4
 248 0066 07       		.byte	0x7
 249 0067 91000000 		.4byte	.LASF8
 250 006b 04       		.uleb128 0x4
 251 006c C5010000 		.4byte	.LASF31
 252 0070 04       		.byte	0x4
 253 0071 E401     		.2byte	0x1e4
 254 0073 2C000000 		.4byte	0x2c
 255 0077 02       		.uleb128 0x2
 256 0078 04       		.byte	0x4
 257 0079 04       		.byte	0x4
 258 007a 38000000 		.4byte	.LASF9
 259 007e 02       		.uleb128 0x2
 260 007f 08       		.byte	0x8
 261 0080 04       		.byte	0x4
 262 0081 7A000000 		.4byte	.LASF10
 263 0085 02       		.uleb128 0x2
 264 0086 01       		.byte	0x1
 265 0087 08       		.byte	0x8
 266 0088 B6010000 		.4byte	.LASF11
 267 008c 02       		.uleb128 0x2
 268 008d 08       		.byte	0x8
 269 008e 04       		.byte	0x4
 270 008f E2010000 		.4byte	.LASF12
 271 0093 02       		.uleb128 0x2
 272 0094 04       		.byte	0x4
 273 0095 07       		.byte	0x7
 274 0096 8C010000 		.4byte	.LASF13
 275 009a 05       		.uleb128 0x5
 276 009b 04       		.byte	0x4
 277 009c 85000000 		.4byte	0x85
 278 00a0 06       		.uleb128 0x6
 279 00a1 85000000 		.4byte	0x85
 280 00a5 B0000000 		.4byte	0xb0
 281 00a9 07       		.uleb128 0x7
 282 00aa 93000000 		.4byte	0x93
 283 00ae 07       		.byte	0x7
 284 00af 00       		.byte	0
 285 00b0 08       		.uleb128 0x8
 286 00b1 AF000000 		.4byte	.LASF14
 287 00b5 01       		.byte	0x1
 288 00b6 0F       		.byte	0xf
 289 00b7 00000000 		.4byte	.LFB35
 290 00bb 5C000000 		.4byte	.LFE35-.LFB35
ARM GAS  C:\Users\manko\AppData\Local\Temp\ccj8J9Iu.s 			page 7


 291 00bf 01       		.uleb128 0x1
 292 00c0 9C       		.byte	0x9c
 293 00c1 7C010000 		.4byte	0x17c
 294 00c5 09       		.uleb128 0x9
 295 00c6 73747200 		.ascii	"str\000"
 296 00ca 01       		.byte	0x1
 297 00cb 0F       		.byte	0xf
 298 00cc 9A000000 		.4byte	0x9a
 299 00d0 00000000 		.4byte	.LLST0
 300 00d4 0A       		.uleb128 0xa
 301 00d5 0A000000 		.4byte	.LVL2
 302 00d9 69020000 		.4byte	0x269
 303 00dd E7000000 		.4byte	0xe7
 304 00e1 0B       		.uleb128 0xb
 305 00e2 01       		.uleb128 0x1
 306 00e3 50       		.byte	0x50
 307 00e4 01       		.uleb128 0x1
 308 00e5 31       		.byte	0x31
 309 00e6 00       		.byte	0
 310 00e7 0A       		.uleb128 0xa
 311 00e8 1A000000 		.4byte	.LVL3
 312 00ec 74020000 		.4byte	0x274
 313 00f0 0A010000 		.4byte	0x10a
 314 00f4 0B       		.uleb128 0xb
 315 00f5 01       		.uleb128 0x1
 316 00f6 50       		.byte	0x50
 317 00f7 02       		.uleb128 0x2
 318 00f8 74       		.byte	0x74
 319 00f9 00       		.sleb128 0
 320 00fa 0B       		.uleb128 0xb
 321 00fb 01       		.uleb128 0x1
 322 00fc 51       		.byte	0x51
 323 00fd 05       		.uleb128 0x5
 324 00fe 03       		.byte	0x3
 325 00ff 00000000 		.4byte	.LC1
 326 0103 0B       		.uleb128 0xb
 327 0104 01       		.uleb128 0x1
 328 0105 52       		.byte	0x52
 329 0106 02       		.uleb128 0x2
 330 0107 75       		.byte	0x75
 331 0108 00       		.sleb128 0
 332 0109 00       		.byte	0
 333 010a 0A       		.uleb128 0xa
 334 010b 22000000 		.4byte	.LVL4
 335 010f 7F020000 		.4byte	0x27f
 336 0113 22010000 		.4byte	0x122
 337 0117 0B       		.uleb128 0xb
 338 0118 01       		.uleb128 0x1
 339 0119 50       		.byte	0x50
 340 011a 01       		.uleb128 0x1
 341 011b 30       		.byte	0x30
 342 011c 0B       		.uleb128 0xb
 343 011d 01       		.uleb128 0x1
 344 011e 51       		.byte	0x51
 345 011f 01       		.uleb128 0x1
 346 0120 30       		.byte	0x30
 347 0121 00       		.byte	0
ARM GAS  C:\Users\manko\AppData\Local\Temp\ccj8J9Iu.s 			page 8


 348 0122 0A       		.uleb128 0xa
 349 0123 28000000 		.4byte	.LVL5
 350 0127 8A020000 		.4byte	0x28a
 351 012b 36010000 		.4byte	0x136
 352 012f 0B       		.uleb128 0xb
 353 0130 01       		.uleb128 0x1
 354 0131 50       		.byte	0x50
 355 0132 02       		.uleb128 0x2
 356 0133 74       		.byte	0x74
 357 0134 00       		.sleb128 0
 358 0135 00       		.byte	0
 359 0136 0A       		.uleb128 0xa
 360 0137 36000000 		.4byte	.LVL6
 361 013b 74020000 		.4byte	0x274
 362 013f 53010000 		.4byte	0x153
 363 0143 0B       		.uleb128 0xb
 364 0144 01       		.uleb128 0x1
 365 0145 50       		.byte	0x50
 366 0146 02       		.uleb128 0x2
 367 0147 74       		.byte	0x74
 368 0148 00       		.sleb128 0
 369 0149 0B       		.uleb128 0xb
 370 014a 01       		.uleb128 0x1
 371 014b 51       		.byte	0x51
 372 014c 05       		.uleb128 0x5
 373 014d 03       		.byte	0x3
 374 014e 0C000000 		.4byte	.LC5
 375 0152 00       		.byte	0
 376 0153 0A       		.uleb128 0xa
 377 0154 3E000000 		.4byte	.LVL7
 378 0158 7F020000 		.4byte	0x27f
 379 015c 6B010000 		.4byte	0x16b
 380 0160 0B       		.uleb128 0xb
 381 0161 01       		.uleb128 0x1
 382 0162 50       		.byte	0x50
 383 0163 01       		.uleb128 0x1
 384 0164 31       		.byte	0x31
 385 0165 0B       		.uleb128 0xb
 386 0166 01       		.uleb128 0x1
 387 0167 51       		.byte	0x51
 388 0168 01       		.uleb128 0x1
 389 0169 30       		.byte	0x30
 390 016a 00       		.byte	0
 391 016b 0C       		.uleb128 0xc
 392 016c 44000000 		.4byte	.LVL8
 393 0170 8A020000 		.4byte	0x28a
 394 0174 0B       		.uleb128 0xb
 395 0175 01       		.uleb128 0x1
 396 0176 50       		.byte	0x50
 397 0177 02       		.uleb128 0x2
 398 0178 74       		.byte	0x74
 399 0179 00       		.sleb128 0
 400 017a 00       		.byte	0
 401 017b 00       		.byte	0
 402 017c 08       		.uleb128 0x8
 403 017d 9E000000 		.4byte	.LASF15
 404 0181 01       		.byte	0x1
ARM GAS  C:\Users\manko\AppData\Local\Temp\ccj8J9Iu.s 			page 9


 405 0182 19       		.byte	0x19
 406 0183 00000000 		.4byte	.LFB36
 407 0187 38000000 		.4byte	.LFE36-.LFB36
 408 018b 01       		.uleb128 0x1
 409 018c 9C       		.byte	0x9c
 410 018d D3010000 		.4byte	0x1d3
 411 0191 0A       		.uleb128 0xa
 412 0192 1A000000 		.4byte	.LVL10
 413 0196 B0000000 		.4byte	0xb0
 414 019a A8010000 		.4byte	0x1a8
 415 019e 0B       		.uleb128 0xb
 416 019f 01       		.uleb128 0x1
 417 01a0 50       		.byte	0x50
 418 01a1 05       		.uleb128 0x5
 419 01a2 03       		.byte	0x3
 420 01a3 00000000 		.4byte	.LANCHOR1
 421 01a7 00       		.byte	0
 422 01a8 0A       		.uleb128 0xa
 423 01a9 24000000 		.4byte	.LVL11
 424 01ad B0000000 		.4byte	0xb0
 425 01b1 BF010000 		.4byte	0x1bf
 426 01b5 0B       		.uleb128 0xb
 427 01b6 01       		.uleb128 0x1
 428 01b7 50       		.byte	0x50
 429 01b8 05       		.uleb128 0x5
 430 01b9 03       		.byte	0x3
 431 01ba 08000000 		.4byte	.LANCHOR1+8
 432 01be 00       		.byte	0
 433 01bf 0C       		.uleb128 0xc
 434 01c0 2E000000 		.4byte	.LVL12
 435 01c4 B0000000 		.4byte	0xb0
 436 01c8 0B       		.uleb128 0xb
 437 01c9 01       		.uleb128 0x1
 438 01ca 50       		.byte	0x50
 439 01cb 05       		.uleb128 0x5
 440 01cc 03       		.byte	0x3
 441 01cd 10000000 		.4byte	.LANCHOR1+16
 442 01d1 00       		.byte	0
 443 01d2 00       		.byte	0
 444 01d3 06       		.uleb128 0x6
 445 01d4 85000000 		.4byte	0x85
 446 01d8 E3010000 		.4byte	0x1e3
 447 01dc 07       		.uleb128 0x7
 448 01dd 93000000 		.4byte	0x93
 449 01e1 10       		.byte	0x10
 450 01e2 00       		.byte	0
 451 01e3 0D       		.uleb128 0xd
 452 01e4 00000000 		.4byte	.LASF16
 453 01e8 01       		.byte	0x1
 454 01e9 04       		.byte	0x4
 455 01ea D3010000 		.4byte	0x1d3
 456 01ee 05       		.uleb128 0x5
 457 01ef 03       		.byte	0x3
 458 01f0 00000000 		.4byte	buf1
 459 01f4 0D       		.uleb128 0xd
 460 01f5 05000000 		.4byte	.LASF17
 461 01f9 01       		.byte	0x1
ARM GAS  C:\Users\manko\AppData\Local\Temp\ccj8J9Iu.s 			page 10


 462 01fa 05       		.byte	0x5
 463 01fb D3010000 		.4byte	0x1d3
 464 01ff 05       		.uleb128 0x5
 465 0200 03       		.byte	0x3
 466 0201 14000000 		.4byte	buf2
 467 0205 0E       		.uleb128 0xe
 468 0206 1B000000 		.4byte	.LASF18
 469 020a 01       		.byte	0x1
 470 020b 07       		.byte	0x7
 471 020c 6B000000 		.4byte	0x6b
 472 0210 0E       		.uleb128 0xe
 473 0211 86010000 		.4byte	.LASF19
 474 0215 01       		.byte	0x1
 475 0216 08       		.byte	0x8
 476 0217 6B000000 		.4byte	0x6b
 477 021b 0E       		.uleb128 0xe
 478 021c 95010000 		.4byte	.LASF20
 479 0220 01       		.byte	0x1
 480 0221 09       		.byte	0x9
 481 0222 6B000000 		.4byte	0x6b
 482 0226 06       		.uleb128 0x6
 483 0227 85000000 		.4byte	0x85
 484 022b 36020000 		.4byte	0x236
 485 022f 07       		.uleb128 0x7
 486 0230 93000000 		.4byte	0x93
 487 0234 04       		.byte	0x4
 488 0235 00       		.byte	0
 489 0236 0F       		.uleb128 0xf
 490 0237 3E000000 		.4byte	.LASF21
 491 023b 01       		.byte	0x1
 492 023c 0B       		.byte	0xb
 493 023d 26020000 		.4byte	0x226
 494 0241 05       		.uleb128 0x5
 495 0242 03       		.byte	0x3
 496 0243 00000000 		.4byte	str_stop
 497 0247 0F       		.uleb128 0xf
 498 0248 7A010000 		.4byte	.LASF22
 499 024c 01       		.byte	0x1
 500 024d 0C       		.byte	0xc
 501 024e A0000000 		.4byte	0xa0
 502 0252 05       		.uleb128 0x5
 503 0253 03       		.byte	0x3
 504 0254 00000000 		.4byte	str_forward
 505 0258 0F       		.uleb128 0xf
 506 0259 AD010000 		.4byte	.LASF23
 507 025d 01       		.byte	0x1
 508 025e 0D       		.byte	0xd
 509 025f 26020000 		.4byte	0x226
 510 0263 05       		.uleb128 0x5
 511 0264 03       		.byte	0x3
 512 0265 00000000 		.4byte	str_back
 513 0269 10       		.uleb128 0x10
 514 026a 0A000000 		.4byte	.LASF24
 515 026e 0A000000 		.4byte	.LASF24
 516 0272 02       		.byte	0x2
 517 0273 3A       		.byte	0x3a
 518 0274 10       		.uleb128 0x10
ARM GAS  C:\Users\manko\AppData\Local\Temp\ccj8J9Iu.s 			page 11


 519 0275 FA010000 		.4byte	.LASF25
 520 0279 FA010000 		.4byte	.LASF25
 521 027d 03       		.byte	0x3
 522 027e E7       		.byte	0xe7
 523 027f 10       		.uleb128 0x10
 524 0280 DF000000 		.4byte	.LASF26
 525 0284 DF000000 		.4byte	.LASF26
 526 0288 02       		.byte	0x2
 527 0289 3D       		.byte	0x3d
 528 028a 10       		.uleb128 0x10
 529 028b 81000000 		.4byte	.LASF27
 530 028f 81000000 		.4byte	.LASF27
 531 0293 02       		.byte	0x2
 532 0294 3C       		.byte	0x3c
 533 0295 00       		.byte	0
 534              		.section	.debug_abbrev,"",%progbits
 535              	.Ldebug_abbrev0:
 536 0000 01       		.uleb128 0x1
 537 0001 11       		.uleb128 0x11
 538 0002 01       		.byte	0x1
 539 0003 25       		.uleb128 0x25
 540 0004 0E       		.uleb128 0xe
 541 0005 13       		.uleb128 0x13
 542 0006 0B       		.uleb128 0xb
 543 0007 03       		.uleb128 0x3
 544 0008 0E       		.uleb128 0xe
 545 0009 1B       		.uleb128 0x1b
 546 000a 0E       		.uleb128 0xe
 547 000b 55       		.uleb128 0x55
 548 000c 17       		.uleb128 0x17
 549 000d 11       		.uleb128 0x11
 550 000e 01       		.uleb128 0x1
 551 000f 10       		.uleb128 0x10
 552 0010 17       		.uleb128 0x17
 553 0011 00       		.byte	0
 554 0012 00       		.byte	0
 555 0013 02       		.uleb128 0x2
 556 0014 24       		.uleb128 0x24
 557 0015 00       		.byte	0
 558 0016 0B       		.uleb128 0xb
 559 0017 0B       		.uleb128 0xb
 560 0018 3E       		.uleb128 0x3e
 561 0019 0B       		.uleb128 0xb
 562 001a 03       		.uleb128 0x3
 563 001b 0E       		.uleb128 0xe
 564 001c 00       		.byte	0
 565 001d 00       		.byte	0
 566 001e 03       		.uleb128 0x3
 567 001f 24       		.uleb128 0x24
 568 0020 00       		.byte	0
 569 0021 0B       		.uleb128 0xb
 570 0022 0B       		.uleb128 0xb
 571 0023 3E       		.uleb128 0x3e
 572 0024 0B       		.uleb128 0xb
 573 0025 03       		.uleb128 0x3
 574 0026 08       		.uleb128 0x8
 575 0027 00       		.byte	0
ARM GAS  C:\Users\manko\AppData\Local\Temp\ccj8J9Iu.s 			page 12


 576 0028 00       		.byte	0
 577 0029 04       		.uleb128 0x4
 578 002a 16       		.uleb128 0x16
 579 002b 00       		.byte	0
 580 002c 03       		.uleb128 0x3
 581 002d 0E       		.uleb128 0xe
 582 002e 3A       		.uleb128 0x3a
 583 002f 0B       		.uleb128 0xb
 584 0030 3B       		.uleb128 0x3b
 585 0031 05       		.uleb128 0x5
 586 0032 49       		.uleb128 0x49
 587 0033 13       		.uleb128 0x13
 588 0034 00       		.byte	0
 589 0035 00       		.byte	0
 590 0036 05       		.uleb128 0x5
 591 0037 0F       		.uleb128 0xf
 592 0038 00       		.byte	0
 593 0039 0B       		.uleb128 0xb
 594 003a 0B       		.uleb128 0xb
 595 003b 49       		.uleb128 0x49
 596 003c 13       		.uleb128 0x13
 597 003d 00       		.byte	0
 598 003e 00       		.byte	0
 599 003f 06       		.uleb128 0x6
 600 0040 01       		.uleb128 0x1
 601 0041 01       		.byte	0x1
 602 0042 49       		.uleb128 0x49
 603 0043 13       		.uleb128 0x13
 604 0044 01       		.uleb128 0x1
 605 0045 13       		.uleb128 0x13
 606 0046 00       		.byte	0
 607 0047 00       		.byte	0
 608 0048 07       		.uleb128 0x7
 609 0049 21       		.uleb128 0x21
 610 004a 00       		.byte	0
 611 004b 49       		.uleb128 0x49
 612 004c 13       		.uleb128 0x13
 613 004d 2F       		.uleb128 0x2f
 614 004e 0B       		.uleb128 0xb
 615 004f 00       		.byte	0
 616 0050 00       		.byte	0
 617 0051 08       		.uleb128 0x8
 618 0052 2E       		.uleb128 0x2e
 619 0053 01       		.byte	0x1
 620 0054 3F       		.uleb128 0x3f
 621 0055 19       		.uleb128 0x19
 622 0056 03       		.uleb128 0x3
 623 0057 0E       		.uleb128 0xe
 624 0058 3A       		.uleb128 0x3a
 625 0059 0B       		.uleb128 0xb
 626 005a 3B       		.uleb128 0x3b
 627 005b 0B       		.uleb128 0xb
 628 005c 27       		.uleb128 0x27
 629 005d 19       		.uleb128 0x19
 630 005e 11       		.uleb128 0x11
 631 005f 01       		.uleb128 0x1
 632 0060 12       		.uleb128 0x12
ARM GAS  C:\Users\manko\AppData\Local\Temp\ccj8J9Iu.s 			page 13


 633 0061 06       		.uleb128 0x6
 634 0062 40       		.uleb128 0x40
 635 0063 18       		.uleb128 0x18
 636 0064 9742     		.uleb128 0x2117
 637 0066 19       		.uleb128 0x19
 638 0067 01       		.uleb128 0x1
 639 0068 13       		.uleb128 0x13
 640 0069 00       		.byte	0
 641 006a 00       		.byte	0
 642 006b 09       		.uleb128 0x9
 643 006c 05       		.uleb128 0x5
 644 006d 00       		.byte	0
 645 006e 03       		.uleb128 0x3
 646 006f 08       		.uleb128 0x8
 647 0070 3A       		.uleb128 0x3a
 648 0071 0B       		.uleb128 0xb
 649 0072 3B       		.uleb128 0x3b
 650 0073 0B       		.uleb128 0xb
 651 0074 49       		.uleb128 0x49
 652 0075 13       		.uleb128 0x13
 653 0076 02       		.uleb128 0x2
 654 0077 17       		.uleb128 0x17
 655 0078 00       		.byte	0
 656 0079 00       		.byte	0
 657 007a 0A       		.uleb128 0xa
 658 007b 898201   		.uleb128 0x4109
 659 007e 01       		.byte	0x1
 660 007f 11       		.uleb128 0x11
 661 0080 01       		.uleb128 0x1
 662 0081 31       		.uleb128 0x31
 663 0082 13       		.uleb128 0x13
 664 0083 01       		.uleb128 0x1
 665 0084 13       		.uleb128 0x13
 666 0085 00       		.byte	0
 667 0086 00       		.byte	0
 668 0087 0B       		.uleb128 0xb
 669 0088 8A8201   		.uleb128 0x410a
 670 008b 00       		.byte	0
 671 008c 02       		.uleb128 0x2
 672 008d 18       		.uleb128 0x18
 673 008e 9142     		.uleb128 0x2111
 674 0090 18       		.uleb128 0x18
 675 0091 00       		.byte	0
 676 0092 00       		.byte	0
 677 0093 0C       		.uleb128 0xc
 678 0094 898201   		.uleb128 0x4109
 679 0097 01       		.byte	0x1
 680 0098 11       		.uleb128 0x11
 681 0099 01       		.uleb128 0x1
 682 009a 31       		.uleb128 0x31
 683 009b 13       		.uleb128 0x13
 684 009c 00       		.byte	0
 685 009d 00       		.byte	0
 686 009e 0D       		.uleb128 0xd
 687 009f 34       		.uleb128 0x34
 688 00a0 00       		.byte	0
 689 00a1 03       		.uleb128 0x3
ARM GAS  C:\Users\manko\AppData\Local\Temp\ccj8J9Iu.s 			page 14


 690 00a2 0E       		.uleb128 0xe
 691 00a3 3A       		.uleb128 0x3a
 692 00a4 0B       		.uleb128 0xb
 693 00a5 3B       		.uleb128 0x3b
 694 00a6 0B       		.uleb128 0xb
 695 00a7 49       		.uleb128 0x49
 696 00a8 13       		.uleb128 0x13
 697 00a9 02       		.uleb128 0x2
 698 00aa 18       		.uleb128 0x18
 699 00ab 00       		.byte	0
 700 00ac 00       		.byte	0
 701 00ad 0E       		.uleb128 0xe
 702 00ae 34       		.uleb128 0x34
 703 00af 00       		.byte	0
 704 00b0 03       		.uleb128 0x3
 705 00b1 0E       		.uleb128 0xe
 706 00b2 3A       		.uleb128 0x3a
 707 00b3 0B       		.uleb128 0xb
 708 00b4 3B       		.uleb128 0x3b
 709 00b5 0B       		.uleb128 0xb
 710 00b6 49       		.uleb128 0x49
 711 00b7 13       		.uleb128 0x13
 712 00b8 3F       		.uleb128 0x3f
 713 00b9 19       		.uleb128 0x19
 714 00ba 3C       		.uleb128 0x3c
 715 00bb 19       		.uleb128 0x19
 716 00bc 00       		.byte	0
 717 00bd 00       		.byte	0
 718 00be 0F       		.uleb128 0xf
 719 00bf 34       		.uleb128 0x34
 720 00c0 00       		.byte	0
 721 00c1 03       		.uleb128 0x3
 722 00c2 0E       		.uleb128 0xe
 723 00c3 3A       		.uleb128 0x3a
 724 00c4 0B       		.uleb128 0xb
 725 00c5 3B       		.uleb128 0x3b
 726 00c6 0B       		.uleb128 0xb
 727 00c7 49       		.uleb128 0x49
 728 00c8 13       		.uleb128 0x13
 729 00c9 3F       		.uleb128 0x3f
 730 00ca 19       		.uleb128 0x19
 731 00cb 02       		.uleb128 0x2
 732 00cc 18       		.uleb128 0x18
 733 00cd 00       		.byte	0
 734 00ce 00       		.byte	0
 735 00cf 10       		.uleb128 0x10
 736 00d0 2E       		.uleb128 0x2e
 737 00d1 00       		.byte	0
 738 00d2 3F       		.uleb128 0x3f
 739 00d3 19       		.uleb128 0x19
 740 00d4 3C       		.uleb128 0x3c
 741 00d5 19       		.uleb128 0x19
 742 00d6 6E       		.uleb128 0x6e
 743 00d7 0E       		.uleb128 0xe
 744 00d8 03       		.uleb128 0x3
 745 00d9 0E       		.uleb128 0xe
 746 00da 3A       		.uleb128 0x3a
ARM GAS  C:\Users\manko\AppData\Local\Temp\ccj8J9Iu.s 			page 15


 747 00db 0B       		.uleb128 0xb
 748 00dc 3B       		.uleb128 0x3b
 749 00dd 0B       		.uleb128 0xb
 750 00de 00       		.byte	0
 751 00df 00       		.byte	0
 752 00e0 00       		.byte	0
 753              		.section	.debug_loc,"",%progbits
 754              	.Ldebug_loc0:
 755              	.LLST0:
 756 0000 00000000 		.4byte	.LVL0
 757 0004 06000000 		.4byte	.LVL1
 758 0008 0100     		.2byte	0x1
 759 000a 50       		.byte	0x50
 760 000b 06000000 		.4byte	.LVL1
 761 000f 44000000 		.4byte	.LVL9
 762 0013 0100     		.2byte	0x1
 763 0015 55       		.byte	0x55
 764 0016 44000000 		.4byte	.LVL9
 765 001a 5C000000 		.4byte	.LFE35
 766 001e 0400     		.2byte	0x4
 767 0020 F3       		.byte	0xf3
 768 0021 01       		.uleb128 0x1
 769 0022 50       		.byte	0x50
 770 0023 9F       		.byte	0x9f
 771 0024 00000000 		.4byte	0
 772 0028 00000000 		.4byte	0
 773              		.section	.debug_aranges,"",%progbits
 774 0000 24000000 		.4byte	0x24
 775 0004 0200     		.2byte	0x2
 776 0006 00000000 		.4byte	.Ldebug_info0
 777 000a 04       		.byte	0x4
 778 000b 00       		.byte	0
 779 000c 0000     		.2byte	0
 780 000e 0000     		.2byte	0
 781 0010 00000000 		.4byte	.LFB35
 782 0014 5C000000 		.4byte	.LFE35-.LFB35
 783 0018 00000000 		.4byte	.LFB36
 784 001c 38000000 		.4byte	.LFE36-.LFB36
 785 0020 00000000 		.4byte	0
 786 0024 00000000 		.4byte	0
 787              		.section	.debug_ranges,"",%progbits
 788              	.Ldebug_ranges0:
 789 0000 00000000 		.4byte	.LFB35
 790 0004 5C000000 		.4byte	.LFE35
 791 0008 00000000 		.4byte	.LFB36
 792 000c 38000000 		.4byte	.LFE36
 793 0010 00000000 		.4byte	0
 794 0014 00000000 		.4byte	0
 795              		.section	.debug_line,"",%progbits
 796              	.Ldebug_line0:
 797 0000 FC000000 		.section	.debug_str,"MS",%progbits,1
 797      0200C900 
 797      00000201 
 797      FB0E0D00 
 797      01010101 
 798              	.LASF16:
 799 0000 62756631 		.ascii	"buf1\000"
ARM GAS  C:\Users\manko\AppData\Local\Temp\ccj8J9Iu.s 			page 16


 799      00
 800              	.LASF17:
 801 0005 62756632 		.ascii	"buf2\000"
 801      00
 802              	.LASF24:
 803 000a 4C43445F 		.ascii	"LCD_WriteControl\000"
 803      57726974 
 803      65436F6E 
 803      74726F6C 
 803      00
 804              	.LASF18:
 805 001b 64697265 		.ascii	"direction\000"
 805      6374696F 
 805      6E00
 806              	.LASF29:
 807 0025 6C63645F 		.ascii	"lcd_status_rotor.c\000"
 807      73746174 
 807      75735F72 
 807      6F746F72 
 807      2E6300
 808              	.LASF9:
 809 0038 666C6F61 		.ascii	"float\000"
 809      7400
 810              	.LASF21:
 811 003e 7374725F 		.ascii	"str_stop\000"
 811      73746F70 
 811      00
 812              	.LASF1:
 813 0047 756E7369 		.ascii	"unsigned char\000"
 813      676E6564 
 813      20636861 
 813      7200
 814              	.LASF5:
 815 0055 6C6F6E67 		.ascii	"long unsigned int\000"
 815      20756E73 
 815      69676E65 
 815      6420696E 
 815      7400
 816              	.LASF3:
 817 0067 73686F72 		.ascii	"short unsigned int\000"
 817      7420756E 
 817      7369676E 
 817      65642069 
 817      6E7400
 818              	.LASF10:
 819 007a 646F7562 		.ascii	"double\000"
 819      6C6500
 820              	.LASF27:
 821 0081 4C43445F 		.ascii	"LCD_PrintString\000"
 821      5072696E 
 821      74537472 
 821      696E6700 
 822              	.LASF8:
 823 0091 756E7369 		.ascii	"unsigned int\000"
 823      676E6564 
 823      20696E74 
 823      00
ARM GAS  C:\Users\manko\AppData\Local\Temp\ccj8J9Iu.s 			page 17


 824              	.LASF15:
 825 009e 73776974 		.ascii	"switch_direction\000"
 825      63685F64 
 825      69726563 
 825      74696F6E 
 825      00
 826              	.LASF14:
 827 00af 6C63645F 		.ascii	"lcd_show_rotor_direction\000"
 827      73686F77 
 827      5F726F74 
 827      6F725F64 
 827      69726563 
 828              	.LASF7:
 829 00c8 6C6F6E67 		.ascii	"long long unsigned int\000"
 829      206C6F6E 
 829      6720756E 
 829      7369676E 
 829      65642069 
 830              	.LASF26:
 831 00df 4C43445F 		.ascii	"LCD_Position\000"
 831      506F7369 
 831      74696F6E 
 831      00
 832              	.LASF28:
 833 00ec 474E5520 		.ascii	"GNU C11 5.4.1 20160609 (release) [ARM/embedded-5-br"
 833      43313120 
 833      352E342E 
 833      31203230 
 833      31363036 
 834 011f 616E6368 		.ascii	"anch revision 237715] -mcpu=cortex-m0 -mthumb -g -O"
 834      20726576 
 834      6973696F 
 834      6E203233 
 834      37373135 
 835 0152 67202D66 		.ascii	"g -ffunction-sections -ffat-lto-objects\000"
 835      66756E63 
 835      74696F6E 
 835      2D736563 
 835      74696F6E 
 836              	.LASF22:
 837 017a 7374725F 		.ascii	"str_forward\000"
 837      666F7277 
 837      61726400 
 838              	.LASF19:
 839 0186 73706565 		.ascii	"speed\000"
 839      6400
 840              	.LASF13:
 841 018c 73697A65 		.ascii	"sizetype\000"
 841      74797065 
 841      00
 842              	.LASF20:
 843 0195 76616C75 		.ascii	"value_PWM\000"
 843      655F5057 
 843      4D00
 844              	.LASF6:
 845 019f 6C6F6E67 		.ascii	"long long int\000"
 845      206C6F6E 
ARM GAS  C:\Users\manko\AppData\Local\Temp\ccj8J9Iu.s 			page 18


 845      6720696E 
 845      7400
 846              	.LASF23:
 847 01ad 7374725F 		.ascii	"str_back\000"
 847      6261636B 
 847      00
 848              	.LASF11:
 849 01b6 63686172 		.ascii	"char\000"
 849      00
 850              	.LASF2:
 851 01bb 73686F72 		.ascii	"short int\000"
 851      7420696E 
 851      7400
 852              	.LASF31:
 853 01c5 75696E74 		.ascii	"uint8\000"
 853      3800
 854              	.LASF30:
 855 01cb 443A5C4C 		.ascii	"D:\\Lab5.cydsn\000"
 855      6162352E 
 855      63796473 
 855      6E00
 856              	.LASF4:
 857 01d9 6C6F6E67 		.ascii	"long int\000"
 857      20696E74 
 857      00
 858              	.LASF12:
 859 01e2 6C6F6E67 		.ascii	"long double\000"
 859      20646F75 
 859      626C6500 
 860              	.LASF0:
 861 01ee 7369676E 		.ascii	"signed char\000"
 861      65642063 
 861      68617200 
 862              	.LASF25:
 863 01fa 73707269 		.ascii	"sprintf\000"
 863      6E746600 
 864              		.ident	"GCC: (GNU Tools for ARM Embedded Processors) 5.4.1 20160609 (release) [ARM/embedded-5-bran
