ARM GAS  C:\Users\manko\AppData\Local\Temp\cc3GzlO1.s 			page 1


   1              		.syntax unified
   2              		.cpu cortex-m0
   3              		.fpu softvfp
   4              		.eabi_attribute 20, 1
   5              		.eabi_attribute 21, 1
   6              		.eabi_attribute 23, 3
   7              		.eabi_attribute 24, 1
   8              		.eabi_attribute 25, 1
   9              		.eabi_attribute 26, 1
  10              		.eabi_attribute 30, 1
  11              		.eabi_attribute 34, 0
  12              		.eabi_attribute 18, 4
  13              		.thumb
  14              		.syntax unified
  15              		.file	"main.c"
  16              		.text
  17              	.Ltext0:
  18              		.cfi_sections	.debug_frame
  19              		.section	.text.main,"ax",%progbits
  20              		.align	2
  21              		.global	main
  22              		.code	16
  23              		.thumb_func
  24              		.type	main, %function
  25              	main:
  26              	.LFB34:
  27              		.file 1 "main.c"
   1:main.c        **** #include "lab.h"
   2:main.c        **** 
   3:main.c        **** int main(void)
   4:main.c        **** {
  28              		.loc 1 4 0
  29              		.cfi_startproc
  30              		@ Volatile: function does not return.
  31              		@ args = 0, pretend = 0, frame = 0
  32              		@ frame_needed = 0, uses_anonymous_args = 0
  33 0000 10B5     		push	{r4, lr}
  34              		.cfi_def_cfa_offset 8
  35              		.cfi_offset 4, -8
  36              		.cfi_offset 14, -4
   5:main.c        ****     CyGlobalIntEnable; /* Enable global interrupts. */
  37              		.loc 1 5 0
  38              		.syntax divided
  39              	@ 5 "main.c" 1
  40 0002 62B6     		CPSIE   i
  41              	@ 0 "" 2
   6:main.c        ****     algorithm_init();
  42              		.loc 1 6 0
  43              		.thumb
  44              		.syntax unified
  45 0004 FFF7FEFF 		bl	algorithm_init
  46              	.LVL0:
   7:main.c        ****     LCD_Start();
  47              		.loc 1 7 0
  48 0008 FFF7FEFF 		bl	LCD_Start
  49              	.LVL1:
   8:main.c        ****     encoder_start();
ARM GAS  C:\Users\manko\AppData\Local\Temp\cc3GzlO1.s 			page 2


  50              		.loc 1 8 0
  51 000c FFF7FEFF 		bl	encoder_start
  52              	.LVL2:
  53              	.L2:
  54              	.LBB2:
   9:main.c        ****     /* Place your initialization/startup code here (e.g. MyInst_Start()) */
  10:main.c        **** 
  11:main.c        ****     for(;;)
  12:main.c        ****     {   
  13:main.c        ****         switch_direction();
  55              		.loc 1 13 0 discriminator 1
  56 0010 FFF7FEFF 		bl	switch_direction
  57              	.LVL3:
  14:main.c        ****         algorithm_work_rotor();       
  58              		.loc 1 14 0 discriminator 1
  59 0014 FFF7FEFF 		bl	algorithm_work_rotor
  60              	.LVL4:
  61 0018 FAE7     		b	.L2
  62              	.LBE2:
  63              		.cfi_endproc
  64              	.LFE34:
  65              		.size	main, .-main
  66 001a C046     		.text
  67              	.Letext0:
  68              		.file 2 "algorithm.h"
  69              		.file 3 "Generated_Source\\PSoC4/LCD.h"
  70              		.section	.debug_info,"",%progbits
  71              	.Ldebug_info0:
  72 0000 39010000 		.4byte	0x139
  73 0004 0400     		.2byte	0x4
  74 0006 00000000 		.4byte	.Ldebug_abbrev0
  75 000a 04       		.byte	0x4
  76 000b 01       		.uleb128 0x1
  77 000c A2000000 		.4byte	.LASF19
  78 0010 0C       		.byte	0xc
  79 0011 1B000000 		.4byte	.LASF20
  80 0015 8D000000 		.4byte	.LASF21
  81 0019 00000000 		.4byte	.Ldebug_ranges0+0
  82 001d 00000000 		.4byte	0
  83 0021 00000000 		.4byte	.Ldebug_line0
  84 0025 02       		.uleb128 0x2
  85 0026 01       		.byte	0x1
  86 0027 06       		.byte	0x6
  87 0028 94010000 		.4byte	.LASF0
  88 002c 02       		.uleb128 0x2
  89 002d 01       		.byte	0x1
  90 002e 08       		.byte	0x8
  91 002f 71000000 		.4byte	.LASF1
  92 0033 02       		.uleb128 0x2
  93 0034 02       		.byte	0x2
  94 0035 05       		.byte	0x5
  95 0036 66010000 		.4byte	.LASF2
  96 003a 02       		.uleb128 0x2
  97 003b 02       		.byte	0x2
  98 003c 07       		.byte	0x7
  99 003d 30010000 		.4byte	.LASF3
 100 0041 02       		.uleb128 0x2
ARM GAS  C:\Users\manko\AppData\Local\Temp\cc3GzlO1.s 			page 3


 101 0042 04       		.byte	0x4
 102 0043 05       		.byte	0x5
 103 0044 84000000 		.4byte	.LASF4
 104 0048 02       		.uleb128 0x2
 105 0049 04       		.byte	0x4
 106 004a 07       		.byte	0x7
 107 004b 38000000 		.4byte	.LASF5
 108 004f 02       		.uleb128 0x2
 109 0050 08       		.byte	0x8
 110 0051 05       		.byte	0x5
 111 0052 00000000 		.4byte	.LASF6
 112 0056 02       		.uleb128 0x2
 113 0057 08       		.byte	0x8
 114 0058 07       		.byte	0x7
 115 0059 4A000000 		.4byte	.LASF7
 116 005d 03       		.uleb128 0x3
 117 005e 04       		.byte	0x4
 118 005f 05       		.byte	0x5
 119 0060 696E7400 		.ascii	"int\000"
 120 0064 02       		.uleb128 0x2
 121 0065 04       		.byte	0x4
 122 0066 07       		.byte	0x7
 123 0067 0E000000 		.4byte	.LASF8
 124 006b 02       		.uleb128 0x2
 125 006c 04       		.byte	0x4
 126 006d 04       		.byte	0x4
 127 006e 6B000000 		.4byte	.LASF9
 128 0072 02       		.uleb128 0x2
 129 0073 08       		.byte	0x8
 130 0074 04       		.byte	0x4
 131 0075 9B000000 		.4byte	.LASF10
 132 0079 02       		.uleb128 0x2
 133 007a 01       		.byte	0x1
 134 007b 08       		.byte	0x8
 135 007c 7F000000 		.4byte	.LASF11
 136 0080 02       		.uleb128 0x2
 137 0081 08       		.byte	0x8
 138 0082 04       		.byte	0x4
 139 0083 51010000 		.4byte	.LASF12
 140 0087 02       		.uleb128 0x2
 141 0088 04       		.byte	0x4
 142 0089 07       		.byte	0x7
 143 008a 5D010000 		.4byte	.LASF13
 144 008e 04       		.uleb128 0x4
 145 008f 22000000 		.4byte	.LASF22
 146 0093 01       		.byte	0x1
 147 0094 03       		.byte	0x3
 148 0095 5D000000 		.4byte	0x5d
 149 0099 00000000 		.4byte	.LFB34
 150 009d 1A000000 		.4byte	.LFE34-.LFB34
 151 00a1 01       		.uleb128 0x1
 152 00a2 9C       		.byte	0x9c
 153 00a3 05010000 		.4byte	0x105
 154 00a7 05       		.uleb128 0x5
 155 00a8 43010000 		.4byte	.LASF14
 156 00ac 01       		.byte	0x1
 157 00ad 08       		.byte	0x8
ARM GAS  C:\Users\manko\AppData\Local\Temp\cc3GzlO1.s 			page 4


 158 00ae 5D000000 		.4byte	0x5d
 159 00b2 B8000000 		.4byte	0xb8
 160 00b6 06       		.uleb128 0x6
 161 00b7 00       		.byte	0
 162 00b8 07       		.uleb128 0x7
 163 00b9 10000000 		.4byte	.LBB2
 164 00bd 0A000000 		.4byte	.LBE2-.LBB2
 165 00c1 E9000000 		.4byte	0xe9
 166 00c5 05       		.uleb128 0x5
 167 00c6 27000000 		.4byte	.LASF15
 168 00ca 01       		.byte	0x1
 169 00cb 0D       		.byte	0xd
 170 00cc 5D000000 		.4byte	0x5d
 171 00d0 D6000000 		.4byte	0xd6
 172 00d4 06       		.uleb128 0x6
 173 00d5 00       		.byte	0
 174 00d6 08       		.uleb128 0x8
 175 00d7 14000000 		.4byte	.LVL3
 176 00db 05010000 		.4byte	0x105
 177 00df 08       		.uleb128 0x8
 178 00e0 18000000 		.4byte	.LVL4
 179 00e4 10010000 		.4byte	0x110
 180 00e8 00       		.byte	0
 181 00e9 08       		.uleb128 0x8
 182 00ea 08000000 		.4byte	.LVL0
 183 00ee 1B010000 		.4byte	0x11b
 184 00f2 08       		.uleb128 0x8
 185 00f3 0C000000 		.4byte	.LVL1
 186 00f7 26010000 		.4byte	0x126
 187 00fb 08       		.uleb128 0x8
 188 00fc 10000000 		.4byte	.LVL2
 189 0100 31010000 		.4byte	0x131
 190 0104 00       		.byte	0
 191 0105 09       		.uleb128 0x9
 192 0106 27000000 		.4byte	.LASF15
 193 010a 27000000 		.4byte	.LASF15
 194 010e 01       		.byte	0x1
 195 010f 0D       		.byte	0xd
 196 0110 09       		.uleb128 0x9
 197 0111 7F010000 		.4byte	.LASF16
 198 0115 7F010000 		.4byte	.LASF16
 199 0119 02       		.byte	0x2
 200 011a 06       		.byte	0x6
 201 011b 09       		.uleb128 0x9
 202 011c 70010000 		.4byte	.LASF17
 203 0120 70010000 		.4byte	.LASF17
 204 0124 02       		.byte	0x2
 205 0125 04       		.byte	0x4
 206 0126 09       		.uleb128 0x9
 207 0127 61000000 		.4byte	.LASF18
 208 012b 61000000 		.4byte	.LASF18
 209 012f 03       		.byte	0x3
 210 0130 38       		.byte	0x38
 211 0131 09       		.uleb128 0x9
 212 0132 43010000 		.4byte	.LASF14
 213 0136 43010000 		.4byte	.LASF14
 214 013a 01       		.byte	0x1
ARM GAS  C:\Users\manko\AppData\Local\Temp\cc3GzlO1.s 			page 5


 215 013b 08       		.byte	0x8
 216 013c 00       		.byte	0
 217              		.section	.debug_abbrev,"",%progbits
 218              	.Ldebug_abbrev0:
 219 0000 01       		.uleb128 0x1
 220 0001 11       		.uleb128 0x11
 221 0002 01       		.byte	0x1
 222 0003 25       		.uleb128 0x25
 223 0004 0E       		.uleb128 0xe
 224 0005 13       		.uleb128 0x13
 225 0006 0B       		.uleb128 0xb
 226 0007 03       		.uleb128 0x3
 227 0008 0E       		.uleb128 0xe
 228 0009 1B       		.uleb128 0x1b
 229 000a 0E       		.uleb128 0xe
 230 000b 55       		.uleb128 0x55
 231 000c 17       		.uleb128 0x17
 232 000d 11       		.uleb128 0x11
 233 000e 01       		.uleb128 0x1
 234 000f 10       		.uleb128 0x10
 235 0010 17       		.uleb128 0x17
 236 0011 00       		.byte	0
 237 0012 00       		.byte	0
 238 0013 02       		.uleb128 0x2
 239 0014 24       		.uleb128 0x24
 240 0015 00       		.byte	0
 241 0016 0B       		.uleb128 0xb
 242 0017 0B       		.uleb128 0xb
 243 0018 3E       		.uleb128 0x3e
 244 0019 0B       		.uleb128 0xb
 245 001a 03       		.uleb128 0x3
 246 001b 0E       		.uleb128 0xe
 247 001c 00       		.byte	0
 248 001d 00       		.byte	0
 249 001e 03       		.uleb128 0x3
 250 001f 24       		.uleb128 0x24
 251 0020 00       		.byte	0
 252 0021 0B       		.uleb128 0xb
 253 0022 0B       		.uleb128 0xb
 254 0023 3E       		.uleb128 0x3e
 255 0024 0B       		.uleb128 0xb
 256 0025 03       		.uleb128 0x3
 257 0026 08       		.uleb128 0x8
 258 0027 00       		.byte	0
 259 0028 00       		.byte	0
 260 0029 04       		.uleb128 0x4
 261 002a 2E       		.uleb128 0x2e
 262 002b 01       		.byte	0x1
 263 002c 3F       		.uleb128 0x3f
 264 002d 19       		.uleb128 0x19
 265 002e 03       		.uleb128 0x3
 266 002f 0E       		.uleb128 0xe
 267 0030 3A       		.uleb128 0x3a
 268 0031 0B       		.uleb128 0xb
 269 0032 3B       		.uleb128 0x3b
 270 0033 0B       		.uleb128 0xb
 271 0034 27       		.uleb128 0x27
ARM GAS  C:\Users\manko\AppData\Local\Temp\cc3GzlO1.s 			page 6


 272 0035 19       		.uleb128 0x19
 273 0036 49       		.uleb128 0x49
 274 0037 13       		.uleb128 0x13
 275 0038 8701     		.uleb128 0x87
 276 003a 19       		.uleb128 0x19
 277 003b 11       		.uleb128 0x11
 278 003c 01       		.uleb128 0x1
 279 003d 12       		.uleb128 0x12
 280 003e 06       		.uleb128 0x6
 281 003f 40       		.uleb128 0x40
 282 0040 18       		.uleb128 0x18
 283 0041 9742     		.uleb128 0x2117
 284 0043 19       		.uleb128 0x19
 285 0044 01       		.uleb128 0x1
 286 0045 13       		.uleb128 0x13
 287 0046 00       		.byte	0
 288 0047 00       		.byte	0
 289 0048 05       		.uleb128 0x5
 290 0049 2E       		.uleb128 0x2e
 291 004a 01       		.byte	0x1
 292 004b 3F       		.uleb128 0x3f
 293 004c 19       		.uleb128 0x19
 294 004d 03       		.uleb128 0x3
 295 004e 0E       		.uleb128 0xe
 296 004f 3A       		.uleb128 0x3a
 297 0050 0B       		.uleb128 0xb
 298 0051 3B       		.uleb128 0x3b
 299 0052 0B       		.uleb128 0xb
 300 0053 49       		.uleb128 0x49
 301 0054 13       		.uleb128 0x13
 302 0055 3C       		.uleb128 0x3c
 303 0056 19       		.uleb128 0x19
 304 0057 01       		.uleb128 0x1
 305 0058 13       		.uleb128 0x13
 306 0059 00       		.byte	0
 307 005a 00       		.byte	0
 308 005b 06       		.uleb128 0x6
 309 005c 18       		.uleb128 0x18
 310 005d 00       		.byte	0
 311 005e 00       		.byte	0
 312 005f 00       		.byte	0
 313 0060 07       		.uleb128 0x7
 314 0061 0B       		.uleb128 0xb
 315 0062 01       		.byte	0x1
 316 0063 11       		.uleb128 0x11
 317 0064 01       		.uleb128 0x1
 318 0065 12       		.uleb128 0x12
 319 0066 06       		.uleb128 0x6
 320 0067 01       		.uleb128 0x1
 321 0068 13       		.uleb128 0x13
 322 0069 00       		.byte	0
 323 006a 00       		.byte	0
 324 006b 08       		.uleb128 0x8
 325 006c 898201   		.uleb128 0x4109
 326 006f 00       		.byte	0
 327 0070 11       		.uleb128 0x11
 328 0071 01       		.uleb128 0x1
ARM GAS  C:\Users\manko\AppData\Local\Temp\cc3GzlO1.s 			page 7


 329 0072 31       		.uleb128 0x31
 330 0073 13       		.uleb128 0x13
 331 0074 00       		.byte	0
 332 0075 00       		.byte	0
 333 0076 09       		.uleb128 0x9
 334 0077 2E       		.uleb128 0x2e
 335 0078 00       		.byte	0
 336 0079 3F       		.uleb128 0x3f
 337 007a 19       		.uleb128 0x19
 338 007b 3C       		.uleb128 0x3c
 339 007c 19       		.uleb128 0x19
 340 007d 6E       		.uleb128 0x6e
 341 007e 0E       		.uleb128 0xe
 342 007f 03       		.uleb128 0x3
 343 0080 0E       		.uleb128 0xe
 344 0081 3A       		.uleb128 0x3a
 345 0082 0B       		.uleb128 0xb
 346 0083 3B       		.uleb128 0x3b
 347 0084 0B       		.uleb128 0xb
 348 0085 00       		.byte	0
 349 0086 00       		.byte	0
 350 0087 00       		.byte	0
 351              		.section	.debug_aranges,"",%progbits
 352 0000 1C000000 		.4byte	0x1c
 353 0004 0200     		.2byte	0x2
 354 0006 00000000 		.4byte	.Ldebug_info0
 355 000a 04       		.byte	0x4
 356 000b 00       		.byte	0
 357 000c 0000     		.2byte	0
 358 000e 0000     		.2byte	0
 359 0010 00000000 		.4byte	.LFB34
 360 0014 1A000000 		.4byte	.LFE34-.LFB34
 361 0018 00000000 		.4byte	0
 362 001c 00000000 		.4byte	0
 363              		.section	.debug_ranges,"",%progbits
 364              	.Ldebug_ranges0:
 365 0000 00000000 		.4byte	.LFB34
 366 0004 1A000000 		.4byte	.LFE34
 367 0008 00000000 		.4byte	0
 368 000c 00000000 		.4byte	0
 369              		.section	.debug_line,"",%progbits
 370              	.Ldebug_line0:
 371 0000 6D000000 		.section	.debug_str,"MS",%progbits,1
 371      02004C00 
 371      00000201 
 371      FB0E0D00 
 371      01010101 
 372              	.LASF6:
 373 0000 6C6F6E67 		.ascii	"long long int\000"
 373      206C6F6E 
 373      6720696E 
 373      7400
 374              	.LASF8:
 375 000e 756E7369 		.ascii	"unsigned int\000"
 375      676E6564 
 375      20696E74 
 375      00
ARM GAS  C:\Users\manko\AppData\Local\Temp\cc3GzlO1.s 			page 8


 376              	.LASF20:
 377 001b 6D61696E 		.ascii	"main.c\000"
 377      2E6300
 378              	.LASF22:
 379 0022 6D61696E 		.ascii	"main\000"
 379      00
 380              	.LASF15:
 381 0027 73776974 		.ascii	"switch_direction\000"
 381      63685F64 
 381      69726563 
 381      74696F6E 
 381      00
 382              	.LASF5:
 383 0038 6C6F6E67 		.ascii	"long unsigned int\000"
 383      20756E73 
 383      69676E65 
 383      6420696E 
 383      7400
 384              	.LASF7:
 385 004a 6C6F6E67 		.ascii	"long long unsigned int\000"
 385      206C6F6E 
 385      6720756E 
 385      7369676E 
 385      65642069 
 386              	.LASF18:
 387 0061 4C43445F 		.ascii	"LCD_Start\000"
 387      53746172 
 387      7400
 388              	.LASF9:
 389 006b 666C6F61 		.ascii	"float\000"
 389      7400
 390              	.LASF1:
 391 0071 756E7369 		.ascii	"unsigned char\000"
 391      676E6564 
 391      20636861 
 391      7200
 392              	.LASF11:
 393 007f 63686172 		.ascii	"char\000"
 393      00
 394              	.LASF4:
 395 0084 6C6F6E67 		.ascii	"long int\000"
 395      20696E74 
 395      00
 396              	.LASF21:
 397 008d 443A5C4C 		.ascii	"D:\\Lab5.cydsn\000"
 397      6162352E 
 397      63796473 
 397      6E00
 398              	.LASF10:
 399 009b 646F7562 		.ascii	"double\000"
 399      6C6500
 400              	.LASF19:
 401 00a2 474E5520 		.ascii	"GNU C11 5.4.1 20160609 (release) [ARM/embedded-5-br"
 401      43313120 
 401      352E342E 
 401      31203230 
 401      31363036 
ARM GAS  C:\Users\manko\AppData\Local\Temp\cc3GzlO1.s 			page 9


 402 00d5 616E6368 		.ascii	"anch revision 237715] -mcpu=cortex-m0 -mthumb -g -O"
 402      20726576 
 402      6973696F 
 402      6E203233 
 402      37373135 
 403 0108 67202D66 		.ascii	"g -ffunction-sections -ffat-lto-objects\000"
 403      66756E63 
 403      74696F6E 
 403      2D736563 
 403      74696F6E 
 404              	.LASF3:
 405 0130 73686F72 		.ascii	"short unsigned int\000"
 405      7420756E 
 405      7369676E 
 405      65642069 
 405      6E7400
 406              	.LASF14:
 407 0143 656E636F 		.ascii	"encoder_start\000"
 407      6465725F 
 407      73746172 
 407      7400
 408              	.LASF12:
 409 0151 6C6F6E67 		.ascii	"long double\000"
 409      20646F75 
 409      626C6500 
 410              	.LASF13:
 411 015d 73697A65 		.ascii	"sizetype\000"
 411      74797065 
 411      00
 412              	.LASF2:
 413 0166 73686F72 		.ascii	"short int\000"
 413      7420696E 
 413      7400
 414              	.LASF17:
 415 0170 616C676F 		.ascii	"algorithm_init\000"
 415      72697468 
 415      6D5F696E 
 415      697400
 416              	.LASF16:
 417 017f 616C676F 		.ascii	"algorithm_work_rotor\000"
 417      72697468 
 417      6D5F776F 
 417      726B5F72 
 417      6F746F72 
 418              	.LASF0:
 419 0194 7369676E 		.ascii	"signed char\000"
 419      65642063 
 419      68617200 
 420              		.ident	"GCC: (GNU Tools for ARM Embedded Processors) 5.4.1 20160609 (release) [ARM/embedded-5-bran
