ARM GAS  C:\Users\manko\AppData\Local\Temp\cc3vRZs7.s 			page 1


   1              		.syntax unified
   2              		.cpu cortex-m0
   3              		.fpu softvfp
   4              		.eabi_attribute 20, 1
   5              		.eabi_attribute 21, 1
   6              		.eabi_attribute 23, 3
   7              		.eabi_attribute 24, 1
   8              		.eabi_attribute 25, 1
   9              		.eabi_attribute 26, 1
  10              		.eabi_attribute 30, 1
  11              		.eabi_attribute 34, 0
  12              		.eabi_attribute 18, 4
  13              		.thumb
  14              		.syntax unified
  15              		.file	"stage_rotor.c"
  16              		.text
  17              	.Ltext0:
  18              		.cfi_sections	.debug_frame
  19              		.section	.text.set_stage,"ax",%progbits
  20              		.align	2
  21              		.global	set_stage
  22              		.code	16
  23              		.thumb_func
  24              		.type	set_stage, %function
  25              	set_stage:
  26              	.LFB34:
  27              		.file 1 "stage_rotor.c"
   1:stage_rotor.c **** #include "lab.h"
   2:stage_rotor.c **** 
   3:stage_rotor.c **** void set_stage(int pin1, int pin2, int pin3, int pin4){
  28              		.loc 1 3 0
  29              		.cfi_startproc
  30              		@ args = 0, pretend = 0, frame = 0
  31              		@ frame_needed = 0, uses_anonymous_args = 0
  32              	.LVL0:
  33 0000 70B5     		push	{r4, r5, r6, lr}
  34              		.cfi_def_cfa_offset 16
  35              		.cfi_offset 4, -16
  36              		.cfi_offset 5, -12
  37              		.cfi_offset 6, -8
  38              		.cfi_offset 14, -4
  39 0002 0E00     		movs	r6, r1
  40 0004 1500     		movs	r5, r2
  41 0006 1C00     		movs	r4, r3
   4:stage_rotor.c ****     Pin_1_Write(pin1);
  42              		.loc 1 4 0
  43 0008 C0B2     		uxtb	r0, r0
  44              	.LVL1:
  45 000a FFF7FEFF 		bl	Pin_1_Write
  46              	.LVL2:
   5:stage_rotor.c ****     Pin_2_Write(pin2);
  47              		.loc 1 5 0
  48 000e F0B2     		uxtb	r0, r6
  49 0010 FFF7FEFF 		bl	Pin_2_Write
  50              	.LVL3:
   6:stage_rotor.c ****     Pin_3_Write(pin3);
  51              		.loc 1 6 0
ARM GAS  C:\Users\manko\AppData\Local\Temp\cc3vRZs7.s 			page 2


  52 0014 E8B2     		uxtb	r0, r5
  53 0016 FFF7FEFF 		bl	Pin_3_Write
  54              	.LVL4:
   7:stage_rotor.c ****     Pin_4_Write(pin4);  
  55              		.loc 1 7 0
  56 001a E0B2     		uxtb	r0, r4
  57 001c FFF7FEFF 		bl	Pin_4_Write
  58              	.LVL5:
   8:stage_rotor.c **** }
  59              		.loc 1 8 0
  60              		@ sp needed
  61              	.LVL6:
  62              	.LVL7:
  63              	.LVL8:
  64 0020 70BD     		pop	{r4, r5, r6, pc}
  65              		.cfi_endproc
  66              	.LFE34:
  67              		.size	set_stage, .-set_stage
  68 0022 C046     		.section	.text.stage_1,"ax",%progbits
  69              		.align	2
  70              		.global	stage_1
  71              		.code	16
  72              		.thumb_func
  73              		.type	stage_1, %function
  74              	stage_1:
  75              	.LFB35:
   9:stage_rotor.c **** void stage_1(void){
  76              		.loc 1 9 0
  77              		.cfi_startproc
  78              		@ args = 0, pretend = 0, frame = 0
  79              		@ frame_needed = 0, uses_anonymous_args = 0
  80 0000 10B5     		push	{r4, lr}
  81              		.cfi_def_cfa_offset 8
  82              		.cfi_offset 4, -8
  83              		.cfi_offset 14, -4
  10:stage_rotor.c ****     set_stage(1,1,0,0);   
  84              		.loc 1 10 0
  85 0002 0023     		movs	r3, #0
  86 0004 0022     		movs	r2, #0
  87 0006 0121     		movs	r1, #1
  88 0008 0120     		movs	r0, #1
  89 000a FFF7FEFF 		bl	set_stage
  90              	.LVL9:
  11:stage_rotor.c **** }
  91              		.loc 1 11 0
  92              		@ sp needed
  93 000e 10BD     		pop	{r4, pc}
  94              		.cfi_endproc
  95              	.LFE35:
  96              		.size	stage_1, .-stage_1
  97              		.section	.text.stage_2,"ax",%progbits
  98              		.align	2
  99              		.global	stage_2
 100              		.code	16
 101              		.thumb_func
 102              		.type	stage_2, %function
 103              	stage_2:
ARM GAS  C:\Users\manko\AppData\Local\Temp\cc3vRZs7.s 			page 3


 104              	.LFB36:
  12:stage_rotor.c **** 
  13:stage_rotor.c **** void stage_2(void){ 
 105              		.loc 1 13 0
 106              		.cfi_startproc
 107              		@ args = 0, pretend = 0, frame = 0
 108              		@ frame_needed = 0, uses_anonymous_args = 0
 109 0000 10B5     		push	{r4, lr}
 110              		.cfi_def_cfa_offset 8
 111              		.cfi_offset 4, -8
 112              		.cfi_offset 14, -4
  14:stage_rotor.c ****     set_stage(0,1,0,0);
 113              		.loc 1 14 0
 114 0002 0023     		movs	r3, #0
 115 0004 0022     		movs	r2, #0
 116 0006 0121     		movs	r1, #1
 117 0008 0020     		movs	r0, #0
 118 000a FFF7FEFF 		bl	set_stage
 119              	.LVL10:
  15:stage_rotor.c **** }
 120              		.loc 1 15 0
 121              		@ sp needed
 122 000e 10BD     		pop	{r4, pc}
 123              		.cfi_endproc
 124              	.LFE36:
 125              		.size	stage_2, .-stage_2
 126              		.section	.text.stage_3,"ax",%progbits
 127              		.align	2
 128              		.global	stage_3
 129              		.code	16
 130              		.thumb_func
 131              		.type	stage_3, %function
 132              	stage_3:
 133              	.LFB37:
  16:stage_rotor.c **** 
  17:stage_rotor.c **** void stage_3(void){
 134              		.loc 1 17 0
 135              		.cfi_startproc
 136              		@ args = 0, pretend = 0, frame = 0
 137              		@ frame_needed = 0, uses_anonymous_args = 0
 138 0000 10B5     		push	{r4, lr}
 139              		.cfi_def_cfa_offset 8
 140              		.cfi_offset 4, -8
 141              		.cfi_offset 14, -4
  18:stage_rotor.c ****     set_stage(0,1,1,0);
 142              		.loc 1 18 0
 143 0002 0023     		movs	r3, #0
 144 0004 0122     		movs	r2, #1
 145 0006 0121     		movs	r1, #1
 146 0008 0020     		movs	r0, #0
 147 000a FFF7FEFF 		bl	set_stage
 148              	.LVL11:
  19:stage_rotor.c **** }
 149              		.loc 1 19 0
 150              		@ sp needed
 151 000e 10BD     		pop	{r4, pc}
 152              		.cfi_endproc
ARM GAS  C:\Users\manko\AppData\Local\Temp\cc3vRZs7.s 			page 4


 153              	.LFE37:
 154              		.size	stage_3, .-stage_3
 155              		.section	.text.stage_4,"ax",%progbits
 156              		.align	2
 157              		.global	stage_4
 158              		.code	16
 159              		.thumb_func
 160              		.type	stage_4, %function
 161              	stage_4:
 162              	.LFB38:
  20:stage_rotor.c **** 
  21:stage_rotor.c **** void stage_4(void){
 163              		.loc 1 21 0
 164              		.cfi_startproc
 165              		@ args = 0, pretend = 0, frame = 0
 166              		@ frame_needed = 0, uses_anonymous_args = 0
 167 0000 10B5     		push	{r4, lr}
 168              		.cfi_def_cfa_offset 8
 169              		.cfi_offset 4, -8
 170              		.cfi_offset 14, -4
  22:stage_rotor.c ****     set_stage(0,0,1,0); 
 171              		.loc 1 22 0
 172 0002 0023     		movs	r3, #0
 173 0004 0122     		movs	r2, #1
 174 0006 0021     		movs	r1, #0
 175 0008 0020     		movs	r0, #0
 176 000a FFF7FEFF 		bl	set_stage
 177              	.LVL12:
  23:stage_rotor.c **** }
 178              		.loc 1 23 0
 179              		@ sp needed
 180 000e 10BD     		pop	{r4, pc}
 181              		.cfi_endproc
 182              	.LFE38:
 183              		.size	stage_4, .-stage_4
 184              		.section	.text.stage_5,"ax",%progbits
 185              		.align	2
 186              		.global	stage_5
 187              		.code	16
 188              		.thumb_func
 189              		.type	stage_5, %function
 190              	stage_5:
 191              	.LFB39:
  24:stage_rotor.c **** 
  25:stage_rotor.c **** void stage_5(void){
 192              		.loc 1 25 0
 193              		.cfi_startproc
 194              		@ args = 0, pretend = 0, frame = 0
 195              		@ frame_needed = 0, uses_anonymous_args = 0
 196 0000 10B5     		push	{r4, lr}
 197              		.cfi_def_cfa_offset 8
 198              		.cfi_offset 4, -8
 199              		.cfi_offset 14, -4
  26:stage_rotor.c ****     set_stage(0,0,1,1);     
 200              		.loc 1 26 0
 201 0002 0123     		movs	r3, #1
 202 0004 0122     		movs	r2, #1
ARM GAS  C:\Users\manko\AppData\Local\Temp\cc3vRZs7.s 			page 5


 203 0006 0021     		movs	r1, #0
 204 0008 0020     		movs	r0, #0
 205 000a FFF7FEFF 		bl	set_stage
 206              	.LVL13:
  27:stage_rotor.c **** }
 207              		.loc 1 27 0
 208              		@ sp needed
 209 000e 10BD     		pop	{r4, pc}
 210              		.cfi_endproc
 211              	.LFE39:
 212              		.size	stage_5, .-stage_5
 213              		.section	.text.stage_6,"ax",%progbits
 214              		.align	2
 215              		.global	stage_6
 216              		.code	16
 217              		.thumb_func
 218              		.type	stage_6, %function
 219              	stage_6:
 220              	.LFB40:
  28:stage_rotor.c **** 
  29:stage_rotor.c **** void stage_6(void){
 221              		.loc 1 29 0
 222              		.cfi_startproc
 223              		@ args = 0, pretend = 0, frame = 0
 224              		@ frame_needed = 0, uses_anonymous_args = 0
 225 0000 10B5     		push	{r4, lr}
 226              		.cfi_def_cfa_offset 8
 227              		.cfi_offset 4, -8
 228              		.cfi_offset 14, -4
  30:stage_rotor.c ****     set_stage(0,0,0,1);    
 229              		.loc 1 30 0
 230 0002 0123     		movs	r3, #1
 231 0004 0022     		movs	r2, #0
 232 0006 0021     		movs	r1, #0
 233 0008 0020     		movs	r0, #0
 234 000a FFF7FEFF 		bl	set_stage
 235              	.LVL14:
  31:stage_rotor.c **** }
 236              		.loc 1 31 0
 237              		@ sp needed
 238 000e 10BD     		pop	{r4, pc}
 239              		.cfi_endproc
 240              	.LFE40:
 241              		.size	stage_6, .-stage_6
 242              		.section	.text.stage_7,"ax",%progbits
 243              		.align	2
 244              		.global	stage_7
 245              		.code	16
 246              		.thumb_func
 247              		.type	stage_7, %function
 248              	stage_7:
 249              	.LFB41:
  32:stage_rotor.c **** 
  33:stage_rotor.c **** void stage_7(void){
 250              		.loc 1 33 0
 251              		.cfi_startproc
 252              		@ args = 0, pretend = 0, frame = 0
ARM GAS  C:\Users\manko\AppData\Local\Temp\cc3vRZs7.s 			page 6


 253              		@ frame_needed = 0, uses_anonymous_args = 0
 254 0000 10B5     		push	{r4, lr}
 255              		.cfi_def_cfa_offset 8
 256              		.cfi_offset 4, -8
 257              		.cfi_offset 14, -4
  34:stage_rotor.c ****     set_stage(1,0,0,1);     
 258              		.loc 1 34 0
 259 0002 0123     		movs	r3, #1
 260 0004 0022     		movs	r2, #0
 261 0006 0021     		movs	r1, #0
 262 0008 0120     		movs	r0, #1
 263 000a FFF7FEFF 		bl	set_stage
 264              	.LVL15:
  35:stage_rotor.c **** }
 265              		.loc 1 35 0
 266              		@ sp needed
 267 000e 10BD     		pop	{r4, pc}
 268              		.cfi_endproc
 269              	.LFE41:
 270              		.size	stage_7, .-stage_7
 271              		.section	.text.stage_8,"ax",%progbits
 272              		.align	2
 273              		.global	stage_8
 274              		.code	16
 275              		.thumb_func
 276              		.type	stage_8, %function
 277              	stage_8:
 278              	.LFB42:
  36:stage_rotor.c **** 
  37:stage_rotor.c **** void stage_8(void){
 279              		.loc 1 37 0
 280              		.cfi_startproc
 281              		@ args = 0, pretend = 0, frame = 0
 282              		@ frame_needed = 0, uses_anonymous_args = 0
 283 0000 10B5     		push	{r4, lr}
 284              		.cfi_def_cfa_offset 8
 285              		.cfi_offset 4, -8
 286              		.cfi_offset 14, -4
  38:stage_rotor.c ****     set_stage(1,0,0,0);  
 287              		.loc 1 38 0
 288 0002 0023     		movs	r3, #0
 289 0004 0022     		movs	r2, #0
 290 0006 0021     		movs	r1, #0
 291 0008 0120     		movs	r0, #1
 292 000a FFF7FEFF 		bl	set_stage
 293              	.LVL16:
  39:stage_rotor.c **** }
 294              		.loc 1 39 0
 295              		@ sp needed
 296 000e 10BD     		pop	{r4, pc}
 297              		.cfi_endproc
 298              	.LFE42:
 299              		.size	stage_8, .-stage_8
 300              		.global	stage_list
 301              		.data
 302              		.align	2
 303              		.type	stage_list, %object
ARM GAS  C:\Users\manko\AppData\Local\Temp\cc3vRZs7.s 			page 7


 304              		.size	stage_list, 32
 305              	stage_list:
 306 0000 00000000 		.word	stage_1
 307 0004 00000000 		.word	stage_2
 308 0008 00000000 		.word	stage_3
 309 000c 00000000 		.word	stage_4
 310 0010 00000000 		.word	stage_5
 311 0014 00000000 		.word	stage_6
 312 0018 00000000 		.word	stage_7
 313 001c 00000000 		.word	stage_8
 314              		.text
 315              	.Letext0:
 316              		.file 2 "Generated_Source\\PSoC4/Pin_1.h"
 317              		.file 3 "Generated_Source\\PSoC4/Pin_2.h"
 318              		.file 4 "Generated_Source\\PSoC4/Pin_3.h"
 319              		.file 5 "Generated_Source\\PSoC4/Pin_4.h"
 320              		.section	.debug_info,"",%progbits
 321              	.Ldebug_info0:
 322 0000 1E030000 		.4byte	0x31e
 323 0004 0400     		.2byte	0x4
 324 0006 00000000 		.4byte	.Ldebug_abbrev0
 325 000a 04       		.byte	0x4
 326 000b 01       		.uleb128 0x1
 327 000c E6000000 		.4byte	.LASF31
 328 0010 0C       		.byte	0xc
 329 0011 AD000000 		.4byte	.LASF32
 330 0015 9F010000 		.4byte	.LASF33
 331 0019 00000000 		.4byte	.Ldebug_ranges0+0
 332 001d 00000000 		.4byte	0
 333 0021 00000000 		.4byte	.Ldebug_line0
 334 0025 02       		.uleb128 0x2
 335 0026 01       		.byte	0x1
 336 0027 06       		.byte	0x6
 337 0028 CC010000 		.4byte	.LASF0
 338 002c 02       		.uleb128 0x2
 339 002d 01       		.byte	0x1
 340 002e 08       		.byte	0x8
 341 002f 6E000000 		.4byte	.LASF1
 342 0033 02       		.uleb128 0x2
 343 0034 02       		.byte	0x2
 344 0035 05       		.byte	0x5
 345 0036 95010000 		.4byte	.LASF2
 346 003a 02       		.uleb128 0x2
 347 003b 02       		.byte	0x2
 348 003c 07       		.byte	0x7
 349 003d 8E000000 		.4byte	.LASF3
 350 0041 02       		.uleb128 0x2
 351 0042 04       		.byte	0x4
 352 0043 05       		.byte	0x5
 353 0044 B7010000 		.4byte	.LASF4
 354 0048 02       		.uleb128 0x2
 355 0049 04       		.byte	0x4
 356 004a 07       		.byte	0x7
 357 004b 7C000000 		.4byte	.LASF5
 358 004f 02       		.uleb128 0x2
 359 0050 08       		.byte	0x8
 360 0051 05       		.byte	0x5
ARM GAS  C:\Users\manko\AppData\Local\Temp\cc3vRZs7.s 			page 8


 361 0052 7D010000 		.4byte	.LASF6
 362 0056 02       		.uleb128 0x2
 363 0057 08       		.byte	0x8
 364 0058 07       		.byte	0x7
 365 0059 CF000000 		.4byte	.LASF7
 366 005d 03       		.uleb128 0x3
 367 005e 04       		.byte	0x4
 368 005f 05       		.byte	0x5
 369 0060 696E7400 		.ascii	"int\000"
 370 0064 02       		.uleb128 0x2
 371 0065 04       		.byte	0x4
 372 0066 07       		.byte	0x7
 373 0067 C2000000 		.4byte	.LASF8
 374 006b 02       		.uleb128 0x2
 375 006c 04       		.byte	0x4
 376 006d 04       		.byte	0x4
 377 006e 68000000 		.4byte	.LASF9
 378 0072 02       		.uleb128 0x2
 379 0073 08       		.byte	0x8
 380 0074 04       		.byte	0x4
 381 0075 BB000000 		.4byte	.LASF10
 382 0079 02       		.uleb128 0x2
 383 007a 01       		.byte	0x1
 384 007b 08       		.byte	0x8
 385 007c 8B010000 		.4byte	.LASF11
 386 0080 04       		.uleb128 0x4
 387 0081 04       		.byte	0x4
 388 0082 86000000 		.4byte	0x86
 389 0086 05       		.uleb128 0x5
 390 0087 02       		.uleb128 0x2
 391 0088 08       		.byte	0x8
 392 0089 04       		.byte	0x4
 393 008a C0010000 		.4byte	.LASF12
 394 008e 02       		.uleb128 0x2
 395 008f 04       		.byte	0x4
 396 0090 07       		.byte	0x7
 397 0091 74010000 		.4byte	.LASF13
 398 0095 06       		.uleb128 0x6
 399 0096 AD010000 		.4byte	.LASF18
 400 009a 01       		.byte	0x1
 401 009b 03       		.byte	0x3
 402 009c 00000000 		.4byte	.LFB34
 403 00a0 22000000 		.4byte	.LFE34-.LFB34
 404 00a4 01       		.uleb128 0x1
 405 00a5 9C       		.byte	0x9c
 406 00a6 34010000 		.4byte	0x134
 407 00aa 07       		.uleb128 0x7
 408 00ab 0C000000 		.4byte	.LASF14
 409 00af 01       		.byte	0x1
 410 00b0 03       		.byte	0x3
 411 00b1 5D000000 		.4byte	0x5d
 412 00b5 00000000 		.4byte	.LLST0
 413 00b9 07       		.uleb128 0x7
 414 00ba 90010000 		.4byte	.LASF15
 415 00be 01       		.byte	0x1
 416 00bf 03       		.byte	0x3
 417 00c0 5D000000 		.4byte	0x5d
ARM GAS  C:\Users\manko\AppData\Local\Temp\cc3vRZs7.s 			page 9


 418 00c4 21000000 		.4byte	.LLST1
 419 00c8 07       		.uleb128 0x7
 420 00c9 E4010000 		.4byte	.LASF16
 421 00cd 01       		.byte	0x1
 422 00ce 03       		.byte	0x3
 423 00cf 5D000000 		.4byte	0x5d
 424 00d3 4D000000 		.4byte	.LLST2
 425 00d7 07       		.uleb128 0x7
 426 00d8 E9010000 		.4byte	.LASF17
 427 00dc 01       		.byte	0x1
 428 00dd 03       		.byte	0x3
 429 00de 5D000000 		.4byte	0x5d
 430 00e2 79000000 		.4byte	.LLST3
 431 00e6 08       		.uleb128 0x8
 432 00e7 0E000000 		.4byte	.LVL2
 433 00eb F5020000 		.4byte	0x2f5
 434 00ef FB000000 		.4byte	0xfb
 435 00f3 09       		.uleb128 0x9
 436 00f4 01       		.uleb128 0x1
 437 00f5 50       		.byte	0x50
 438 00f6 03       		.uleb128 0x3
 439 00f7 F3       		.byte	0xf3
 440 00f8 01       		.uleb128 0x1
 441 00f9 50       		.byte	0x50
 442 00fa 00       		.byte	0
 443 00fb 08       		.uleb128 0x8
 444 00fc 14000000 		.4byte	.LVL3
 445 0100 00030000 		.4byte	0x300
 446 0104 0F010000 		.4byte	0x10f
 447 0108 09       		.uleb128 0x9
 448 0109 01       		.uleb128 0x1
 449 010a 50       		.byte	0x50
 450 010b 02       		.uleb128 0x2
 451 010c 76       		.byte	0x76
 452 010d 00       		.sleb128 0
 453 010e 00       		.byte	0
 454 010f 08       		.uleb128 0x8
 455 0110 1A000000 		.4byte	.LVL4
 456 0114 0B030000 		.4byte	0x30b
 457 0118 23010000 		.4byte	0x123
 458 011c 09       		.uleb128 0x9
 459 011d 01       		.uleb128 0x1
 460 011e 50       		.byte	0x50
 461 011f 02       		.uleb128 0x2
 462 0120 75       		.byte	0x75
 463 0121 00       		.sleb128 0
 464 0122 00       		.byte	0
 465 0123 0A       		.uleb128 0xa
 466 0124 20000000 		.4byte	.LVL5
 467 0128 16030000 		.4byte	0x316
 468 012c 09       		.uleb128 0x9
 469 012d 01       		.uleb128 0x1
 470 012e 50       		.byte	0x50
 471 012f 02       		.uleb128 0x2
 472 0130 74       		.byte	0x74
 473 0131 00       		.sleb128 0
 474 0132 00       		.byte	0
ARM GAS  C:\Users\manko\AppData\Local\Temp\cc3vRZs7.s 			page 10


 475 0133 00       		.byte	0
 476 0134 06       		.uleb128 0x6
 477 0135 11000000 		.4byte	.LASF19
 478 0139 01       		.byte	0x1
 479 013a 09       		.byte	0x9
 480 013b 00000000 		.4byte	.LFB35
 481 013f 10000000 		.4byte	.LFE35-.LFB35
 482 0143 01       		.uleb128 0x1
 483 0144 9C       		.byte	0x9c
 484 0145 68010000 		.4byte	0x168
 485 0149 0A       		.uleb128 0xa
 486 014a 0E000000 		.4byte	.LVL9
 487 014e 95000000 		.4byte	0x95
 488 0152 09       		.uleb128 0x9
 489 0153 01       		.uleb128 0x1
 490 0154 50       		.byte	0x50
 491 0155 01       		.uleb128 0x1
 492 0156 31       		.byte	0x31
 493 0157 09       		.uleb128 0x9
 494 0158 01       		.uleb128 0x1
 495 0159 51       		.byte	0x51
 496 015a 01       		.uleb128 0x1
 497 015b 31       		.byte	0x31
 498 015c 09       		.uleb128 0x9
 499 015d 01       		.uleb128 0x1
 500 015e 52       		.byte	0x52
 501 015f 01       		.uleb128 0x1
 502 0160 30       		.byte	0x30
 503 0161 09       		.uleb128 0x9
 504 0162 01       		.uleb128 0x1
 505 0163 53       		.byte	0x53
 506 0164 01       		.uleb128 0x1
 507 0165 30       		.byte	0x30
 508 0166 00       		.byte	0
 509 0167 00       		.byte	0
 510 0168 06       		.uleb128 0x6
 511 0169 19000000 		.4byte	.LASF20
 512 016d 01       		.byte	0x1
 513 016e 0D       		.byte	0xd
 514 016f 00000000 		.4byte	.LFB36
 515 0173 10000000 		.4byte	.LFE36-.LFB36
 516 0177 01       		.uleb128 0x1
 517 0178 9C       		.byte	0x9c
 518 0179 9C010000 		.4byte	0x19c
 519 017d 0A       		.uleb128 0xa
 520 017e 0E000000 		.4byte	.LVL10
 521 0182 95000000 		.4byte	0x95
 522 0186 09       		.uleb128 0x9
 523 0187 01       		.uleb128 0x1
 524 0188 50       		.byte	0x50
 525 0189 01       		.uleb128 0x1
 526 018a 30       		.byte	0x30
 527 018b 09       		.uleb128 0x9
 528 018c 01       		.uleb128 0x1
 529 018d 51       		.byte	0x51
 530 018e 01       		.uleb128 0x1
 531 018f 31       		.byte	0x31
ARM GAS  C:\Users\manko\AppData\Local\Temp\cc3vRZs7.s 			page 11


 532 0190 09       		.uleb128 0x9
 533 0191 01       		.uleb128 0x1
 534 0192 52       		.byte	0x52
 535 0193 01       		.uleb128 0x1
 536 0194 30       		.byte	0x30
 537 0195 09       		.uleb128 0x9
 538 0196 01       		.uleb128 0x1
 539 0197 53       		.byte	0x53
 540 0198 01       		.uleb128 0x1
 541 0199 30       		.byte	0x30
 542 019a 00       		.byte	0
 543 019b 00       		.byte	0
 544 019c 06       		.uleb128 0x6
 545 019d 21000000 		.4byte	.LASF21
 546 01a1 01       		.byte	0x1
 547 01a2 11       		.byte	0x11
 548 01a3 00000000 		.4byte	.LFB37
 549 01a7 10000000 		.4byte	.LFE37-.LFB37
 550 01ab 01       		.uleb128 0x1
 551 01ac 9C       		.byte	0x9c
 552 01ad D0010000 		.4byte	0x1d0
 553 01b1 0A       		.uleb128 0xa
 554 01b2 0E000000 		.4byte	.LVL11
 555 01b6 95000000 		.4byte	0x95
 556 01ba 09       		.uleb128 0x9
 557 01bb 01       		.uleb128 0x1
 558 01bc 50       		.byte	0x50
 559 01bd 01       		.uleb128 0x1
 560 01be 30       		.byte	0x30
 561 01bf 09       		.uleb128 0x9
 562 01c0 01       		.uleb128 0x1
 563 01c1 51       		.byte	0x51
 564 01c2 01       		.uleb128 0x1
 565 01c3 31       		.byte	0x31
 566 01c4 09       		.uleb128 0x9
 567 01c5 01       		.uleb128 0x1
 568 01c6 52       		.byte	0x52
 569 01c7 01       		.uleb128 0x1
 570 01c8 31       		.byte	0x31
 571 01c9 09       		.uleb128 0x9
 572 01ca 01       		.uleb128 0x1
 573 01cb 53       		.byte	0x53
 574 01cc 01       		.uleb128 0x1
 575 01cd 30       		.byte	0x30
 576 01ce 00       		.byte	0
 577 01cf 00       		.byte	0
 578 01d0 06       		.uleb128 0x6
 579 01d1 29000000 		.4byte	.LASF22
 580 01d5 01       		.byte	0x1
 581 01d6 15       		.byte	0x15
 582 01d7 00000000 		.4byte	.LFB38
 583 01db 10000000 		.4byte	.LFE38-.LFB38
 584 01df 01       		.uleb128 0x1
 585 01e0 9C       		.byte	0x9c
 586 01e1 04020000 		.4byte	0x204
 587 01e5 0A       		.uleb128 0xa
 588 01e6 0E000000 		.4byte	.LVL12
ARM GAS  C:\Users\manko\AppData\Local\Temp\cc3vRZs7.s 			page 12


 589 01ea 95000000 		.4byte	0x95
 590 01ee 09       		.uleb128 0x9
 591 01ef 01       		.uleb128 0x1
 592 01f0 50       		.byte	0x50
 593 01f1 01       		.uleb128 0x1
 594 01f2 30       		.byte	0x30
 595 01f3 09       		.uleb128 0x9
 596 01f4 01       		.uleb128 0x1
 597 01f5 51       		.byte	0x51
 598 01f6 01       		.uleb128 0x1
 599 01f7 30       		.byte	0x30
 600 01f8 09       		.uleb128 0x9
 601 01f9 01       		.uleb128 0x1
 602 01fa 52       		.byte	0x52
 603 01fb 01       		.uleb128 0x1
 604 01fc 31       		.byte	0x31
 605 01fd 09       		.uleb128 0x9
 606 01fe 01       		.uleb128 0x1
 607 01ff 53       		.byte	0x53
 608 0200 01       		.uleb128 0x1
 609 0201 30       		.byte	0x30
 610 0202 00       		.byte	0
 611 0203 00       		.byte	0
 612 0204 06       		.uleb128 0x6
 613 0205 31000000 		.4byte	.LASF23
 614 0209 01       		.byte	0x1
 615 020a 19       		.byte	0x19
 616 020b 00000000 		.4byte	.LFB39
 617 020f 10000000 		.4byte	.LFE39-.LFB39
 618 0213 01       		.uleb128 0x1
 619 0214 9C       		.byte	0x9c
 620 0215 38020000 		.4byte	0x238
 621 0219 0A       		.uleb128 0xa
 622 021a 0E000000 		.4byte	.LVL13
 623 021e 95000000 		.4byte	0x95
 624 0222 09       		.uleb128 0x9
 625 0223 01       		.uleb128 0x1
 626 0224 50       		.byte	0x50
 627 0225 01       		.uleb128 0x1
 628 0226 30       		.byte	0x30
 629 0227 09       		.uleb128 0x9
 630 0228 01       		.uleb128 0x1
 631 0229 51       		.byte	0x51
 632 022a 01       		.uleb128 0x1
 633 022b 30       		.byte	0x30
 634 022c 09       		.uleb128 0x9
 635 022d 01       		.uleb128 0x1
 636 022e 52       		.byte	0x52
 637 022f 01       		.uleb128 0x1
 638 0230 31       		.byte	0x31
 639 0231 09       		.uleb128 0x9
 640 0232 01       		.uleb128 0x1
 641 0233 53       		.byte	0x53
 642 0234 01       		.uleb128 0x1
 643 0235 31       		.byte	0x31
 644 0236 00       		.byte	0
 645 0237 00       		.byte	0
ARM GAS  C:\Users\manko\AppData\Local\Temp\cc3vRZs7.s 			page 13


 646 0238 06       		.uleb128 0x6
 647 0239 39000000 		.4byte	.LASF24
 648 023d 01       		.byte	0x1
 649 023e 1D       		.byte	0x1d
 650 023f 00000000 		.4byte	.LFB40
 651 0243 10000000 		.4byte	.LFE40-.LFB40
 652 0247 01       		.uleb128 0x1
 653 0248 9C       		.byte	0x9c
 654 0249 6C020000 		.4byte	0x26c
 655 024d 0A       		.uleb128 0xa
 656 024e 0E000000 		.4byte	.LVL14
 657 0252 95000000 		.4byte	0x95
 658 0256 09       		.uleb128 0x9
 659 0257 01       		.uleb128 0x1
 660 0258 50       		.byte	0x50
 661 0259 01       		.uleb128 0x1
 662 025a 30       		.byte	0x30
 663 025b 09       		.uleb128 0x9
 664 025c 01       		.uleb128 0x1
 665 025d 51       		.byte	0x51
 666 025e 01       		.uleb128 0x1
 667 025f 30       		.byte	0x30
 668 0260 09       		.uleb128 0x9
 669 0261 01       		.uleb128 0x1
 670 0262 52       		.byte	0x52
 671 0263 01       		.uleb128 0x1
 672 0264 30       		.byte	0x30
 673 0265 09       		.uleb128 0x9
 674 0266 01       		.uleb128 0x1
 675 0267 53       		.byte	0x53
 676 0268 01       		.uleb128 0x1
 677 0269 31       		.byte	0x31
 678 026a 00       		.byte	0
 679 026b 00       		.byte	0
 680 026c 06       		.uleb128 0x6
 681 026d 41000000 		.4byte	.LASF25
 682 0271 01       		.byte	0x1
 683 0272 21       		.byte	0x21
 684 0273 00000000 		.4byte	.LFB41
 685 0277 10000000 		.4byte	.LFE41-.LFB41
 686 027b 01       		.uleb128 0x1
 687 027c 9C       		.byte	0x9c
 688 027d A0020000 		.4byte	0x2a0
 689 0281 0A       		.uleb128 0xa
 690 0282 0E000000 		.4byte	.LVL15
 691 0286 95000000 		.4byte	0x95
 692 028a 09       		.uleb128 0x9
 693 028b 01       		.uleb128 0x1
 694 028c 50       		.byte	0x50
 695 028d 01       		.uleb128 0x1
 696 028e 31       		.byte	0x31
 697 028f 09       		.uleb128 0x9
 698 0290 01       		.uleb128 0x1
 699 0291 51       		.byte	0x51
 700 0292 01       		.uleb128 0x1
 701 0293 30       		.byte	0x30
 702 0294 09       		.uleb128 0x9
ARM GAS  C:\Users\manko\AppData\Local\Temp\cc3vRZs7.s 			page 14


 703 0295 01       		.uleb128 0x1
 704 0296 52       		.byte	0x52
 705 0297 01       		.uleb128 0x1
 706 0298 30       		.byte	0x30
 707 0299 09       		.uleb128 0x9
 708 029a 01       		.uleb128 0x1
 709 029b 53       		.byte	0x53
 710 029c 01       		.uleb128 0x1
 711 029d 31       		.byte	0x31
 712 029e 00       		.byte	0
 713 029f 00       		.byte	0
 714 02a0 06       		.uleb128 0x6
 715 02a1 49000000 		.4byte	.LASF26
 716 02a5 01       		.byte	0x1
 717 02a6 25       		.byte	0x25
 718 02a7 00000000 		.4byte	.LFB42
 719 02ab 10000000 		.4byte	.LFE42-.LFB42
 720 02af 01       		.uleb128 0x1
 721 02b0 9C       		.byte	0x9c
 722 02b1 D4020000 		.4byte	0x2d4
 723 02b5 0A       		.uleb128 0xa
 724 02b6 0E000000 		.4byte	.LVL16
 725 02ba 95000000 		.4byte	0x95
 726 02be 09       		.uleb128 0x9
 727 02bf 01       		.uleb128 0x1
 728 02c0 50       		.byte	0x50
 729 02c1 01       		.uleb128 0x1
 730 02c2 31       		.byte	0x31
 731 02c3 09       		.uleb128 0x9
 732 02c4 01       		.uleb128 0x1
 733 02c5 51       		.byte	0x51
 734 02c6 01       		.uleb128 0x1
 735 02c7 30       		.byte	0x30
 736 02c8 09       		.uleb128 0x9
 737 02c9 01       		.uleb128 0x1
 738 02ca 52       		.byte	0x52
 739 02cb 01       		.uleb128 0x1
 740 02cc 30       		.byte	0x30
 741 02cd 09       		.uleb128 0x9
 742 02ce 01       		.uleb128 0x1
 743 02cf 53       		.byte	0x53
 744 02d0 01       		.uleb128 0x1
 745 02d1 30       		.byte	0x30
 746 02d2 00       		.byte	0
 747 02d3 00       		.byte	0
 748 02d4 0B       		.uleb128 0xb
 749 02d5 80000000 		.4byte	0x80
 750 02d9 E4020000 		.4byte	0x2e4
 751 02dd 0C       		.uleb128 0xc
 752 02de 8E000000 		.4byte	0x8e
 753 02e2 07       		.byte	0x7
 754 02e3 00       		.byte	0
 755 02e4 0D       		.uleb128 0xd
 756 02e5 51000000 		.4byte	.LASF34
 757 02e9 01       		.byte	0x1
 758 02ea 29       		.byte	0x29
 759 02eb D4020000 		.4byte	0x2d4
ARM GAS  C:\Users\manko\AppData\Local\Temp\cc3vRZs7.s 			page 15


 760 02ef 05       		.uleb128 0x5
 761 02f0 03       		.byte	0x3
 762 02f1 00000000 		.4byte	stage_list
 763 02f5 0E       		.uleb128 0xe
 764 02f6 D8010000 		.4byte	.LASF27
 765 02fa D8010000 		.4byte	.LASF27
 766 02fe 02       		.byte	0x2
 767 02ff 33       		.byte	0x33
 768 0300 0E       		.uleb128 0xe
 769 0301 00000000 		.4byte	.LASF28
 770 0305 00000000 		.4byte	.LASF28
 771 0309 03       		.byte	0x3
 772 030a 33       		.byte	0x33
 773 030b 0E       		.uleb128 0xe
 774 030c A1000000 		.4byte	.LASF29
 775 0310 A1000000 		.4byte	.LASF29
 776 0314 04       		.byte	0x4
 777 0315 33       		.byte	0x33
 778 0316 0E       		.uleb128 0xe
 779 0317 5C000000 		.4byte	.LASF30
 780 031b 5C000000 		.4byte	.LASF30
 781 031f 05       		.byte	0x5
 782 0320 33       		.byte	0x33
 783 0321 00       		.byte	0
 784              		.section	.debug_abbrev,"",%progbits
 785              	.Ldebug_abbrev0:
 786 0000 01       		.uleb128 0x1
 787 0001 11       		.uleb128 0x11
 788 0002 01       		.byte	0x1
 789 0003 25       		.uleb128 0x25
 790 0004 0E       		.uleb128 0xe
 791 0005 13       		.uleb128 0x13
 792 0006 0B       		.uleb128 0xb
 793 0007 03       		.uleb128 0x3
 794 0008 0E       		.uleb128 0xe
 795 0009 1B       		.uleb128 0x1b
 796 000a 0E       		.uleb128 0xe
 797 000b 55       		.uleb128 0x55
 798 000c 17       		.uleb128 0x17
 799 000d 11       		.uleb128 0x11
 800 000e 01       		.uleb128 0x1
 801 000f 10       		.uleb128 0x10
 802 0010 17       		.uleb128 0x17
 803 0011 00       		.byte	0
 804 0012 00       		.byte	0
 805 0013 02       		.uleb128 0x2
 806 0014 24       		.uleb128 0x24
 807 0015 00       		.byte	0
 808 0016 0B       		.uleb128 0xb
 809 0017 0B       		.uleb128 0xb
 810 0018 3E       		.uleb128 0x3e
 811 0019 0B       		.uleb128 0xb
 812 001a 03       		.uleb128 0x3
 813 001b 0E       		.uleb128 0xe
 814 001c 00       		.byte	0
 815 001d 00       		.byte	0
 816 001e 03       		.uleb128 0x3
ARM GAS  C:\Users\manko\AppData\Local\Temp\cc3vRZs7.s 			page 16


 817 001f 24       		.uleb128 0x24
 818 0020 00       		.byte	0
 819 0021 0B       		.uleb128 0xb
 820 0022 0B       		.uleb128 0xb
 821 0023 3E       		.uleb128 0x3e
 822 0024 0B       		.uleb128 0xb
 823 0025 03       		.uleb128 0x3
 824 0026 08       		.uleb128 0x8
 825 0027 00       		.byte	0
 826 0028 00       		.byte	0
 827 0029 04       		.uleb128 0x4
 828 002a 0F       		.uleb128 0xf
 829 002b 00       		.byte	0
 830 002c 0B       		.uleb128 0xb
 831 002d 0B       		.uleb128 0xb
 832 002e 49       		.uleb128 0x49
 833 002f 13       		.uleb128 0x13
 834 0030 00       		.byte	0
 835 0031 00       		.byte	0
 836 0032 05       		.uleb128 0x5
 837 0033 15       		.uleb128 0x15
 838 0034 00       		.byte	0
 839 0035 27       		.uleb128 0x27
 840 0036 19       		.uleb128 0x19
 841 0037 00       		.byte	0
 842 0038 00       		.byte	0
 843 0039 06       		.uleb128 0x6
 844 003a 2E       		.uleb128 0x2e
 845 003b 01       		.byte	0x1
 846 003c 3F       		.uleb128 0x3f
 847 003d 19       		.uleb128 0x19
 848 003e 03       		.uleb128 0x3
 849 003f 0E       		.uleb128 0xe
 850 0040 3A       		.uleb128 0x3a
 851 0041 0B       		.uleb128 0xb
 852 0042 3B       		.uleb128 0x3b
 853 0043 0B       		.uleb128 0xb
 854 0044 27       		.uleb128 0x27
 855 0045 19       		.uleb128 0x19
 856 0046 11       		.uleb128 0x11
 857 0047 01       		.uleb128 0x1
 858 0048 12       		.uleb128 0x12
 859 0049 06       		.uleb128 0x6
 860 004a 40       		.uleb128 0x40
 861 004b 18       		.uleb128 0x18
 862 004c 9742     		.uleb128 0x2117
 863 004e 19       		.uleb128 0x19
 864 004f 01       		.uleb128 0x1
 865 0050 13       		.uleb128 0x13
 866 0051 00       		.byte	0
 867 0052 00       		.byte	0
 868 0053 07       		.uleb128 0x7
 869 0054 05       		.uleb128 0x5
 870 0055 00       		.byte	0
 871 0056 03       		.uleb128 0x3
 872 0057 0E       		.uleb128 0xe
 873 0058 3A       		.uleb128 0x3a
ARM GAS  C:\Users\manko\AppData\Local\Temp\cc3vRZs7.s 			page 17


 874 0059 0B       		.uleb128 0xb
 875 005a 3B       		.uleb128 0x3b
 876 005b 0B       		.uleb128 0xb
 877 005c 49       		.uleb128 0x49
 878 005d 13       		.uleb128 0x13
 879 005e 02       		.uleb128 0x2
 880 005f 17       		.uleb128 0x17
 881 0060 00       		.byte	0
 882 0061 00       		.byte	0
 883 0062 08       		.uleb128 0x8
 884 0063 898201   		.uleb128 0x4109
 885 0066 01       		.byte	0x1
 886 0067 11       		.uleb128 0x11
 887 0068 01       		.uleb128 0x1
 888 0069 31       		.uleb128 0x31
 889 006a 13       		.uleb128 0x13
 890 006b 01       		.uleb128 0x1
 891 006c 13       		.uleb128 0x13
 892 006d 00       		.byte	0
 893 006e 00       		.byte	0
 894 006f 09       		.uleb128 0x9
 895 0070 8A8201   		.uleb128 0x410a
 896 0073 00       		.byte	0
 897 0074 02       		.uleb128 0x2
 898 0075 18       		.uleb128 0x18
 899 0076 9142     		.uleb128 0x2111
 900 0078 18       		.uleb128 0x18
 901 0079 00       		.byte	0
 902 007a 00       		.byte	0
 903 007b 0A       		.uleb128 0xa
 904 007c 898201   		.uleb128 0x4109
 905 007f 01       		.byte	0x1
 906 0080 11       		.uleb128 0x11
 907 0081 01       		.uleb128 0x1
 908 0082 31       		.uleb128 0x31
 909 0083 13       		.uleb128 0x13
 910 0084 00       		.byte	0
 911 0085 00       		.byte	0
 912 0086 0B       		.uleb128 0xb
 913 0087 01       		.uleb128 0x1
 914 0088 01       		.byte	0x1
 915 0089 49       		.uleb128 0x49
 916 008a 13       		.uleb128 0x13
 917 008b 01       		.uleb128 0x1
 918 008c 13       		.uleb128 0x13
 919 008d 00       		.byte	0
 920 008e 00       		.byte	0
 921 008f 0C       		.uleb128 0xc
 922 0090 21       		.uleb128 0x21
 923 0091 00       		.byte	0
 924 0092 49       		.uleb128 0x49
 925 0093 13       		.uleb128 0x13
 926 0094 2F       		.uleb128 0x2f
 927 0095 0B       		.uleb128 0xb
 928 0096 00       		.byte	0
 929 0097 00       		.byte	0
 930 0098 0D       		.uleb128 0xd
ARM GAS  C:\Users\manko\AppData\Local\Temp\cc3vRZs7.s 			page 18


 931 0099 34       		.uleb128 0x34
 932 009a 00       		.byte	0
 933 009b 03       		.uleb128 0x3
 934 009c 0E       		.uleb128 0xe
 935 009d 3A       		.uleb128 0x3a
 936 009e 0B       		.uleb128 0xb
 937 009f 3B       		.uleb128 0x3b
 938 00a0 0B       		.uleb128 0xb
 939 00a1 49       		.uleb128 0x49
 940 00a2 13       		.uleb128 0x13
 941 00a3 3F       		.uleb128 0x3f
 942 00a4 19       		.uleb128 0x19
 943 00a5 02       		.uleb128 0x2
 944 00a6 18       		.uleb128 0x18
 945 00a7 00       		.byte	0
 946 00a8 00       		.byte	0
 947 00a9 0E       		.uleb128 0xe
 948 00aa 2E       		.uleb128 0x2e
 949 00ab 00       		.byte	0
 950 00ac 3F       		.uleb128 0x3f
 951 00ad 19       		.uleb128 0x19
 952 00ae 3C       		.uleb128 0x3c
 953 00af 19       		.uleb128 0x19
 954 00b0 6E       		.uleb128 0x6e
 955 00b1 0E       		.uleb128 0xe
 956 00b2 03       		.uleb128 0x3
 957 00b3 0E       		.uleb128 0xe
 958 00b4 3A       		.uleb128 0x3a
 959 00b5 0B       		.uleb128 0xb
 960 00b6 3B       		.uleb128 0x3b
 961 00b7 0B       		.uleb128 0xb
 962 00b8 00       		.byte	0
 963 00b9 00       		.byte	0
 964 00ba 00       		.byte	0
 965              		.section	.debug_loc,"",%progbits
 966              	.Ldebug_loc0:
 967              	.LLST0:
 968 0000 00000000 		.4byte	.LVL0
 969 0004 0A000000 		.4byte	.LVL1
 970 0008 0100     		.2byte	0x1
 971 000a 50       		.byte	0x50
 972 000b 0A000000 		.4byte	.LVL1
 973 000f 22000000 		.4byte	.LFE34
 974 0013 0400     		.2byte	0x4
 975 0015 F3       		.byte	0xf3
 976 0016 01       		.uleb128 0x1
 977 0017 50       		.byte	0x50
 978 0018 9F       		.byte	0x9f
 979 0019 00000000 		.4byte	0
 980 001d 00000000 		.4byte	0
 981              	.LLST1:
 982 0021 00000000 		.4byte	.LVL0
 983 0025 0D000000 		.4byte	.LVL2-1
 984 0029 0100     		.2byte	0x1
 985 002b 51       		.byte	0x51
 986 002c 0D000000 		.4byte	.LVL2-1
 987 0030 20000000 		.4byte	.LVL8
ARM GAS  C:\Users\manko\AppData\Local\Temp\cc3vRZs7.s 			page 19


 988 0034 0100     		.2byte	0x1
 989 0036 56       		.byte	0x56
 990 0037 20000000 		.4byte	.LVL8
 991 003b 22000000 		.4byte	.LFE34
 992 003f 0400     		.2byte	0x4
 993 0041 F3       		.byte	0xf3
 994 0042 01       		.uleb128 0x1
 995 0043 51       		.byte	0x51
 996 0044 9F       		.byte	0x9f
 997 0045 00000000 		.4byte	0
 998 0049 00000000 		.4byte	0
 999              	.LLST2:
 1000 004d 00000000 		.4byte	.LVL0
 1001 0051 0D000000 		.4byte	.LVL2-1
 1002 0055 0100     		.2byte	0x1
 1003 0057 52       		.byte	0x52
 1004 0058 0D000000 		.4byte	.LVL2-1
 1005 005c 20000000 		.4byte	.LVL7
 1006 0060 0100     		.2byte	0x1
 1007 0062 55       		.byte	0x55
 1008 0063 20000000 		.4byte	.LVL7
 1009 0067 22000000 		.4byte	.LFE34
 1010 006b 0400     		.2byte	0x4
 1011 006d F3       		.byte	0xf3
 1012 006e 01       		.uleb128 0x1
 1013 006f 52       		.byte	0x52
 1014 0070 9F       		.byte	0x9f
 1015 0071 00000000 		.4byte	0
 1016 0075 00000000 		.4byte	0
 1017              	.LLST3:
 1018 0079 00000000 		.4byte	.LVL0
 1019 007d 0D000000 		.4byte	.LVL2-1
 1020 0081 0100     		.2byte	0x1
 1021 0083 53       		.byte	0x53
 1022 0084 0D000000 		.4byte	.LVL2-1
 1023 0088 20000000 		.4byte	.LVL6
 1024 008c 0100     		.2byte	0x1
 1025 008e 54       		.byte	0x54
 1026 008f 20000000 		.4byte	.LVL6
 1027 0093 22000000 		.4byte	.LFE34
 1028 0097 0400     		.2byte	0x4
 1029 0099 F3       		.byte	0xf3
 1030 009a 01       		.uleb128 0x1
 1031 009b 53       		.byte	0x53
 1032 009c 9F       		.byte	0x9f
 1033 009d 00000000 		.4byte	0
 1034 00a1 00000000 		.4byte	0
 1035              		.section	.debug_aranges,"",%progbits
 1036 0000 5C000000 		.4byte	0x5c
 1037 0004 0200     		.2byte	0x2
 1038 0006 00000000 		.4byte	.Ldebug_info0
 1039 000a 04       		.byte	0x4
 1040 000b 00       		.byte	0
 1041 000c 0000     		.2byte	0
 1042 000e 0000     		.2byte	0
 1043 0010 00000000 		.4byte	.LFB34
 1044 0014 22000000 		.4byte	.LFE34-.LFB34
ARM GAS  C:\Users\manko\AppData\Local\Temp\cc3vRZs7.s 			page 20


 1045 0018 00000000 		.4byte	.LFB35
 1046 001c 10000000 		.4byte	.LFE35-.LFB35
 1047 0020 00000000 		.4byte	.LFB36
 1048 0024 10000000 		.4byte	.LFE36-.LFB36
 1049 0028 00000000 		.4byte	.LFB37
 1050 002c 10000000 		.4byte	.LFE37-.LFB37
 1051 0030 00000000 		.4byte	.LFB38
 1052 0034 10000000 		.4byte	.LFE38-.LFB38
 1053 0038 00000000 		.4byte	.LFB39
 1054 003c 10000000 		.4byte	.LFE39-.LFB39
 1055 0040 00000000 		.4byte	.LFB40
 1056 0044 10000000 		.4byte	.LFE40-.LFB40
 1057 0048 00000000 		.4byte	.LFB41
 1058 004c 10000000 		.4byte	.LFE41-.LFB41
 1059 0050 00000000 		.4byte	.LFB42
 1060 0054 10000000 		.4byte	.LFE42-.LFB42
 1061 0058 00000000 		.4byte	0
 1062 005c 00000000 		.4byte	0
 1063              		.section	.debug_ranges,"",%progbits
 1064              	.Ldebug_ranges0:
 1065 0000 00000000 		.4byte	.LFB34
 1066 0004 22000000 		.4byte	.LFE34
 1067 0008 00000000 		.4byte	.LFB35
 1068 000c 10000000 		.4byte	.LFE35
 1069 0010 00000000 		.4byte	.LFB36
 1070 0014 10000000 		.4byte	.LFE36
 1071 0018 00000000 		.4byte	.LFB37
 1072 001c 10000000 		.4byte	.LFE37
 1073 0020 00000000 		.4byte	.LFB38
 1074 0024 10000000 		.4byte	.LFE38
 1075 0028 00000000 		.4byte	.LFB39
 1076 002c 10000000 		.4byte	.LFE39
 1077 0030 00000000 		.4byte	.LFB40
 1078 0034 10000000 		.4byte	.LFE40
 1079 0038 00000000 		.4byte	.LFB41
 1080 003c 10000000 		.4byte	.LFE41
 1081 0040 00000000 		.4byte	.LFB42
 1082 0044 10000000 		.4byte	.LFE42
 1083 0048 00000000 		.4byte	0
 1084 004c 00000000 		.4byte	0
 1085              		.section	.debug_line,"",%progbits
 1086              	.Ldebug_line0:
 1087 0000 05010000 		.section	.debug_str,"MS",%progbits,1
 1087      02006700 
 1087      00000201 
 1087      FB0E0D00 
 1087      01010101 
 1088              	.LASF28:
 1089 0000 50696E5F 		.ascii	"Pin_2_Write\000"
 1089      325F5772 
 1089      69746500 
 1090              	.LASF14:
 1091 000c 70696E31 		.ascii	"pin1\000"
 1091      00
 1092              	.LASF19:
 1093 0011 73746167 		.ascii	"stage_1\000"
 1093      655F3100 
ARM GAS  C:\Users\manko\AppData\Local\Temp\cc3vRZs7.s 			page 21


 1094              	.LASF20:
 1095 0019 73746167 		.ascii	"stage_2\000"
 1095      655F3200 
 1096              	.LASF21:
 1097 0021 73746167 		.ascii	"stage_3\000"
 1097      655F3300 
 1098              	.LASF22:
 1099 0029 73746167 		.ascii	"stage_4\000"
 1099      655F3400 
 1100              	.LASF23:
 1101 0031 73746167 		.ascii	"stage_5\000"
 1101      655F3500 
 1102              	.LASF24:
 1103 0039 73746167 		.ascii	"stage_6\000"
 1103      655F3600 
 1104              	.LASF25:
 1105 0041 73746167 		.ascii	"stage_7\000"
 1105      655F3700 
 1106              	.LASF26:
 1107 0049 73746167 		.ascii	"stage_8\000"
 1107      655F3800 
 1108              	.LASF34:
 1109 0051 73746167 		.ascii	"stage_list\000"
 1109      655F6C69 
 1109      737400
 1110              	.LASF30:
 1111 005c 50696E5F 		.ascii	"Pin_4_Write\000"
 1111      345F5772 
 1111      69746500 
 1112              	.LASF9:
 1113 0068 666C6F61 		.ascii	"float\000"
 1113      7400
 1114              	.LASF1:
 1115 006e 756E7369 		.ascii	"unsigned char\000"
 1115      676E6564 
 1115      20636861 
 1115      7200
 1116              	.LASF5:
 1117 007c 6C6F6E67 		.ascii	"long unsigned int\000"
 1117      20756E73 
 1117      69676E65 
 1117      6420696E 
 1117      7400
 1118              	.LASF3:
 1119 008e 73686F72 		.ascii	"short unsigned int\000"
 1119      7420756E 
 1119      7369676E 
 1119      65642069 
 1119      6E7400
 1120              	.LASF29:
 1121 00a1 50696E5F 		.ascii	"Pin_3_Write\000"
 1121      335F5772 
 1121      69746500 
 1122              	.LASF32:
 1123 00ad 73746167 		.ascii	"stage_rotor.c\000"
 1123      655F726F 
 1123      746F722E 
ARM GAS  C:\Users\manko\AppData\Local\Temp\cc3vRZs7.s 			page 22


 1123      6300
 1124              	.LASF10:
 1125 00bb 646F7562 		.ascii	"double\000"
 1125      6C6500
 1126              	.LASF8:
 1127 00c2 756E7369 		.ascii	"unsigned int\000"
 1127      676E6564 
 1127      20696E74 
 1127      00
 1128              	.LASF7:
 1129 00cf 6C6F6E67 		.ascii	"long long unsigned int\000"
 1129      206C6F6E 
 1129      6720756E 
 1129      7369676E 
 1129      65642069 
 1130              	.LASF31:
 1131 00e6 474E5520 		.ascii	"GNU C11 5.4.1 20160609 (release) [ARM/embedded-5-br"
 1131      43313120 
 1131      352E342E 
 1131      31203230 
 1131      31363036 
 1132 0119 616E6368 		.ascii	"anch revision 237715] -mcpu=cortex-m0 -mthumb -g -O"
 1132      20726576 
 1132      6973696F 
 1132      6E203233 
 1132      37373135 
 1133 014c 67202D66 		.ascii	"g -ffunction-sections -ffat-lto-objects\000"
 1133      66756E63 
 1133      74696F6E 
 1133      2D736563 
 1133      74696F6E 
 1134              	.LASF13:
 1135 0174 73697A65 		.ascii	"sizetype\000"
 1135      74797065 
 1135      00
 1136              	.LASF6:
 1137 017d 6C6F6E67 		.ascii	"long long int\000"
 1137      206C6F6E 
 1137      6720696E 
 1137      7400
 1138              	.LASF11:
 1139 018b 63686172 		.ascii	"char\000"
 1139      00
 1140              	.LASF15:
 1141 0190 70696E32 		.ascii	"pin2\000"
 1141      00
 1142              	.LASF2:
 1143 0195 73686F72 		.ascii	"short int\000"
 1143      7420696E 
 1143      7400
 1144              	.LASF33:
 1145 019f 443A5C4C 		.ascii	"D:\\Lab5.cydsn\000"
 1145      6162352E 
 1145      63796473 
 1145      6E00
 1146              	.LASF18:
 1147 01ad 7365745F 		.ascii	"set_stage\000"
ARM GAS  C:\Users\manko\AppData\Local\Temp\cc3vRZs7.s 			page 23


 1147      73746167 
 1147      6500
 1148              	.LASF4:
 1149 01b7 6C6F6E67 		.ascii	"long int\000"
 1149      20696E74 
 1149      00
 1150              	.LASF12:
 1151 01c0 6C6F6E67 		.ascii	"long double\000"
 1151      20646F75 
 1151      626C6500 
 1152              	.LASF0:
 1153 01cc 7369676E 		.ascii	"signed char\000"
 1153      65642063 
 1153      68617200 
 1154              	.LASF27:
 1155 01d8 50696E5F 		.ascii	"Pin_1_Write\000"
 1155      315F5772 
 1155      69746500 
 1156              	.LASF16:
 1157 01e4 70696E33 		.ascii	"pin3\000"
 1157      00
 1158              	.LASF17:
 1159 01e9 70696E34 		.ascii	"pin4\000"
 1159      00
 1160              		.ident	"GCC: (GNU Tools for ARM Embedded Processors) 5.4.1 20160609 (release) [ARM/embedded-5-bran
