ARM GAS  C:\Users\manko\AppData\Local\Temp\ccciVSnT.s 			page 1


   1              		.syntax unified
   2              		.cpu cortex-m0
   3              		.fpu softvfp
   4              		.eabi_attribute 20, 1
   5              		.eabi_attribute 21, 1
   6              		.eabi_attribute 23, 3
   7              		.eabi_attribute 24, 1
   8              		.eabi_attribute 25, 1
   9              		.eabi_attribute 26, 1
  10              		.eabi_attribute 30, 1
  11              		.eabi_attribute 34, 0
  12              		.eabi_attribute 18, 4
  13              		.thumb
  14              		.syntax unified
  15              		.file	"protocol.c"
  16              		.text
  17              	.Ltext0:
  18              		.cfi_sections	.debug_frame
  19              		.section	.text.protocol_init,"ax",%progbits
  20              		.align	2
  21              		.global	protocol_init
  22              		.code	16
  23              		.thumb_func
  24              		.type	protocol_init, %function
  25              	protocol_init:
  26              	.LFB34:
  27              		.file 1 "protocol.c"
   1:protocol.c    **** #include "lab.h"
   2:protocol.c    **** 
   3:protocol.c    **** //Функція ініціалізації яка викликається один раз для 
   4:protocol.c    **** void protocol_init(void){
  28              		.loc 1 4 0
  29              		.cfi_startproc
  30              		@ args = 0, pretend = 0, frame = 0
  31              		@ frame_needed = 0, uses_anonymous_args = 0
  32 0000 10B5     		push	{r4, lr}
  33              		.cfi_def_cfa_offset 8
  34              		.cfi_offset 4, -8
  35              		.cfi_offset 14, -4
   5:protocol.c    ****     algorithm_init();
  36              		.loc 1 5 0
  37 0002 FFF7FEFF 		bl	algorithm_init
  38              	.LVL0:
   6:protocol.c    ****     lcd_init();
  39              		.loc 1 6 0
  40 0006 FFF7FEFF 		bl	lcd_init
  41              	.LVL1:
   7:protocol.c    ****     enc_init();
  42              		.loc 1 7 0
  43 000a FFF7FEFF 		bl	enc_init
  44              	.LVL2:
   8:protocol.c    **** }...
  45              		.loc 1 8 0
  46              		@ sp needed
  47 000e 10BD     		pop	{r4, pc}
  48              		.cfi_endproc
  49              	.LFE34:
ARM GAS  C:\Users\manko\AppData\Local\Temp\ccciVSnT.s 			page 2


  50              		.size	protocol_init, .-protocol_init
  51              		.text
  52              	.Letext0:
  53              		.file 2 "algorithm.h"
  54              		.file 3 "lcd_traffic_light.h"
  55              		.section	.debug_info,"",%progbits
  56              	.Ldebug_info0:
  57 0000 DD000000 		.4byte	0xdd
  58 0004 0400     		.2byte	0x4
  59 0006 00000000 		.4byte	.Ldebug_abbrev0
  60 000a 04       		.byte	0x4
  61 000b 01       		.uleb128 0x1
  62 000c 84000000 		.4byte	.LASF17
  63 0010 0C       		.byte	0xc
  64 0011 5F010000 		.4byte	.LASF18
  65 0015 73010000 		.4byte	.LASF19
  66 0019 00000000 		.4byte	.Ldebug_ranges0+0
  67 001d 00000000 		.4byte	0
  68 0021 00000000 		.4byte	.Ldebug_line0
  69 0025 02       		.uleb128 0x2
  70 0026 01       		.byte	0x1
  71 0027 06       		.byte	0x6
  72 0028 25010000 		.4byte	.LASF0
  73 002c 02       		.uleb128 0x2
  74 002d 01       		.byte	0x1
  75 002e 08       		.byte	0x8
  76 002f 41000000 		.4byte	.LASF1
  77 0033 02       		.uleb128 0x2
  78 0034 02       		.byte	0x2
  79 0035 05       		.byte	0x5
  80 0036 46010000 		.4byte	.LASF2
  81 003a 02       		.uleb128 0x2
  82 003b 02       		.byte	0x2
  83 003c 07       		.byte	0x7
  84 003d 12010000 		.4byte	.LASF3
  85 0041 02       		.uleb128 0x2
  86 0042 04       		.byte	0x4
  87 0043 05       		.byte	0x5
  88 0044 7B000000 		.4byte	.LASF4
  89 0048 02       		.uleb128 0x2
  90 0049 04       		.byte	0x4
  91 004a 07       		.byte	0x7
  92 004b 62000000 		.4byte	.LASF5
  93 004f 02       		.uleb128 0x2
  94 0050 08       		.byte	0x8
  95 0051 05       		.byte	0x5
  96 0052 00000000 		.4byte	.LASF6
  97 0056 02       		.uleb128 0x2
  98 0057 08       		.byte	0x8
  99 0058 07       		.byte	0x7
 100 0059 24000000 		.4byte	.LASF7
 101 005d 03       		.uleb128 0x3
 102 005e 04       		.byte	0x4
 103 005f 05       		.byte	0x5
 104 0060 696E7400 		.ascii	"int\000"
 105 0064 02       		.uleb128 0x2
 106 0065 04       		.byte	0x4
ARM GAS  C:\Users\manko\AppData\Local\Temp\ccciVSnT.s 			page 3


 107 0066 07       		.byte	0x7
 108 0067 0E000000 		.4byte	.LASF8
 109 006b 02       		.uleb128 0x2
 110 006c 04       		.byte	0x4
 111 006d 04       		.byte	0x4
 112 006e 3B000000 		.4byte	.LASF9
 113 0072 02       		.uleb128 0x2
 114 0073 08       		.byte	0x8
 115 0074 04       		.byte	0x4
 116 0075 74000000 		.4byte	.LASF10
 117 0079 02       		.uleb128 0x2
 118 007a 01       		.byte	0x1
 119 007b 08       		.byte	0x8
 120 007c 4F000000 		.4byte	.LASF11
 121 0080 02       		.uleb128 0x2
 122 0081 08       		.byte	0x8
 123 0082 04       		.byte	0x4
 124 0083 3A010000 		.4byte	.LASF12
 125 0087 02       		.uleb128 0x2
 126 0088 04       		.byte	0x4
 127 0089 07       		.byte	0x7
 128 008a 6A010000 		.4byte	.LASF13
 129 008e 04       		.uleb128 0x4
 130 008f 54000000 		.4byte	.LASF20
 131 0093 01       		.byte	0x1
 132 0094 04       		.byte	0x4
 133 0095 00000000 		.4byte	.LFB34
 134 0099 10000000 		.4byte	.LFE34-.LFB34
 135 009d 01       		.uleb128 0x1
 136 009e 9C       		.byte	0x9c
 137 009f BF000000 		.4byte	0xbf
 138 00a3 05       		.uleb128 0x5
 139 00a4 06000000 		.4byte	.LVL0
 140 00a8 BF000000 		.4byte	0xbf
 141 00ac 05       		.uleb128 0x5
 142 00ad 0A000000 		.4byte	.LVL1
 143 00b1 CA000000 		.4byte	0xca
 144 00b5 05       		.uleb128 0x5
 145 00b6 0E000000 		.4byte	.LVL2
 146 00ba D5000000 		.4byte	0xd5
 147 00be 00       		.byte	0
 148 00bf 06       		.uleb128 0x6
 149 00c0 50010000 		.4byte	.LASF14
 150 00c4 50010000 		.4byte	.LASF14
 151 00c8 02       		.byte	0x2
 152 00c9 05       		.byte	0x5
 153 00ca 06       		.uleb128 0x6
 154 00cb 31010000 		.4byte	.LASF15
 155 00cf 31010000 		.4byte	.LASF15
 156 00d3 03       		.byte	0x3
 157 00d4 05       		.byte	0x5
 158 00d5 06       		.uleb128 0x6
 159 00d6 1B000000 		.4byte	.LASF16
 160 00da 1B000000 		.4byte	.LASF16
 161 00de 03       		.byte	0x3
 162 00df 06       		.byte	0x6
 163 00e0 00       		.byte	0
ARM GAS  C:\Users\manko\AppData\Local\Temp\ccciVSnT.s 			page 4


 164              		.section	.debug_abbrev,"",%progbits
 165              	.Ldebug_abbrev0:
 166 0000 01       		.uleb128 0x1
 167 0001 11       		.uleb128 0x11
 168 0002 01       		.byte	0x1
 169 0003 25       		.uleb128 0x25
 170 0004 0E       		.uleb128 0xe
 171 0005 13       		.uleb128 0x13
 172 0006 0B       		.uleb128 0xb
 173 0007 03       		.uleb128 0x3
 174 0008 0E       		.uleb128 0xe
 175 0009 1B       		.uleb128 0x1b
 176 000a 0E       		.uleb128 0xe
 177 000b 55       		.uleb128 0x55
 178 000c 17       		.uleb128 0x17
 179 000d 11       		.uleb128 0x11
 180 000e 01       		.uleb128 0x1
 181 000f 10       		.uleb128 0x10
 182 0010 17       		.uleb128 0x17
 183 0011 00       		.byte	0
 184 0012 00       		.byte	0
 185 0013 02       		.uleb128 0x2
 186 0014 24       		.uleb128 0x24
 187 0015 00       		.byte	0
 188 0016 0B       		.uleb128 0xb
 189 0017 0B       		.uleb128 0xb
 190 0018 3E       		.uleb128 0x3e
 191 0019 0B       		.uleb128 0xb
 192 001a 03       		.uleb128 0x3
 193 001b 0E       		.uleb128 0xe
 194 001c 00       		.byte	0
 195 001d 00       		.byte	0
 196 001e 03       		.uleb128 0x3
 197 001f 24       		.uleb128 0x24
 198 0020 00       		.byte	0
 199 0021 0B       		.uleb128 0xb
 200 0022 0B       		.uleb128 0xb
 201 0023 3E       		.uleb128 0x3e
 202 0024 0B       		.uleb128 0xb
 203 0025 03       		.uleb128 0x3
 204 0026 08       		.uleb128 0x8
 205 0027 00       		.byte	0
 206 0028 00       		.byte	0
 207 0029 04       		.uleb128 0x4
 208 002a 2E       		.uleb128 0x2e
 209 002b 01       		.byte	0x1
 210 002c 3F       		.uleb128 0x3f
 211 002d 19       		.uleb128 0x19
 212 002e 03       		.uleb128 0x3
 213 002f 0E       		.uleb128 0xe
 214 0030 3A       		.uleb128 0x3a
 215 0031 0B       		.uleb128 0xb
 216 0032 3B       		.uleb128 0x3b
 217 0033 0B       		.uleb128 0xb
 218 0034 27       		.uleb128 0x27
 219 0035 19       		.uleb128 0x19
 220 0036 11       		.uleb128 0x11
ARM GAS  C:\Users\manko\AppData\Local\Temp\ccciVSnT.s 			page 5


 221 0037 01       		.uleb128 0x1
 222 0038 12       		.uleb128 0x12
 223 0039 06       		.uleb128 0x6
 224 003a 40       		.uleb128 0x40
 225 003b 18       		.uleb128 0x18
 226 003c 9742     		.uleb128 0x2117
 227 003e 19       		.uleb128 0x19
 228 003f 01       		.uleb128 0x1
 229 0040 13       		.uleb128 0x13
 230 0041 00       		.byte	0
 231 0042 00       		.byte	0
 232 0043 05       		.uleb128 0x5
 233 0044 898201   		.uleb128 0x4109
 234 0047 00       		.byte	0
 235 0048 11       		.uleb128 0x11
 236 0049 01       		.uleb128 0x1
 237 004a 31       		.uleb128 0x31
 238 004b 13       		.uleb128 0x13
 239 004c 00       		.byte	0
 240 004d 00       		.byte	0
 241 004e 06       		.uleb128 0x6
 242 004f 2E       		.uleb128 0x2e
 243 0050 00       		.byte	0
 244 0051 3F       		.uleb128 0x3f
 245 0052 19       		.uleb128 0x19
 246 0053 3C       		.uleb128 0x3c
 247 0054 19       		.uleb128 0x19
 248 0055 6E       		.uleb128 0x6e
 249 0056 0E       		.uleb128 0xe
 250 0057 03       		.uleb128 0x3
 251 0058 0E       		.uleb128 0xe
 252 0059 3A       		.uleb128 0x3a
 253 005a 0B       		.uleb128 0xb
 254 005b 3B       		.uleb128 0x3b
 255 005c 0B       		.uleb128 0xb
 256 005d 00       		.byte	0
 257 005e 00       		.byte	0
 258 005f 00       		.byte	0
 259              		.section	.debug_aranges,"",%progbits
 260 0000 1C000000 		.4byte	0x1c
 261 0004 0200     		.2byte	0x2
 262 0006 00000000 		.4byte	.Ldebug_info0
 263 000a 04       		.byte	0x4
 264 000b 00       		.byte	0
 265 000c 0000     		.2byte	0
 266 000e 0000     		.2byte	0
 267 0010 00000000 		.4byte	.LFB34
 268 0014 10000000 		.4byte	.LFE34-.LFB34
 269 0018 00000000 		.4byte	0
 270 001c 00000000 		.4byte	0
 271              		.section	.debug_ranges,"",%progbits
 272              	.Ldebug_ranges0:
 273 0000 00000000 		.4byte	.LFB34
 274 0004 10000000 		.4byte	.LFE34
 275 0008 00000000 		.4byte	0
 276 000c 00000000 		.4byte	0
 277              		.section	.debug_line,"",%progbits
ARM GAS  C:\Users\manko\AppData\Local\Temp\ccciVSnT.s 			page 6


 278              	.Ldebug_line0:
 279 0000 5E000000 		.section	.debug_str,"MS",%progbits,1
 279      02004700 
 279      00000201 
 279      FB0E0D00 
 279      01010101 
 280              	.LASF6:
 281 0000 6C6F6E67 		.ascii	"long long int\000"
 281      206C6F6E 
 281      6720696E 
 281      7400
 282              	.LASF8:
 283 000e 756E7369 		.ascii	"unsigned int\000"
 283      676E6564 
 283      20696E74 
 283      00
 284              	.LASF16:
 285 001b 656E635F 		.ascii	"enc_init\000"
 285      696E6974 
 285      00
 286              	.LASF7:
 287 0024 6C6F6E67 		.ascii	"long long unsigned int\000"
 287      206C6F6E 
 287      6720756E 
 287      7369676E 
 287      65642069 
 288              	.LASF9:
 289 003b 666C6F61 		.ascii	"float\000"
 289      7400
 290              	.LASF1:
 291 0041 756E7369 		.ascii	"unsigned char\000"
 291      676E6564 
 291      20636861 
 291      7200
 292              	.LASF11:
 293 004f 63686172 		.ascii	"char\000"
 293      00
 294              	.LASF20:
 295 0054 70726F74 		.ascii	"protocol_init\000"
 295      6F636F6C 
 295      5F696E69 
 295      7400
 296              	.LASF5:
 297 0062 6C6F6E67 		.ascii	"long unsigned int\000"
 297      20756E73 
 297      69676E65 
 297      6420696E 
 297      7400
 298              	.LASF10:
 299 0074 646F7562 		.ascii	"double\000"
 299      6C6500
 300              	.LASF4:
 301 007b 6C6F6E67 		.ascii	"long int\000"
 301      20696E74 
 301      00
 302              	.LASF17:
 303 0084 474E5520 		.ascii	"GNU C11 5.4.1 20160609 (release) [ARM/embedded-5-br"
ARM GAS  C:\Users\manko\AppData\Local\Temp\ccciVSnT.s 			page 7


 303      43313120 
 303      352E342E 
 303      31203230 
 303      31363036 
 304 00b7 616E6368 		.ascii	"anch revision 237715] -mcpu=cortex-m0 -mthumb -g -O"
 304      20726576 
 304      6973696F 
 304      6E203233 
 304      37373135 
 305 00ea 67202D66 		.ascii	"g -ffunction-sections -ffat-lto-objects\000"
 305      66756E63 
 305      74696F6E 
 305      2D736563 
 305      74696F6E 
 306              	.LASF3:
 307 0112 73686F72 		.ascii	"short unsigned int\000"
 307      7420756E 
 307      7369676E 
 307      65642069 
 307      6E7400
 308              	.LASF0:
 309 0125 7369676E 		.ascii	"signed char\000"
 309      65642063 
 309      68617200 
 310              	.LASF15:
 311 0131 6C63645F 		.ascii	"lcd_init\000"
 311      696E6974 
 311      00
 312              	.LASF12:
 313 013a 6C6F6E67 		.ascii	"long double\000"
 313      20646F75 
 313      626C6500 
 314              	.LASF2:
 315 0146 73686F72 		.ascii	"short int\000"
 315      7420696E 
 315      7400
 316              	.LASF14:
 317 0150 616C676F 		.ascii	"algorithm_init\000"
 317      72697468 
 317      6D5F696E 
 317      697400
 318              	.LASF18:
 319 015f 70726F74 		.ascii	"protocol.c\000"
 319      6F636F6C 
 319      2E6300
 320              	.LASF13:
 321 016a 73697A65 		.ascii	"sizetype\000"
 321      74797065 
 321      00
 322              	.LASF19:
 323 0173 443A5C75 		.ascii	"D:\\university-files\\5th semester\\microcontroller"
 323      6E697665 
 323      72736974 
 323      792D6669 
 323      6C65735C 
 324 01a3 735C4C61 		.ascii	"s\\Lab3_V3.cydsn\000"
 324      62335F56 
ARM GAS  C:\Users\manko\AppData\Local\Temp\ccciVSnT.s 			page 8


 324      332E6379 
 324      64736E00 
 325              		.ident	"GCC: (GNU Tools for ARM Embedded Processors) 5.4.1 20160609 (release) [ARM/embedded-5-bran
